gplink-0.13.6 alpha
Copyright (c) 1998-2005 gputils project
Listing File Generated: 6-28-2011  17:26:00
 
 
Address  Value    Disassembly              Source
-------  -----    -----------              ------
                                           ;--------------------------------------------------------
                                           ; File Created by SDCC : free open source ANSI-C Compiler
                                           ; Version 2.9.7 #5938 (Aug 21 2010) (MINGW32)
                                           ; This file was generated Tue Jun 28 17:25:59 2011
                                           ;--------------------------------------------------------
                                           ; PIC16 port for the Microchip 16-bit core micros
                                           ;--------------------------------------------------------
                                           	list	p=18f2550
                                           
                                           	radix dec
                                           
                                           ;--------------------------------------------------------
                                           ; public variables in this module
                                           ;--------------------------------------------------------
                                           	global _Delayms
                                           	global _Delayus
                                           	global _digitalwrite
                                           	global _digitalread
                                           	global _pinmode
                                           	global _toggle
                                           	global _epap_in
                                           	global _epap_out
                                           	global _epapin_init
                                           	global _epapout_init
                                           	global _setup
                                           	global _loop
                                           	global _pinguino_main
                                           	global _high_priority_isr
                                           	global _low_priority_isr
                                           	global _mask
                                           	global _port
                                           
                                           ;--------------------------------------------------------
                                           ; extern variables in this module
                                           ;--------------------------------------------------------
                                           	extern _SPPDATAbits
                                           	extern _SPPCFGbits
                                           	extern _SPPEPSbits
                                           	extern _SPPCONbits
                                           	extern _UFRMLbits
                                           	extern _UFRMHbits
                                           	extern _UIRbits
                                           	extern _UIEbits
                                           	extern _UEIRbits
                                           	extern _UEIEbits
                                           	extern _USTATbits
                                           	extern _UCONbits
                                           	extern _UADDRbits
                                           	extern _UCFGbits
                                           	extern _UEP0bits
                                           	extern _UEP1bits
                                           	extern _UEP2bits
                                           	extern _UEP3bits
                                           	extern _UEP4bits
                                           	extern _UEP5bits
                                           	extern _UEP6bits
                                           	extern _UEP7bits
                                           	extern _UEP8bits
                                           	extern _UEP9bits
                                           	extern _UEP10bits
                                           	extern _UEP11bits
                                           	extern _UEP12bits
                                           	extern _UEP13bits
                                           	extern _UEP14bits
                                           	extern _UEP15bits
                                           	extern _PORTAbits
                                           	extern _PORTBbits
                                           	extern _PORTCbits
                                           	extern _PORTDbits
                                           	extern _PORTEbits
                                           	extern _LATAbits
                                           	extern _LATBbits
                                           	extern _LATCbits
                                           	extern _LATDbits
                                           	extern _LATEbits
                                           	extern _TRISAbits
                                           	extern _TRISBbits
                                           	extern _TRISCbits
                                           	extern _TRISDbits
                                           	extern _TRISEbits
                                           	extern _OSCTUNEbits
                                           	extern _PIE1bits
                                           	extern _PIR1bits
                                           	extern _IPR1bits
                                           	extern _PIE2bits
                                           	extern _PIR2bits
                                           	extern _IPR2bits
                                           	extern _EECON1bits
                                           	extern _RCSTAbits
                                           	extern _TXSTAbits
                                           	extern _T3CONbits
                                           	extern _CMCONbits
                                           	extern _CVRCONbits
                                           	extern _ECCP1ASbits
                                           	extern _ECCP1DELbits
                                           	extern _BAUDCONbits
                                           	extern _CCP2CONbits
                                           	extern _CCP1CONbits
                                           	extern _ADCON2bits
                                           	extern _ADCON1bits
                                           	extern _ADCON0bits
                                           	extern _SSPCON2bits
                                           	extern _SSPCON1bits
                                           	extern _SSPSTATbits
                                           	extern _T2CONbits
                                           	extern _T1CONbits
                                           	extern _RCONbits
                                           	extern _WDTCONbits
                                           	extern _HLVDCONbits
                                           	extern _OSCCONbits
                                           	extern _T0CONbits
                                           	extern _STATUSbits
                                           	extern _FSR2Hbits
                                           	extern _BSRbits
                                           	extern _FSR1Hbits
                                           	extern _FSR0Hbits
                                           	extern _INTCON3bits
                                           	extern _INTCON2bits
                                           	extern _INTCONbits
                                           	extern _TBLPTRUbits
                                           	extern _PCLATHbits
                                           	extern _PCLATUbits
                                           	extern _STKPTRbits
                                           	extern _TOSUbits
                                           	extern _usb_device_state
                                           	extern _usb_active_cfg
                                           	extern _usb_active_alt_setting
                                           	extern _SPPDATA
                                           	extern _SPPCFG
                                           	extern _SPPEPS
                                           	extern _SPPCON
                                           	extern _UFRML
                                           	extern _UFRMH
                                           	extern _UIR
                                           	extern _UIE
                                           	extern _UEIR
                                           	extern _UEIE
                                           	extern _USTAT
                                           	extern _UCON
                                           	extern _UADDR
                                           	extern _UCFG
                                           	extern _UEP0
                                           	extern _UEP1
                                           	extern _UEP2
                                           	extern _UEP3
                                           	extern _UEP4
                                           	extern _UEP5
                                           	extern _UEP6
                                           	extern _UEP7
                                           	extern _UEP8
                                           	extern _UEP9
                                           	extern _UEP10
                                           	extern _UEP11
                                           	extern _UEP12
                                           	extern _UEP13
                                           	extern _UEP14
                                           	extern _UEP15
                                           	extern _PORTA
                                           	extern _PORTB
                                           	extern _PORTC
                                           	extern _PORTD
                                           	extern _PORTE
                                           	extern _LATA
                                           	extern _LATB
                                           	extern _LATC
                                           	extern _LATD
                                           	extern _LATE
                                           	extern _TRISA
                                           	extern _TRISB
                                           	extern _TRISC
                                           	extern _TRISD
                                           	extern _TRISE
                                           	extern _OSCTUNE
                                           	extern _PIE1
                                           	extern _PIR1
                                           	extern _IPR1
                                           	extern _PIE2
                                           	extern _PIR2
                                           	extern _IPR2
                                           	extern _EECON1
                                           	extern _EECON2
                                           	extern _EEDATA
                                           	extern _EEADR
                                           	extern _RCSTA
                                           	extern _TXSTA
                                           	extern _TXREG
                                           	extern _RCREG
                                           	extern _SPBRG
                                           	extern _SPBRGH
                                           	extern _T3CON
                                           	extern _TMR3L
                                           	extern _TMR3H
                                           	extern _CMCON
                                           	extern _CVRCON
                                           	extern _ECCP1AS
                                           	extern _ECCP1DEL
                                           	extern _BAUDCON
                                           	extern _CCP2CON
                                           	extern _CCPR2L
                                           	extern _CCPR2H
                                           	extern _CCP1CON
                                           	extern _CCPR1L
                                           	extern _CCPR1H
                                           	extern _ADCON2
                                           	extern _ADCON1
                                           	extern _ADCON0
                                           	extern _ADRESL
                                           	extern _ADRESH
                                           	extern _SSPCON2
                                           	extern _SSPCON1
                                           	extern _SSPSTAT
                                           	extern _SSPADD
                                           	extern _SSPBUF
                                           	extern _T2CON
                                           	extern _PR2
                                           	extern _TMR2
                                           	extern _T1CON
                                           	extern _TMR1L
                                           	extern _TMR1H
                                           	extern _RCON
                                           	extern _WDTCON
                                           	extern _HLVDCON
                                           	extern _OSCCON
                                           	extern _T0CON
                                           	extern _TMR0L
                                           	extern _TMR0H
                                           	extern _STATUS
                                           	extern _FSR2L
                                           	extern _FSR2H
                                           	extern _PLUSW2
                                           	extern _PREINC2
                                           	extern _POSTDEC2
                                           	extern _POSTINC2
                                           	extern _INDF2
                                           	extern _BSR
                                           	extern _FSR1L
                                           	extern _FSR1H
                                           	extern _PLUSW1
                                           	extern _PREINC1
                                           	extern _POSTDEC1
                                           	extern _POSTINC1
                                           	extern _INDF1
                                           	extern _WREG
                                           	extern _FSR0L
                                           	extern _FSR0H
                                           	extern _PLUSW0
                                           	extern _PREINC0
                                           	extern _POSTDEC0
                                           	extern _POSTINC0
                                           	extern _INDF0
                                           	extern _INTCON3
                                           	extern _INTCON2
                                           	extern _INTCON
                                           	extern _PRODL
                                           	extern _PRODH
                                           	extern _TABLAT
                                           	extern _TBLPTRL
                                           	extern _TBLPTRH
                                           	extern _TBLPTRU
                                           	extern _PCL
                                           	extern _PCLATH
                                           	extern _PCLATU
                                           	extern _STKPTR
                                           	extern _TOSL
                                           	extern _TOSH
                                           	extern _TOSU
                                           	extern _delay10ktcy
                                           ;--------------------------------------------------------
                                           ;	Equates to used internal registers
                                           ;--------------------------------------------------------
                                           STATUS	equ	0xfd8
                                           PCL	equ	0xff9
                                           PCLATH	equ	0xffa
                                           PCLATU	equ	0xffb
                                           WREG	equ	0xfe8
                                           BSR	equ	0xfe0
                                           TBLPTRL	equ	0xff6
                                           TBLPTRH	equ	0xff7
                                           TBLPTRU	equ	0xff8
                                           TABLAT	equ	0xff5
                                           FSR0L	equ	0xfe9
                                           FSR0H	equ	0xfea
                                           FSR1L	equ	0xfe1
                                           FSR2L	equ	0xfd9
                                           POSTDEC1	equ	0xfe5
                                           PREINC1	equ	0xfe4
                                           PLUSW2	equ	0xfdb
                                           PRODL	equ	0xff3
                                           PRODH	equ	0xff4
                                           
                                           
                                           ; Internal registers
                                           .registers	udata_ovr	0x0000
                                           r0x00	res	1
                                           r0x01	res	1
                                           r0x02	res	1
                                           r0x03	res	1
                                           r0x04	res	1
                                           r0x05	res	1
                                           r0x06	res	1
                                           r0x07	res	1
                                           r0x08	res	1
                                           
                                           ;--------------------------------------------------------
                                           ; global & static initialisations
                                           ;--------------------------------------------------------
                                           ; ; Starting pCode block
                                           S_main__high_priority_isr	code	0X002020
                                           _high_priority_isr:
                                           ;	.line	129; E:\source\main.c	void high_priority_isr(void) interrupt
002020   cfe8     movff	0xfe8, 0xfe5       	MOVFF	WREG, POSTDEC1
002022   ffe5
002024   cfd8     movff	0xfd8, 0xfe5       	MOVFF	STATUS, POSTDEC1
002026   ffe5
002028   cfe0     movff	0xfe0, 0xfe5       	MOVFF	BSR, POSTDEC1
00202a   ffe5
00202c   cff3     movff	0xff3, 0xfe5       	MOVFF	PRODL, POSTDEC1
00202e   ffe5
002030   cff4     movff	0xff4, 0xfe5       	MOVFF	PRODH, POSTDEC1
002032   ffe5
002034   cfe9     movff	0xfe9, 0xfe5       	MOVFF	FSR0L, POSTDEC1
002036   ffe5
002038   cfea     movff	0xfea, 0xfe5       	MOVFF	FSR0H, POSTDEC1
00203a   ffe5
00203c   cffa     movff	0xffa, 0xfe5       	MOVFF	PCLATH, POSTDEC1
00203e   ffe5
002040   cffb     movff	0xffb, 0xfe5       	MOVFF	PCLATU, POSTDEC1
002042   ffe5
                                           ;	.line	190; E:\source\main.c	}
002044   cfe4     movff	0xfe4, 0xffb       	MOVFF	PREINC1, PCLATU
002046   fffb
002048   cfe4     movff	0xfe4, 0xffa       	MOVFF	PREINC1, PCLATH
00204a   fffa
00204c   cfe4     movff	0xfe4, 0xfea       	MOVFF	PREINC1, FSR0H
00204e   ffea
002050   cfe4     movff	0xfe4, 0xfe9       	MOVFF	PREINC1, FSR0L
002052   ffe9
002054   cfe4     movff	0xfe4, 0xff4       	MOVFF	PREINC1, PRODH
002056   fff4
002058   cfe4     movff	0xfe4, 0xff3       	MOVFF	PREINC1, PRODL
00205a   fff3
00205c   cfe4     movff	0xfe4, 0xfe0       	MOVFF	PREINC1, BSR
00205e   ffe0
002060   cfe4     movff	0xfe4, 0xfd8       	MOVFF	PREINC1, STATUS
002062   ffd8
002064   cfe4     movff	0xfe4, 0xfe8       	MOVFF	PREINC1, WREG
002066   ffe8
002068   0010     retfie	0                 	RETFIE	
                                           
                                           ; ; Starting pCode block
                                           S_main__low_priority_isr	code	0X004000
                                           _low_priority_isr:
                                           ;	.line	193; E:\source\main.c	void low_priority_isr(void) interrupt
004000   cfe8     movff	0xfe8, 0xfe5       	MOVFF	WREG, POSTDEC1
004002   ffe5
004004   cfd8     movff	0xfd8, 0xfe5       	MOVFF	STATUS, POSTDEC1
004006   ffe5
004008   cfe0     movff	0xfe0, 0xfe5       	MOVFF	BSR, POSTDEC1
00400a   ffe5
00400c   cff3     movff	0xff3, 0xfe5       	MOVFF	PRODL, POSTDEC1
00400e   ffe5
004010   cff4     movff	0xff4, 0xfe5       	MOVFF	PRODH, POSTDEC1
004012   ffe5
004014   cfe9     movff	0xfe9, 0xfe5       	MOVFF	FSR0L, POSTDEC1
004016   ffe5
004018   cfea     movff	0xfea, 0xfe5       	MOVFF	FSR0H, POSTDEC1
00401a   ffe5
00401c   cffa     movff	0xffa, 0xfe5       	MOVFF	PCLATH, POSTDEC1
00401e   ffe5
004020   cffb     movff	0xffb, 0xfe5       	MOVFF	PCLATU, POSTDEC1
004022   ffe5
                                           ;	.line	198; E:\source\main.c	}
004024   cfe4     movff	0xfe4, 0xffb       	MOVFF	PREINC1, PCLATU
004026   fffb
004028   cfe4     movff	0xfe4, 0xffa       	MOVFF	PREINC1, PCLATH
00402a   fffa
00402c   cfe4     movff	0xfe4, 0xfea       	MOVFF	PREINC1, FSR0H
00402e   ffea
004030   cfe4     movff	0xfe4, 0xfe9       	MOVFF	PREINC1, FSR0L
004032   ffe9
004034   cfe4     movff	0xfe4, 0xff4       	MOVFF	PREINC1, PRODH
004036   fff4
004038   cfe4     movff	0xfe4, 0xff3       	MOVFF	PREINC1, PRODL
00403a   fff3
00403c   cfe4     movff	0xfe4, 0xfe0       	MOVFF	PREINC1, BSR
00403e   ffe0
004040   cfe4     movff	0xfe4, 0xfd8       	MOVFF	PREINC1, STATUS
004042   ffd8
004044   cfe4     movff	0xfe4, 0xfe8       	MOVFF	PREINC1, WREG
004046   ffe8
004048   0010     retfie	0                 	RETFIE	
                                           
                                           ; I code from now on!
                                           ; ; Starting pCode block
                                           S_main__pinguino_main	code
                                           _pinguino_main:
                                           ;	.line	57; E:\source\main.c	PIE1 = 0;
002b40   6a9d     clrf	0x9d, 0             	CLRF	_PIE1
                                           ;	.line	58; E:\source\main.c	PIE2 = 0;
002b42   6aa0     clrf	0xa0, 0             	CLRF	_PIE2
                                           ;	.line	59; E:\source\main.c	ADCON1 = 0b00001111;				// AN0 to AN12 Digital I/O
002b44   0e0f     movlw	0xf                	MOVLW	0x0f
002b46   6ec1     movwf	0xc1, 0            	MOVWF	_ADCON1
                                           ;	.line	71; E:\source\main.c	setup();
002b48   ecaa     call	0x2b54, 0           	CALL	_setup
002b4a   f015
                                           _00244_DS_:
                                           ;	.line	123; E:\source\main.c	loop();
002b4c   ec6e     call	0x2adc, 0           	CALL	_loop
002b4e   f015
002b50   d7fd     bra	0x2b4c               	BRA	_00244_DS_
002b52   0012     return	0                 	RETURN	
                                           
                                           ; ; Starting pCode block
                                           S_main__loop	code
                                           _loop:
                                           ;	.line	17; E:\source\/user.c	digitalwrite(13, LOW);    
002adc   6ae5     clrf	0xe5, 0             	CLRF	POSTDEC1
002ade   0e01     movlw	0x1                	MOVLW	0x01
002ae0   6ee5     movwf	0xe5, 0            	MOVWF	POSTDEC1
002ae2   6ae5     clrf	0xe5, 0             	CLRF	POSTDEC1
002ae4   0e0d     movlw	0xd                	MOVLW	0x0d
002ae6   6ee5     movwf	0xe5, 0            	MOVWF	POSTDEC1
002ae8   ecd0     call	0x25a0, 0           	CALL	_digitalwrite
002aea   f012
002aec   0e04     movlw	0x4                	MOVLW	0x04
002aee   26e1     addwf	0xe1, 0x1, 0       	ADDWF	FSR1L, F
                                           ;	.line	19; E:\source\/user.c	}
002af0   6ae5     clrf	0xe5, 0             	CLRF	POSTDEC1
002af2   6ae5     clrf	0xe5, 0             	CLRF	POSTDEC1
002af4   6ae5     clrf	0xe5, 0             	CLRF	POSTDEC1
002af6   0e64     movlw	0x64               	MOVLW	0x64
002af8   6ee5     movwf	0xe5, 0            	MOVWF	POSTDEC1
002afa   ec7f     call	0x28fe, 0           	CALL	_Delayms
002afc   f014
002afe   0e04     movlw	0x4                	MOVLW	0x04
002b00   26e1     addwf	0xe1, 0x1, 0       	ADDWF	FSR1L, F
                                           ;	.line	21; E:\source\/user.c	ERROR: no line number 21 in file E:\source\/user.c
002b02   6ae5     clrf	0xe5, 0             	CLRF	POSTDEC1
002b04   6ae5     clrf	0xe5, 0             	CLRF	POSTDEC1
002b06   6ae5     clrf	0xe5, 0             	CLRF	POSTDEC1
002b08   0e0d     movlw	0xd                	MOVLW	0x0d
002b0a   6ee5     movwf	0xe5, 0            	MOVWF	POSTDEC1
002b0c   ecd0     call	0x25a0, 0           	CALL	_digitalwrite
002b0e   f012
002b10   0e04     movlw	0x4                	MOVLW	0x04
002b12   26e1     addwf	0xe1, 0x1, 0       	ADDWF	FSR1L, F
                                           ;	.line	23; E:\source\/user.c	ERROR: no line number 23 in file E:\source\/user.c
002b14   6ae5     clrf	0xe5, 0             	CLRF	POSTDEC1
002b16   6ae5     clrf	0xe5, 0             	CLRF	POSTDEC1
002b18   6ae5     clrf	0xe5, 0             	CLRF	POSTDEC1
002b1a   0e64     movlw	0x64               	MOVLW	0x64
002b1c   6ee5     movwf	0xe5, 0            	MOVWF	POSTDEC1
002b1e   ec7f     call	0x28fe, 0           	CALL	_Delayms
002b20   f014
002b22   0e04     movlw	0x4                	MOVLW	0x04
002b24   26e1     addwf	0xe1, 0x1, 0       	ADDWF	FSR1L, F
002b26   0012     return	0                 	RETURN	
                                           
                                           ; ; Starting pCode block
                                           S_main__setup	code
                                           _setup:
                                           ;	.line	13; E:\source\/user.c	
002b54   6ae5     clrf	0xe5, 0             	CLRF	POSTDEC1
002b56   6ae5     clrf	0xe5, 0             	CLRF	POSTDEC1
002b58   6ae5     clrf	0xe5, 0             	CLRF	POSTDEC1
002b5a   0e0d     movlw	0xd                	MOVLW	0x0d
002b5c   6ee5     movwf	0xe5, 0            	MOVWF	POSTDEC1
002b5e   ecd5     call	0x23aa, 0           	CALL	_pinmode
002b60   f011
002b62   0e04     movlw	0x4                	MOVLW	0x04
002b64   26e1     addwf	0xe1, 0x1, 0       	ADDWF	FSR1L, F
002b66   0012     return	0                 	RETURN	
                                           
                                           ; ; Starting pCode block
                                           S_main__epapout_init	code
                                           _epapout_init:
                                           ;	.line	45; E:\source\main.c	void epapout_init() { return; }
002b78   0012     return	0                 	RETURN	
                                           
                                           ; ; Starting pCode block
                                           S_main__epapin_init	code
                                           _epapin_init:
                                           ;	.line	44; E:\source\main.c	void epapin_init() { return; }
002b7a   0012     return	0                 	RETURN	
                                           
                                           ; ; Starting pCode block
                                           S_main__epap_out	code
                                           _epap_out:
                                           ;	.line	43; E:\source\main.c	void epap_out() { return; }
002b7c   0012     return	0                 	RETURN	
                                           
                                           ; ; Starting pCode block
                                           S_main__epap_in	code
                                           _epap_in:
                                           ;	.line	42; E:\source\main.c	void epap_in() { return; }
002b7e   0012     return	0                 	RETURN	
                                           
                                           ; ; Starting pCode block
                                           S_main__toggle	code
                                           _toggle:
                                           ;	.line	93; E:/p8/share/sdcc/include/pic16/digitalw.c	void toggle(u8 pin)
002a32   cfd9     movff	0xfd9, 0xfe5       	MOVFF	FSR2L, POSTDEC1
002a34   ffe5
002a36   cfe1     movff	0xfe1, 0xfd9       	MOVFF	FSR1L, FSR2L
002a38   ffd9
002a3a   c000     movff	0, 0xfe5           	MOVFF	r0x00, POSTDEC1
002a3c   ffe5
002a3e   c001     movff	0x1, 0xfe5         	MOVFF	r0x01, POSTDEC1
002a40   ffe5
002a42   c002     movff	0x2, 0xfe5         	MOVFF	r0x02, POSTDEC1
002a44   ffe5
002a46   0e02     movlw	0x2                	MOVLW	0x02
002a48   cfdb     movff	0xfdb, 0           	MOVFF	PLUSW2, r0x00
002a4a   f000
                                           ;	.line	96; E:/p8/share/sdcc/include/pic16/digitalw.c	val = digitalread(pin);
002a4c   6a01     clrf	0x1, 0              	CLRF	r0x01
002a4e   6ae5     clrf	0xe5, 0             	CLRF	POSTDEC1
002a50   5000     movf	0, 0, 0             	MOVF	r0x00, W
002a52   6ee5     movwf	0xe5, 0            	MOVWF	POSTDEC1
002a54   eccb     call	0x2796, 0           	CALL	_digitalread
002a56   f013
002a58   6e02     movwf	0x2, 0             	MOVWF	r0x02
002a5a   0e02     movlw	0x2                	MOVLW	0x02
002a5c   26e1     addwf	0xe1, 0x1, 0       	ADDWF	FSR1L, F
                                           ;	.line	97; E:/p8/share/sdcc/include/pic16/digitalw.c	digitalwrite(pin, val^1);
002a5e   0e01     movlw	0x1                	MOVLW	0x01
002a60   1a02     xorwf	0x2, 0x1, 0        	XORWF	r0x02, F
002a62   6ae5     clrf	0xe5, 0             	CLRF	POSTDEC1
002a64   5002     movf	0x2, 0, 0           	MOVF	r0x02, W
002a66   6ee5     movwf	0xe5, 0            	MOVWF	POSTDEC1
002a68   5001     movf	0x1, 0, 0           	MOVF	r0x01, W
002a6a   6ee5     movwf	0xe5, 0            	MOVWF	POSTDEC1
002a6c   5000     movf	0, 0, 0             	MOVF	r0x00, W
002a6e   6ee5     movwf	0xe5, 0            	MOVWF	POSTDEC1
002a70   ecd0     call	0x25a0, 0           	CALL	_digitalwrite
002a72   f012
002a74   0e04     movlw	0x4                	MOVLW	0x04
002a76   26e1     addwf	0xe1, 0x1, 0       	ADDWF	FSR1L, F
002a78   cfe4     movff	0xfe4, 0x2         	MOVFF	PREINC1, r0x02
002a7a   f002
002a7c   cfe4     movff	0xfe4, 0x1         	MOVFF	PREINC1, r0x01
002a7e   f001
002a80   cfe4     movff	0xfe4, 0           	MOVFF	PREINC1, r0x00
002a82   f000
002a84   cfe4     movff	0xfe4, 0xfd9       	MOVFF	PREINC1, FSR2L
002a86   ffd9
002a88   0012     return	0                 	RETURN	
                                           
                                           ; ; Starting pCode block
                                           S_main__pinmode	code
                                           _pinmode:
                                           ;	.line	69; E:/p8/share/sdcc/include/pic16/digitalw.c	void pinmode(int input, int state)
0023aa   cfd9     movff	0xfd9, 0xfe5       	MOVFF	FSR2L, POSTDEC1
0023ac   ffe5
0023ae   cfe1     movff	0xfe1, 0xfd9       	MOVFF	FSR1L, FSR2L
0023b0   ffd9
0023b2   c000     movff	0, 0xfe5           	MOVFF	r0x00, POSTDEC1
0023b4   ffe5
0023b6   c001     movff	0x1, 0xfe5         	MOVFF	r0x01, POSTDEC1
0023b8   ffe5
0023ba   c002     movff	0x2, 0xfe5         	MOVFF	r0x02, POSTDEC1
0023bc   ffe5
0023be   c003     movff	0x3, 0xfe5         	MOVFF	r0x03, POSTDEC1
0023c0   ffe5
0023c2   c004     movff	0x4, 0xfe5         	MOVFF	r0x04, POSTDEC1
0023c4   ffe5
0023c6   c005     movff	0x5, 0xfe5         	MOVFF	r0x05, POSTDEC1
0023c8   ffe5
0023ca   c006     movff	0x6, 0xfe5         	MOVFF	r0x06, POSTDEC1
0023cc   ffe5
0023ce   0e02     movlw	0x2                	MOVLW	0x02
0023d0   cfdb     movff	0xfdb, 0           	MOVFF	PLUSW2, r0x00
0023d2   f000
0023d4   0e03     movlw	0x3                	MOVLW	0x03
0023d6   cfdb     movff	0xfdb, 0x1         	MOVFF	PLUSW2, r0x01
0023d8   f001
0023da   0e04     movlw	0x4                	MOVLW	0x04
0023dc   cfdb     movff	0xfdb, 0x2         	MOVFF	PLUSW2, r0x02
0023de   f002
0023e0   0e05     movlw	0x5                	MOVLW	0x05
0023e2   cfdb     movff	0xfdb, 0x3         	MOVFF	PLUSW2, r0x03
0023e4   f003
                                           ;	.line	71; E:/p8/share/sdcc/include/pic16/digitalw.c	switch (port[input])
0023e6   0e98     movlw	0x98               	MOVLW	LOW(_port)
0023e8   2400     addwf	0, 0, 0            	ADDWF	r0x00, W
0023ea   6e04     movwf	0x4, 0             	MOVWF	r0x04
0023ec   0e23     movlw	0x23               	MOVLW	HIGH(_port)
0023ee   2001     addwfc	0x1, 0, 0         	ADDWFC	r0x01, W
0023f0   6e05     movwf	0x5, 0             	MOVWF	r0x05
0023f2   6a06     clrf	0x6, 0              	CLRF	r0x06
0023f4   be01     btfsc	0x1, 0x7, 0        	BTFSC	r0x01, 7
0023f6   6806     setf	0x6, 0              	SETF	r0x06
0023f8   0e00     movlw	0                  	MOVLW	UPPER(_port)
0023fa   2206     addwfc	0x6, 0x1, 0       	ADDWFC	r0x06, F
0023fc   c004     movff	0x4, 0xff6         	MOVFF	r0x04, TBLPTRL
0023fe   fff6
002400   c005     movff	0x5, 0xff7         	MOVFF	r0x05, TBLPTRH
002402   fff7
002404   c006     movff	0x6, 0xff8         	MOVFF	r0x06, TBLPTRU
002406   fff8
002408   0009     tblrd	*+                 	TBLRD*+	
00240a   cff5     movff	0xff5, 0x4         	MOVFF	TABLAT, r0x04
00240c   f004
00240e   0e03     movlw	0x3                	MOVLW	0x03
002410   5c04     subwf	0x4, 0, 0          	SUBWF	r0x04, W
002412   b0d8     btfsc	0xd8, 0, 0         	BTFSC	STATUS, 0
002414   d0b4     bra	0x257e               	BRA	_00196_DS_
002416   c007     movff	0x7, 0xfe5         	MOVFF	r0x07, POSTDEC1
002418   ffe5
00241a   c008     movff	0x8, 0xfe5         	MOVFF	r0x08, POSTDEC1
00241c   ffe5
00241e   6a08     clrf	0x8, 0              	CLRF	r0x08
002420   3404     rlcf	0x4, 0, 0           	RLCF	r0x04, W
002422   3608     rlcf	0x8, 0x1, 0         	RLCF	r0x08, F
002424   34e8     rlcf	0xe8, 0, 0          	RLCF	WREG, W
002426   3608     rlcf	0x8, 0x1, 0         	RLCF	r0x08, F
002428   0bfc     andlw	0xfc               	ANDLW	0xfc
00242a   6e07     movwf	0x7, 0             	MOVWF	r0x07
00242c   0e00     movlw	0                  	MOVLW	UPPER(_00203_DS_)
00242e   6efb     movwf	0xfb, 0            	MOVWF	PCLATU
002430   0e24     movlw	0x24               	MOVLW	HIGH(_00203_DS_)
002432   6efa     movwf	0xfa, 0            	MOVWF	PCLATH
002434   0e4c     movlw	0x4c               	MOVLW	LOW(_00203_DS_)
002436   2607     addwf	0x7, 0x1, 0        	ADDWF	r0x07, F
002438   5008     movf	0x8, 0, 0           	MOVF	r0x08, W
00243a   22fa     addwfc	0xfa, 0x1, 0      	ADDWFC	PCLATH, F
00243c   b0d8     btfsc	0xd8, 0, 0         	BTFSC	STATUS, 0
00243e   2afb     incf	0xfb, 0x1, 0        	INCF	PCLATU, F
002440   5007     movf	0x7, 0, 0           	MOVF	r0x07, W
002442   cfe4     movff	0xfe4, 0x8         	MOVFF	PREINC1, r0x08
002444   f008
002446   cfe4     movff	0xfe4, 0x7         	MOVFF	PREINC1, r0x07
002448   f007
00244a   6ef9     movwf	0xf9, 0            	MOVWF	PCL
                                           _00203_DS_:
00244c   ef2c     goto	0x2458              	GOTO	_00183_DS_
00244e   f012
002450   ef5e     goto	0x24bc              	GOTO	_00187_DS_
002452   f012
002454   ef90     goto	0x2520              	GOTO	_00191_DS_
002456   f012
                                           _00183_DS_:
                                           ;	.line	73; E:/p8/share/sdcc/include/pic16/digitalw.c	case 0: if (state) TRISB=TRISB | mask[input];
002458   5002     movf	0x2, 0, 0           	MOVF	r0x02, W
00245a   1003     iorwf	0x3, 0, 0          	IORWF	r0x03, W
00245c   e017     bz	0x248c                	BZ	_00185_DS_
00245e   0e86     movlw	0x86               	MOVLW	LOW(_mask)
002460   2400     addwf	0, 0, 0            	ADDWF	r0x00, W
002462   6e04     movwf	0x4, 0             	MOVWF	r0x04
002464   0e23     movlw	0x23               	MOVLW	HIGH(_mask)
002466   2001     addwfc	0x1, 0, 0         	ADDWFC	r0x01, W
002468   6e05     movwf	0x5, 0             	MOVWF	r0x05
00246a   6a06     clrf	0x6, 0              	CLRF	r0x06
00246c   be01     btfsc	0x1, 0x7, 0        	BTFSC	r0x01, 7
00246e   6806     setf	0x6, 0              	SETF	r0x06
002470   0e00     movlw	0                  	MOVLW	UPPER(_mask)
002472   2206     addwfc	0x6, 0x1, 0       	ADDWFC	r0x06, F
002474   c004     movff	0x4, 0xff6         	MOVFF	r0x04, TBLPTRL
002476   fff6
002478   c005     movff	0x5, 0xff7         	MOVFF	r0x05, TBLPTRH
00247a   fff7
00247c   c006     movff	0x6, 0xff8         	MOVFF	r0x06, TBLPTRU
00247e   fff8
002480   0009     tblrd	*+                 	TBLRD*+	
002482   cff5     movff	0xff5, 0x4         	MOVFF	TABLAT, r0x04
002484   f004
002486   5004     movf	0x4, 0, 0           	MOVF	r0x04, W
002488   1293     iorwf	0x93, 0x1, 0       	IORWF	_TRISB, F
00248a   d079     bra	0x257e               	BRA	_00196_DS_
                                           _00185_DS_:
                                           ;	.line	74; E:/p8/share/sdcc/include/pic16/digitalw.c	else TRISB=TRISB & (255-mask[input]);
00248c   0e86     movlw	0x86               	MOVLW	LOW(_mask)
00248e   2400     addwf	0, 0, 0            	ADDWF	r0x00, W
002490   6e04     movwf	0x4, 0             	MOVWF	r0x04
002492   0e23     movlw	0x23               	MOVLW	HIGH(_mask)
002494   2001     addwfc	0x1, 0, 0         	ADDWFC	r0x01, W
002496   6e05     movwf	0x5, 0             	MOVWF	r0x05
002498   6a06     clrf	0x6, 0              	CLRF	r0x06
00249a   be01     btfsc	0x1, 0x7, 0        	BTFSC	r0x01, 7
00249c   6806     setf	0x6, 0              	SETF	r0x06
00249e   0e00     movlw	0                  	MOVLW	UPPER(_mask)
0024a0   2206     addwfc	0x6, 0x1, 0       	ADDWFC	r0x06, F
0024a2   c004     movff	0x4, 0xff6         	MOVFF	r0x04, TBLPTRL
0024a4   fff6
0024a6   c005     movff	0x5, 0xff7         	MOVFF	r0x05, TBLPTRH
0024a8   fff7
0024aa   c006     movff	0x6, 0xff8         	MOVFF	r0x06, TBLPTRU
0024ac   fff8
0024ae   0009     tblrd	*+                 	TBLRD*+	
0024b0   cff5     movff	0xff5, 0x4         	MOVFF	TABLAT, r0x04
0024b2   f004
0024b4   5004     movf	0x4, 0, 0           	MOVF	r0x04, W
0024b6   08ff     sublw	0xff               	SUBLW	0xff
                                           ; #	MOVWF	r0x04
                                           ; #	MOVF	r0x04, W
0024b8   1693     andwf	0x93, 0x1, 0       	ANDWF	_TRISB, F
                                           ;	.line	75; E:/p8/share/sdcc/include/pic16/digitalw.c	break;
0024ba   d061     bra	0x257e               	BRA	_00196_DS_
                                           _00187_DS_:
                                           ;	.line	76; E:/p8/share/sdcc/include/pic16/digitalw.c	case 1: if (state) TRISC=TRISC | mask[input];
0024bc   5002     movf	0x2, 0, 0           	MOVF	r0x02, W
0024be   1003     iorwf	0x3, 0, 0          	IORWF	r0x03, W
0024c0   e017     bz	0x24f0                	BZ	_00189_DS_
0024c2   0e86     movlw	0x86               	MOVLW	LOW(_mask)
0024c4   2400     addwf	0, 0, 0            	ADDWF	r0x00, W
0024c6   6e04     movwf	0x4, 0             	MOVWF	r0x04
0024c8   0e23     movlw	0x23               	MOVLW	HIGH(_mask)
0024ca   2001     addwfc	0x1, 0, 0         	ADDWFC	r0x01, W
0024cc   6e05     movwf	0x5, 0             	MOVWF	r0x05
0024ce   6a06     clrf	0x6, 0              	CLRF	r0x06
0024d0   be01     btfsc	0x1, 0x7, 0        	BTFSC	r0x01, 7
0024d2   6806     setf	0x6, 0              	SETF	r0x06
0024d4   0e00     movlw	0                  	MOVLW	UPPER(_mask)
0024d6   2206     addwfc	0x6, 0x1, 0       	ADDWFC	r0x06, F
0024d8   c004     movff	0x4, 0xff6         	MOVFF	r0x04, TBLPTRL
0024da   fff6
0024dc   c005     movff	0x5, 0xff7         	MOVFF	r0x05, TBLPTRH
0024de   fff7
0024e0   c006     movff	0x6, 0xff8         	MOVFF	r0x06, TBLPTRU
0024e2   fff8
0024e4   0009     tblrd	*+                 	TBLRD*+	
0024e6   cff5     movff	0xff5, 0x4         	MOVFF	TABLAT, r0x04
0024e8   f004
0024ea   5004     movf	0x4, 0, 0           	MOVF	r0x04, W
0024ec   1294     iorwf	0x94, 0x1, 0       	IORWF	_TRISC, F
0024ee   d047     bra	0x257e               	BRA	_00196_DS_
                                           _00189_DS_:
                                           ;	.line	77; E:/p8/share/sdcc/include/pic16/digitalw.c	else TRISC=TRISC & (255-mask[input]);
0024f0   0e86     movlw	0x86               	MOVLW	LOW(_mask)
0024f2   2400     addwf	0, 0, 0            	ADDWF	r0x00, W
0024f4   6e04     movwf	0x4, 0             	MOVWF	r0x04
0024f6   0e23     movlw	0x23               	MOVLW	HIGH(_mask)
0024f8   2001     addwfc	0x1, 0, 0         	ADDWFC	r0x01, W
0024fa   6e05     movwf	0x5, 0             	MOVWF	r0x05
0024fc   6a06     clrf	0x6, 0              	CLRF	r0x06
0024fe   be01     btfsc	0x1, 0x7, 0        	BTFSC	r0x01, 7
002500   6806     setf	0x6, 0              	SETF	r0x06
002502   0e00     movlw	0                  	MOVLW	UPPER(_mask)
002504   2206     addwfc	0x6, 0x1, 0       	ADDWFC	r0x06, F
002506   c004     movff	0x4, 0xff6         	MOVFF	r0x04, TBLPTRL
002508   fff6
00250a   c005     movff	0x5, 0xff7         	MOVFF	r0x05, TBLPTRH
00250c   fff7
00250e   c006     movff	0x6, 0xff8         	MOVFF	r0x06, TBLPTRU
002510   fff8
002512   0009     tblrd	*+                 	TBLRD*+	
002514   cff5     movff	0xff5, 0x4         	MOVFF	TABLAT, r0x04
002516   f004
002518   5004     movf	0x4, 0, 0           	MOVF	r0x04, W
00251a   08ff     sublw	0xff               	SUBLW	0xff
                                           ; #	MOVWF	r0x04
                                           ; #	MOVF	r0x04, W
00251c   1694     andwf	0x94, 0x1, 0       	ANDWF	_TRISC, F
                                           ;	.line	78; E:/p8/share/sdcc/include/pic16/digitalw.c	break;
00251e   d02f     bra	0x257e               	BRA	_00196_DS_
                                           _00191_DS_:
                                           ;	.line	79; E:/p8/share/sdcc/include/pic16/digitalw.c	case 2: if (state) TRISA=TRISA | mask[input];
002520   5002     movf	0x2, 0, 0           	MOVF	r0x02, W
002522   1003     iorwf	0x3, 0, 0          	IORWF	r0x03, W
002524   e017     bz	0x2554                	BZ	_00193_DS_
002526   0e86     movlw	0x86               	MOVLW	LOW(_mask)
002528   2400     addwf	0, 0, 0            	ADDWF	r0x00, W
00252a   6e02     movwf	0x2, 0             	MOVWF	r0x02
00252c   0e23     movlw	0x23               	MOVLW	HIGH(_mask)
00252e   2001     addwfc	0x1, 0, 0         	ADDWFC	r0x01, W
002530   6e03     movwf	0x3, 0             	MOVWF	r0x03
002532   6a04     clrf	0x4, 0              	CLRF	r0x04
002534   be01     btfsc	0x1, 0x7, 0        	BTFSC	r0x01, 7
002536   6804     setf	0x4, 0              	SETF	r0x04
002538   0e00     movlw	0                  	MOVLW	UPPER(_mask)
00253a   2204     addwfc	0x4, 0x1, 0       	ADDWFC	r0x04, F
00253c   c002     movff	0x2, 0xff6         	MOVFF	r0x02, TBLPTRL
00253e   fff6
002540   c003     movff	0x3, 0xff7         	MOVFF	r0x03, TBLPTRH
002542   fff7
002544   c004     movff	0x4, 0xff8         	MOVFF	r0x04, TBLPTRU
002546   fff8
002548   0009     tblrd	*+                 	TBLRD*+	
00254a   cff5     movff	0xff5, 0x2         	MOVFF	TABLAT, r0x02
00254c   f002
00254e   5002     movf	0x2, 0, 0           	MOVF	r0x02, W
002550   1292     iorwf	0x92, 0x1, 0       	IORWF	_TRISA, F
002552   d015     bra	0x257e               	BRA	_00196_DS_
                                           _00193_DS_:
                                           ;	.line	80; E:/p8/share/sdcc/include/pic16/digitalw.c	else TRISA=TRISA & (255-mask[input]);
002554   6a02     clrf	0x2, 0              	CLRF	r0x02
002556   be01     btfsc	0x1, 0x7, 0        	BTFSC	r0x01, 7
002558   6802     setf	0x2, 0              	SETF	r0x02
00255a   0e86     movlw	0x86               	MOVLW	LOW(_mask)
00255c   2600     addwf	0, 0x1, 0          	ADDWF	r0x00, F
00255e   0e23     movlw	0x23               	MOVLW	HIGH(_mask)
002560   2201     addwfc	0x1, 0x1, 0       	ADDWFC	r0x01, F
002562   0e00     movlw	0                  	MOVLW	UPPER(_mask)
002564   2202     addwfc	0x2, 0x1, 0       	ADDWFC	r0x02, F
002566   c000     movff	0, 0xff6           	MOVFF	r0x00, TBLPTRL
002568   fff6
00256a   c001     movff	0x1, 0xff7         	MOVFF	r0x01, TBLPTRH
00256c   fff7
00256e   c002     movff	0x2, 0xff8         	MOVFF	r0x02, TBLPTRU
002570   fff8
002572   0009     tblrd	*+                 	TBLRD*+	
002574   cff5     movff	0xff5, 0           	MOVFF	TABLAT, r0x00
002576   f000
002578   5000     movf	0, 0, 0             	MOVF	r0x00, W
00257a   08ff     sublw	0xff               	SUBLW	0xff
                                           ; #	MOVWF	r0x00
                                           ; #	MOVF	r0x00, W
00257c   1692     andwf	0x92, 0x1, 0       	ANDWF	_TRISA, F
                                           _00196_DS_:
                                           ;	.line	90; E:/p8/share/sdcc/include/pic16/digitalw.c	}
00257e   cfe4     movff	0xfe4, 0x6         	MOVFF	PREINC1, r0x06
002580   f006
002582   cfe4     movff	0xfe4, 0x5         	MOVFF	PREINC1, r0x05
002584   f005
002586   cfe4     movff	0xfe4, 0x4         	MOVFF	PREINC1, r0x04
002588   f004
00258a   cfe4     movff	0xfe4, 0x3         	MOVFF	PREINC1, r0x03
00258c   f003
00258e   cfe4     movff	0xfe4, 0x2         	MOVFF	PREINC1, r0x02
002590   f002
002592   cfe4     movff	0xfe4, 0x1         	MOVFF	PREINC1, r0x01
002594   f001
002596   cfe4     movff	0xfe4, 0           	MOVFF	PREINC1, r0x00
002598   f000
00259a   cfe4     movff	0xfe4, 0xfd9       	MOVFF	PREINC1, FSR2L
00259c   ffd9
00259e   0012     return	0                 	RETURN	
                                           
                                           ; ; Starting pCode block
                                           S_main__digitalread	code
                                           _digitalread:
                                           ;	.line	44; E:/p8/share/sdcc/include/pic16/digitalw.c	int digitalread(int input)
002796   cfd9     movff	0xfd9, 0xfe5       	MOVFF	FSR2L, POSTDEC1
002798   ffe5
00279a   cfe1     movff	0xfe1, 0xfd9       	MOVFF	FSR1L, FSR2L
00279c   ffd9
00279e   c000     movff	0, 0xfe5           	MOVFF	r0x00, POSTDEC1
0027a0   ffe5
0027a2   c001     movff	0x1, 0xfe5         	MOVFF	r0x01, POSTDEC1
0027a4   ffe5
0027a6   c002     movff	0x2, 0xfe5         	MOVFF	r0x02, POSTDEC1
0027a8   ffe5
0027aa   c003     movff	0x3, 0xfe5         	MOVFF	r0x03, POSTDEC1
0027ac   ffe5
0027ae   c004     movff	0x4, 0xfe5         	MOVFF	r0x04, POSTDEC1
0027b0   ffe5
0027b2   0e02     movlw	0x2                	MOVLW	0x02
0027b4   cfdb     movff	0xfdb, 0           	MOVFF	PLUSW2, r0x00
0027b6   f000
0027b8   0e03     movlw	0x3                	MOVLW	0x03
0027ba   cfdb     movff	0xfdb, 0x1         	MOVFF	PLUSW2, r0x01
0027bc   f001
                                           ;	.line	46; E:/p8/share/sdcc/include/pic16/digitalw.c	switch (port[input])
0027be   0e98     movlw	0x98               	MOVLW	LOW(_port)
0027c0   2400     addwf	0, 0, 0            	ADDWF	r0x00, W
0027c2   6e02     movwf	0x2, 0             	MOVWF	r0x02
0027c4   0e23     movlw	0x23               	MOVLW	HIGH(_port)
0027c6   2001     addwfc	0x1, 0, 0         	ADDWFC	r0x01, W
0027c8   6e03     movwf	0x3, 0             	MOVWF	r0x03
0027ca   6a04     clrf	0x4, 0              	CLRF	r0x04
0027cc   be01     btfsc	0x1, 0x7, 0        	BTFSC	r0x01, 7
0027ce   6804     setf	0x4, 0              	SETF	r0x04
0027d0   0e00     movlw	0                  	MOVLW	UPPER(_port)
0027d2   2204     addwfc	0x4, 0x1, 0       	ADDWFC	r0x04, F
0027d4   c002     movff	0x2, 0xff6         	MOVFF	r0x02, TBLPTRL
0027d6   fff6
0027d8   c003     movff	0x3, 0xff7         	MOVFF	r0x03, TBLPTRH
0027da   fff7
0027dc   c004     movff	0x4, 0xff8         	MOVFF	r0x04, TBLPTRU
0027de   fff8
0027e0   0009     tblrd	*+                 	TBLRD*+	
0027e2   cff5     movff	0xff5, 0x2         	MOVFF	TABLAT, r0x02
0027e4   f002
0027e6   0e03     movlw	0x3                	MOVLW	0x03
0027e8   5c02     subwf	0x2, 0, 0          	SUBWF	r0x02, W
0027ea   b0d8     btfsc	0xd8, 0, 0         	BTFSC	STATUS, 0
0027ec   d079     bra	0x28e0               	BRA	_00170_DS_
0027ee   c005     movff	0x5, 0xfe5         	MOVFF	r0x05, POSTDEC1
0027f0   ffe5
0027f2   c006     movff	0x6, 0xfe5         	MOVFF	r0x06, POSTDEC1
0027f4   ffe5
0027f6   6a06     clrf	0x6, 0              	CLRF	r0x06
0027f8   3402     rlcf	0x2, 0, 0           	RLCF	r0x02, W
0027fa   3606     rlcf	0x6, 0x1, 0         	RLCF	r0x06, F
0027fc   34e8     rlcf	0xe8, 0, 0          	RLCF	WREG, W
0027fe   3606     rlcf	0x6, 0x1, 0         	RLCF	r0x06, F
002800   0bfc     andlw	0xfc               	ANDLW	0xfc
002802   6e05     movwf	0x5, 0             	MOVWF	r0x05
002804   0e00     movlw	0                  	MOVLW	UPPER(_00178_DS_)
002806   6efb     movwf	0xfb, 0            	MOVWF	PCLATU
002808   0e28     movlw	0x28               	MOVLW	HIGH(_00178_DS_)
00280a   6efa     movwf	0xfa, 0            	MOVWF	PCLATH
00280c   0e24     movlw	0x24               	MOVLW	LOW(_00178_DS_)
00280e   2605     addwf	0x5, 0x1, 0        	ADDWF	r0x05, F
002810   5006     movf	0x6, 0, 0           	MOVF	r0x06, W
002812   22fa     addwfc	0xfa, 0x1, 0      	ADDWFC	PCLATH, F
002814   b0d8     btfsc	0xd8, 0, 0         	BTFSC	STATUS, 0
002816   2afb     incf	0xfb, 0x1, 0        	INCF	PCLATU, F
002818   5005     movf	0x5, 0, 0           	MOVF	r0x05, W
00281a   cfe4     movff	0xfe4, 0x6         	MOVFF	PREINC1, r0x06
00281c   f006
00281e   cfe4     movff	0xfe4, 0x5         	MOVFF	PREINC1, r0x05
002820   f005
002822   6ef9     movwf	0xf9, 0            	MOVWF	PCL
                                           _00178_DS_:
002824   ef18     goto	0x2830              	GOTO	_00158_DS_
002826   f014
002828   ef36     goto	0x286c              	GOTO	_00162_DS_
00282a   f014
00282c   ef54     goto	0x28a8              	GOTO	_00166_DS_
00282e   f014
                                           _00158_DS_:
                                           ;	.line	48; E:/p8/share/sdcc/include/pic16/digitalw.c	case 0: if ((PORTB & mask[input])!=0) return (1);
002830   0e86     movlw	0x86               	MOVLW	LOW(_mask)
002832   2400     addwf	0, 0, 0            	ADDWF	r0x00, W
002834   6e02     movwf	0x2, 0             	MOVWF	r0x02
002836   0e23     movlw	0x23               	MOVLW	HIGH(_mask)
002838   2001     addwfc	0x1, 0, 0         	ADDWFC	r0x01, W
00283a   6e03     movwf	0x3, 0             	MOVWF	r0x03
00283c   6a04     clrf	0x4, 0              	CLRF	r0x04
00283e   be01     btfsc	0x1, 0x7, 0        	BTFSC	r0x01, 7
002840   6804     setf	0x4, 0              	SETF	r0x04
002842   0e00     movlw	0                  	MOVLW	UPPER(_mask)
002844   2204     addwfc	0x4, 0x1, 0       	ADDWFC	r0x04, F
002846   c002     movff	0x2, 0xff6         	MOVFF	r0x02, TBLPTRL
002848   fff6
00284a   c003     movff	0x3, 0xff7         	MOVFF	r0x03, TBLPTRH
00284c   fff7
00284e   c004     movff	0x4, 0xff8         	MOVFF	r0x04, TBLPTRU
002850   fff8
002852   0009     tblrd	*+                 	TBLRD*+	
002854   cff5     movff	0xff5, 0x2         	MOVFF	TABLAT, r0x02
002856   f002
002858   5081     movf	0x81, 0, 0          	MOVF	_PORTB, W
00285a   1602     andwf	0x2, 0x1, 0        	ANDWF	r0x02, F
00285c   5002     movf	0x2, 0, 0           	MOVF	r0x02, W
00285e   e003     bz	0x2866                	BZ	_00160_DS_
002860   6af3     clrf	0xf3, 0             	CLRF	PRODL
002862   0e01     movlw	0x1                	MOVLW	0x01
002864   d03f     bra	0x28e4               	BRA	_00171_DS_
                                           _00160_DS_:
                                           ;	.line	49; E:/p8/share/sdcc/include/pic16/digitalw.c	else return (0);
002866   6af3     clrf	0xf3, 0             	CLRF	PRODL
002868   6ae8     clrf	0xe8, 0             	CLRF	WREG
00286a   d03c     bra	0x28e4               	BRA	_00171_DS_
                                           _00162_DS_:
                                           ;	.line	51; E:/p8/share/sdcc/include/pic16/digitalw.c	case 1: if ((PORTC & mask[input])!=0) return (1);
00286c   0e86     movlw	0x86               	MOVLW	LOW(_mask)
00286e   2400     addwf	0, 0, 0            	ADDWF	r0x00, W
002870   6e02     movwf	0x2, 0             	MOVWF	r0x02
002872   0e23     movlw	0x23               	MOVLW	HIGH(_mask)
002874   2001     addwfc	0x1, 0, 0         	ADDWFC	r0x01, W
002876   6e03     movwf	0x3, 0             	MOVWF	r0x03
002878   6a04     clrf	0x4, 0              	CLRF	r0x04
00287a   be01     btfsc	0x1, 0x7, 0        	BTFSC	r0x01, 7
00287c   6804     setf	0x4, 0              	SETF	r0x04
00287e   0e00     movlw	0                  	MOVLW	UPPER(_mask)
002880   2204     addwfc	0x4, 0x1, 0       	ADDWFC	r0x04, F
002882   c002     movff	0x2, 0xff6         	MOVFF	r0x02, TBLPTRL
002884   fff6
002886   c003     movff	0x3, 0xff7         	MOVFF	r0x03, TBLPTRH
002888   fff7
00288a   c004     movff	0x4, 0xff8         	MOVFF	r0x04, TBLPTRU
00288c   fff8
00288e   0009     tblrd	*+                 	TBLRD*+	
002890   cff5     movff	0xff5, 0x2         	MOVFF	TABLAT, r0x02
002892   f002
002894   5082     movf	0x82, 0, 0          	MOVF	_PORTC, W
002896   1602     andwf	0x2, 0x1, 0        	ANDWF	r0x02, F
002898   5002     movf	0x2, 0, 0           	MOVF	r0x02, W
00289a   e003     bz	0x28a2                	BZ	_00164_DS_
00289c   6af3     clrf	0xf3, 0             	CLRF	PRODL
00289e   0e01     movlw	0x1                	MOVLW	0x01
0028a0   d021     bra	0x28e4               	BRA	_00171_DS_
                                           _00164_DS_:
                                           ;	.line	52; E:/p8/share/sdcc/include/pic16/digitalw.c	else return (0);
0028a2   6af3     clrf	0xf3, 0             	CLRF	PRODL
0028a4   6ae8     clrf	0xe8, 0             	CLRF	WREG
0028a6   d01e     bra	0x28e4               	BRA	_00171_DS_
                                           _00166_DS_:
                                           ;	.line	54; E:/p8/share/sdcc/include/pic16/digitalw.c	case 2: if ((PORTA & mask[input])!=0) return (1);
0028a8   6a02     clrf	0x2, 0              	CLRF	r0x02
0028aa   be01     btfsc	0x1, 0x7, 0        	BTFSC	r0x01, 7
0028ac   6802     setf	0x2, 0              	SETF	r0x02
0028ae   0e86     movlw	0x86               	MOVLW	LOW(_mask)
0028b0   2600     addwf	0, 0x1, 0          	ADDWF	r0x00, F
0028b2   0e23     movlw	0x23               	MOVLW	HIGH(_mask)
0028b4   2201     addwfc	0x1, 0x1, 0       	ADDWFC	r0x01, F
0028b6   0e00     movlw	0                  	MOVLW	UPPER(_mask)
0028b8   2202     addwfc	0x2, 0x1, 0       	ADDWFC	r0x02, F
0028ba   c000     movff	0, 0xff6           	MOVFF	r0x00, TBLPTRL
0028bc   fff6
0028be   c001     movff	0x1, 0xff7         	MOVFF	r0x01, TBLPTRH
0028c0   fff7
0028c2   c002     movff	0x2, 0xff8         	MOVFF	r0x02, TBLPTRU
0028c4   fff8
0028c6   0009     tblrd	*+                 	TBLRD*+	
0028c8   cff5     movff	0xff5, 0           	MOVFF	TABLAT, r0x00
0028ca   f000
0028cc   5080     movf	0x80, 0, 0          	MOVF	_PORTA, W
0028ce   1600     andwf	0, 0x1, 0          	ANDWF	r0x00, F
0028d0   5000     movf	0, 0, 0             	MOVF	r0x00, W
0028d2   e003     bz	0x28da                	BZ	_00168_DS_
0028d4   6af3     clrf	0xf3, 0             	CLRF	PRODL
0028d6   0e01     movlw	0x1                	MOVLW	0x01
0028d8   d005     bra	0x28e4               	BRA	_00171_DS_
                                           _00168_DS_:
                                           ;	.line	55; E:/p8/share/sdcc/include/pic16/digitalw.c	else return (0);
0028da   6af3     clrf	0xf3, 0             	CLRF	PRODL
0028dc   6ae8     clrf	0xe8, 0             	CLRF	WREG
0028de   d002     bra	0x28e4               	BRA	_00171_DS_
                                           _00170_DS_:
                                           ;	.line	66; E:/p8/share/sdcc/include/pic16/digitalw.c	return (0);
0028e0   6af3     clrf	0xf3, 0             	CLRF	PRODL
0028e2   6ae8     clrf	0xe8, 0             	CLRF	WREG
                                           _00171_DS_:
0028e4   cfe4     movff	0xfe4, 0x4         	MOVFF	PREINC1, r0x04
0028e6   f004
0028e8   cfe4     movff	0xfe4, 0x3         	MOVFF	PREINC1, r0x03
0028ea   f003
0028ec   cfe4     movff	0xfe4, 0x2         	MOVFF	PREINC1, r0x02
0028ee   f002
0028f0   cfe4     movff	0xfe4, 0x1         	MOVFF	PREINC1, r0x01
0028f2   f001
0028f4   cfe4     movff	0xfe4, 0           	MOVFF	PREINC1, r0x00
0028f6   f000
0028f8   cfe4     movff	0xfe4, 0xfd9       	MOVFF	PREINC1, FSR2L
0028fa   ffd9
0028fc   0012     return	0                 	RETURN	
                                           
                                           ; ; Starting pCode block
                                           S_main__digitalwrite	code
                                           _digitalwrite:
                                           ;	.line	20; E:/p8/share/sdcc/include/pic16/digitalw.c	void digitalwrite(int output,int state)
0025a0   cfd9     movff	0xfd9, 0xfe5       	MOVFF	FSR2L, POSTDEC1
0025a2   ffe5
0025a4   cfe1     movff	0xfe1, 0xfd9       	MOVFF	FSR1L, FSR2L
0025a6   ffd9
0025a8   c000     movff	0, 0xfe5           	MOVFF	r0x00, POSTDEC1
0025aa   ffe5
0025ac   c001     movff	0x1, 0xfe5         	MOVFF	r0x01, POSTDEC1
0025ae   ffe5
0025b0   c002     movff	0x2, 0xfe5         	MOVFF	r0x02, POSTDEC1
0025b2   ffe5
0025b4   c003     movff	0x3, 0xfe5         	MOVFF	r0x03, POSTDEC1
0025b6   ffe5
0025b8   c004     movff	0x4, 0xfe5         	MOVFF	r0x04, POSTDEC1
0025ba   ffe5
0025bc   c005     movff	0x5, 0xfe5         	MOVFF	r0x05, POSTDEC1
0025be   ffe5
0025c0   c006     movff	0x6, 0xfe5         	MOVFF	r0x06, POSTDEC1
0025c2   ffe5
0025c4   0e02     movlw	0x2                	MOVLW	0x02
0025c6   cfdb     movff	0xfdb, 0           	MOVFF	PLUSW2, r0x00
0025c8   f000
0025ca   0e03     movlw	0x3                	MOVLW	0x03
0025cc   cfdb     movff	0xfdb, 0x1         	MOVFF	PLUSW2, r0x01
0025ce   f001
0025d0   0e04     movlw	0x4                	MOVLW	0x04
0025d2   cfdb     movff	0xfdb, 0x2         	MOVFF	PLUSW2, r0x02
0025d4   f002
0025d6   0e05     movlw	0x5                	MOVLW	0x05
0025d8   cfdb     movff	0xfdb, 0x3         	MOVFF	PLUSW2, r0x03
0025da   f003
                                           ;	.line	22; E:/p8/share/sdcc/include/pic16/digitalw.c	switch (port[output])
0025dc   0e98     movlw	0x98               	MOVLW	LOW(_port)
0025de   2400     addwf	0, 0, 0            	ADDWF	r0x00, W
0025e0   6e04     movwf	0x4, 0             	MOVWF	r0x04
0025e2   0e23     movlw	0x23               	MOVLW	HIGH(_port)
0025e4   2001     addwfc	0x1, 0, 0         	ADDWFC	r0x01, W
0025e6   6e05     movwf	0x5, 0             	MOVWF	r0x05
0025e8   6a06     clrf	0x6, 0              	CLRF	r0x06
0025ea   be01     btfsc	0x1, 0x7, 0        	BTFSC	r0x01, 7
0025ec   6806     setf	0x6, 0              	SETF	r0x06
0025ee   0e00     movlw	0                  	MOVLW	UPPER(_port)
0025f0   2206     addwfc	0x6, 0x1, 0       	ADDWFC	r0x06, F
0025f2   c004     movff	0x4, 0xff6         	MOVFF	r0x04, TBLPTRL
0025f4   fff6
0025f6   c005     movff	0x5, 0xff7         	MOVFF	r0x05, TBLPTRH
0025f8   fff7
0025fa   c006     movff	0x6, 0xff8         	MOVFF	r0x06, TBLPTRU
0025fc   fff8
0025fe   0009     tblrd	*+                 	TBLRD*+	
002600   cff5     movff	0xff5, 0x4         	MOVFF	TABLAT, r0x04
002602   f004
002604   0e03     movlw	0x3                	MOVLW	0x03
002606   5c04     subwf	0x4, 0, 0          	SUBWF	r0x04, W
002608   b0d8     btfsc	0xd8, 0, 0         	BTFSC	STATUS, 0
00260a   d0b4     bra	0x2774               	BRA	_00146_DS_
00260c   c007     movff	0x7, 0xfe5         	MOVFF	r0x07, POSTDEC1
00260e   ffe5
002610   c008     movff	0x8, 0xfe5         	MOVFF	r0x08, POSTDEC1
002612   ffe5
002614   6a08     clrf	0x8, 0              	CLRF	r0x08
002616   3404     rlcf	0x4, 0, 0           	RLCF	r0x04, W
002618   3608     rlcf	0x8, 0x1, 0         	RLCF	r0x08, F
00261a   34e8     rlcf	0xe8, 0, 0          	RLCF	WREG, W
00261c   3608     rlcf	0x8, 0x1, 0         	RLCF	r0x08, F
00261e   0bfc     andlw	0xfc               	ANDLW	0xfc
002620   6e07     movwf	0x7, 0             	MOVWF	r0x07
002622   0e00     movlw	0                  	MOVLW	UPPER(_00153_DS_)
002624   6efb     movwf	0xfb, 0            	MOVWF	PCLATU
002626   0e26     movlw	0x26               	MOVLW	HIGH(_00153_DS_)
002628   6efa     movwf	0xfa, 0            	MOVWF	PCLATH
00262a   0e42     movlw	0x42               	MOVLW	LOW(_00153_DS_)
00262c   2607     addwf	0x7, 0x1, 0        	ADDWF	r0x07, F
00262e   5008     movf	0x8, 0, 0           	MOVF	r0x08, W
002630   22fa     addwfc	0xfa, 0x1, 0      	ADDWFC	PCLATH, F
002632   b0d8     btfsc	0xd8, 0, 0         	BTFSC	STATUS, 0
002634   2afb     incf	0xfb, 0x1, 0        	INCF	PCLATU, F
002636   5007     movf	0x7, 0, 0           	MOVF	r0x07, W
002638   cfe4     movff	0xfe4, 0x8         	MOVFF	PREINC1, r0x08
00263a   f008
00263c   cfe4     movff	0xfe4, 0x7         	MOVFF	PREINC1, r0x07
00263e   f007
002640   6ef9     movwf	0xf9, 0            	MOVWF	PCL
                                           _00153_DS_:
002642   ef27     goto	0x264e              	GOTO	_00133_DS_
002644   f013
002646   ef59     goto	0x26b2              	GOTO	_00137_DS_
002648   f013
00264a   ef8b     goto	0x2716              	GOTO	_00141_DS_
00264c   f013
                                           _00133_DS_:
                                           ;	.line	24; E:/p8/share/sdcc/include/pic16/digitalw.c	case 0: if (state) PORTB=PORTB | mask[output]; 
00264e   5002     movf	0x2, 0, 0           	MOVF	r0x02, W
002650   1003     iorwf	0x3, 0, 0          	IORWF	r0x03, W
002652   e017     bz	0x2682                	BZ	_00135_DS_
002654   0e86     movlw	0x86               	MOVLW	LOW(_mask)
002656   2400     addwf	0, 0, 0            	ADDWF	r0x00, W
002658   6e04     movwf	0x4, 0             	MOVWF	r0x04
00265a   0e23     movlw	0x23               	MOVLW	HIGH(_mask)
00265c   2001     addwfc	0x1, 0, 0         	ADDWFC	r0x01, W
00265e   6e05     movwf	0x5, 0             	MOVWF	r0x05
002660   6a06     clrf	0x6, 0              	CLRF	r0x06
002662   be01     btfsc	0x1, 0x7, 0        	BTFSC	r0x01, 7
002664   6806     setf	0x6, 0              	SETF	r0x06
002666   0e00     movlw	0                  	MOVLW	UPPER(_mask)
002668   2206     addwfc	0x6, 0x1, 0       	ADDWFC	r0x06, F
00266a   c004     movff	0x4, 0xff6         	MOVFF	r0x04, TBLPTRL
00266c   fff6
00266e   c005     movff	0x5, 0xff7         	MOVFF	r0x05, TBLPTRH
002670   fff7
002672   c006     movff	0x6, 0xff8         	MOVFF	r0x06, TBLPTRU
002674   fff8
002676   0009     tblrd	*+                 	TBLRD*+	
002678   cff5     movff	0xff5, 0x4         	MOVFF	TABLAT, r0x04
00267a   f004
00267c   5004     movf	0x4, 0, 0           	MOVF	r0x04, W
00267e   1281     iorwf	0x81, 0x1, 0       	IORWF	_PORTB, F
002680   d079     bra	0x2774               	BRA	_00146_DS_
                                           _00135_DS_:
                                           ;	.line	25; E:/p8/share/sdcc/include/pic16/digitalw.c	else PORTB=PORTB & (255-mask[output]);
002682   0e86     movlw	0x86               	MOVLW	LOW(_mask)
002684   2400     addwf	0, 0, 0            	ADDWF	r0x00, W
002686   6e04     movwf	0x4, 0             	MOVWF	r0x04
002688   0e23     movlw	0x23               	MOVLW	HIGH(_mask)
00268a   2001     addwfc	0x1, 0, 0         	ADDWFC	r0x01, W
00268c   6e05     movwf	0x5, 0             	MOVWF	r0x05
00268e   6a06     clrf	0x6, 0              	CLRF	r0x06
002690   be01     btfsc	0x1, 0x7, 0        	BTFSC	r0x01, 7
002692   6806     setf	0x6, 0              	SETF	r0x06
002694   0e00     movlw	0                  	MOVLW	UPPER(_mask)
002696   2206     addwfc	0x6, 0x1, 0       	ADDWFC	r0x06, F
002698   c004     movff	0x4, 0xff6         	MOVFF	r0x04, TBLPTRL
00269a   fff6
00269c   c005     movff	0x5, 0xff7         	MOVFF	r0x05, TBLPTRH
00269e   fff7
0026a0   c006     movff	0x6, 0xff8         	MOVFF	r0x06, TBLPTRU
0026a2   fff8
0026a4   0009     tblrd	*+                 	TBLRD*+	
0026a6   cff5     movff	0xff5, 0x4         	MOVFF	TABLAT, r0x04
0026a8   f004
0026aa   5004     movf	0x4, 0, 0           	MOVF	r0x04, W
0026ac   08ff     sublw	0xff               	SUBLW	0xff
                                           ; #	MOVWF	r0x04
                                           ; #	MOVF	r0x04, W
0026ae   1681     andwf	0x81, 0x1, 0       	ANDWF	_PORTB, F
                                           ;	.line	26; E:/p8/share/sdcc/include/pic16/digitalw.c	break;
0026b0   d061     bra	0x2774               	BRA	_00146_DS_
                                           _00137_DS_:
                                           ;	.line	27; E:/p8/share/sdcc/include/pic16/digitalw.c	case 1: if (state) PORTC=PORTC | mask[output];
0026b2   5002     movf	0x2, 0, 0           	MOVF	r0x02, W
0026b4   1003     iorwf	0x3, 0, 0          	IORWF	r0x03, W
0026b6   e017     bz	0x26e6                	BZ	_00139_DS_
0026b8   0e86     movlw	0x86               	MOVLW	LOW(_mask)
0026ba   2400     addwf	0, 0, 0            	ADDWF	r0x00, W
0026bc   6e04     movwf	0x4, 0             	MOVWF	r0x04
0026be   0e23     movlw	0x23               	MOVLW	HIGH(_mask)
0026c0   2001     addwfc	0x1, 0, 0         	ADDWFC	r0x01, W
0026c2   6e05     movwf	0x5, 0             	MOVWF	r0x05
0026c4   6a06     clrf	0x6, 0              	CLRF	r0x06
0026c6   be01     btfsc	0x1, 0x7, 0        	BTFSC	r0x01, 7
0026c8   6806     setf	0x6, 0              	SETF	r0x06
0026ca   0e00     movlw	0                  	MOVLW	UPPER(_mask)
0026cc   2206     addwfc	0x6, 0x1, 0       	ADDWFC	r0x06, F
0026ce   c004     movff	0x4, 0xff6         	MOVFF	r0x04, TBLPTRL
0026d0   fff6
0026d2   c005     movff	0x5, 0xff7         	MOVFF	r0x05, TBLPTRH
0026d4   fff7
0026d6   c006     movff	0x6, 0xff8         	MOVFF	r0x06, TBLPTRU
0026d8   fff8
0026da   0009     tblrd	*+                 	TBLRD*+	
0026dc   cff5     movff	0xff5, 0x4         	MOVFF	TABLAT, r0x04
0026de   f004
0026e0   5004     movf	0x4, 0, 0           	MOVF	r0x04, W
0026e2   1282     iorwf	0x82, 0x1, 0       	IORWF	_PORTC, F
0026e4   d047     bra	0x2774               	BRA	_00146_DS_
                                           _00139_DS_:
                                           ;	.line	28; E:/p8/share/sdcc/include/pic16/digitalw.c	else PORTC=PORTC & (255-mask[output]);
0026e6   0e86     movlw	0x86               	MOVLW	LOW(_mask)
0026e8   2400     addwf	0, 0, 0            	ADDWF	r0x00, W
0026ea   6e04     movwf	0x4, 0             	MOVWF	r0x04
0026ec   0e23     movlw	0x23               	MOVLW	HIGH(_mask)
0026ee   2001     addwfc	0x1, 0, 0         	ADDWFC	r0x01, W
0026f0   6e05     movwf	0x5, 0             	MOVWF	r0x05
0026f2   6a06     clrf	0x6, 0              	CLRF	r0x06
0026f4   be01     btfsc	0x1, 0x7, 0        	BTFSC	r0x01, 7
0026f6   6806     setf	0x6, 0              	SETF	r0x06
0026f8   0e00     movlw	0                  	MOVLW	UPPER(_mask)
0026fa   2206     addwfc	0x6, 0x1, 0       	ADDWFC	r0x06, F
0026fc   c004     movff	0x4, 0xff6         	MOVFF	r0x04, TBLPTRL
0026fe   fff6
002700   c005     movff	0x5, 0xff7         	MOVFF	r0x05, TBLPTRH
002702   fff7
002704   c006     movff	0x6, 0xff8         	MOVFF	r0x06, TBLPTRU
002706   fff8
002708   0009     tblrd	*+                 	TBLRD*+	
00270a   cff5     movff	0xff5, 0x4         	MOVFF	TABLAT, r0x04
00270c   f004
00270e   5004     movf	0x4, 0, 0           	MOVF	r0x04, W
002710   08ff     sublw	0xff               	SUBLW	0xff
                                           ; #	MOVWF	r0x04
                                           ; #	MOVF	r0x04, W
002712   1682     andwf	0x82, 0x1, 0       	ANDWF	_PORTC, F
                                           ;	.line	29; E:/p8/share/sdcc/include/pic16/digitalw.c	break;
002714   d02f     bra	0x2774               	BRA	_00146_DS_
                                           _00141_DS_:
                                           ;	.line	30; E:/p8/share/sdcc/include/pic16/digitalw.c	case 2: if (state) PORTA=PORTA | mask[output];
002716   5002     movf	0x2, 0, 0           	MOVF	r0x02, W
002718   1003     iorwf	0x3, 0, 0          	IORWF	r0x03, W
00271a   e017     bz	0x274a                	BZ	_00143_DS_
00271c   0e86     movlw	0x86               	MOVLW	LOW(_mask)
00271e   2400     addwf	0, 0, 0            	ADDWF	r0x00, W
002720   6e02     movwf	0x2, 0             	MOVWF	r0x02
002722   0e23     movlw	0x23               	MOVLW	HIGH(_mask)
002724   2001     addwfc	0x1, 0, 0         	ADDWFC	r0x01, W
002726   6e03     movwf	0x3, 0             	MOVWF	r0x03
002728   6a04     clrf	0x4, 0              	CLRF	r0x04
00272a   be01     btfsc	0x1, 0x7, 0        	BTFSC	r0x01, 7
00272c   6804     setf	0x4, 0              	SETF	r0x04
00272e   0e00     movlw	0                  	MOVLW	UPPER(_mask)
002730   2204     addwfc	0x4, 0x1, 0       	ADDWFC	r0x04, F
002732   c002     movff	0x2, 0xff6         	MOVFF	r0x02, TBLPTRL
002734   fff6
002736   c003     movff	0x3, 0xff7         	MOVFF	r0x03, TBLPTRH
002738   fff7
00273a   c004     movff	0x4, 0xff8         	MOVFF	r0x04, TBLPTRU
00273c   fff8
00273e   0009     tblrd	*+                 	TBLRD*+	
002740   cff5     movff	0xff5, 0x2         	MOVFF	TABLAT, r0x02
002742   f002
002744   5002     movf	0x2, 0, 0           	MOVF	r0x02, W
002746   1280     iorwf	0x80, 0x1, 0       	IORWF	_PORTA, F
002748   d015     bra	0x2774               	BRA	_00146_DS_
                                           _00143_DS_:
                                           ;	.line	31; E:/p8/share/sdcc/include/pic16/digitalw.c	else PORTA=PORTA & (255-mask[output]);
00274a   6a02     clrf	0x2, 0              	CLRF	r0x02
00274c   be01     btfsc	0x1, 0x7, 0        	BTFSC	r0x01, 7
00274e   6802     setf	0x2, 0              	SETF	r0x02
002750   0e86     movlw	0x86               	MOVLW	LOW(_mask)
002752   2600     addwf	0, 0x1, 0          	ADDWF	r0x00, F
002754   0e23     movlw	0x23               	MOVLW	HIGH(_mask)
002756   2201     addwfc	0x1, 0x1, 0       	ADDWFC	r0x01, F
002758   0e00     movlw	0                  	MOVLW	UPPER(_mask)
00275a   2202     addwfc	0x2, 0x1, 0       	ADDWFC	r0x02, F
00275c   c000     movff	0, 0xff6           	MOVFF	r0x00, TBLPTRL
00275e   fff6
002760   c001     movff	0x1, 0xff7         	MOVFF	r0x01, TBLPTRH
002762   fff7
002764   c002     movff	0x2, 0xff8         	MOVFF	r0x02, TBLPTRU
002766   fff8
002768   0009     tblrd	*+                 	TBLRD*+	
00276a   cff5     movff	0xff5, 0           	MOVFF	TABLAT, r0x00
00276c   f000
00276e   5000     movf	0, 0, 0             	MOVF	r0x00, W
002770   08ff     sublw	0xff               	SUBLW	0xff
                                           ; #	MOVWF	r0x00
                                           ; #	MOVF	r0x00, W
002772   1680     andwf	0x80, 0x1, 0       	ANDWF	_PORTA, F
                                           _00146_DS_:
                                           ;	.line	41; E:/p8/share/sdcc/include/pic16/digitalw.c	}
002774   cfe4     movff	0xfe4, 0x6         	MOVFF	PREINC1, r0x06
002776   f006
002778   cfe4     movff	0xfe4, 0x5         	MOVFF	PREINC1, r0x05
00277a   f005
00277c   cfe4     movff	0xfe4, 0x4         	MOVFF	PREINC1, r0x04
00277e   f004
002780   cfe4     movff	0xfe4, 0x3         	MOVFF	PREINC1, r0x03
002782   f003
002784   cfe4     movff	0xfe4, 0x2         	MOVFF	PREINC1, r0x02
002786   f002
002788   cfe4     movff	0xfe4, 0x1         	MOVFF	PREINC1, r0x01
00278a   f001
00278c   cfe4     movff	0xfe4, 0           	MOVFF	PREINC1, r0x00
00278e   f000
002790   cfe4     movff	0xfe4, 0xfd9       	MOVFF	PREINC1, FSR2L
002792   ffd9
002794   0012     return	0                 	RETURN	
                                           
                                           ; ; Starting pCode block
                                           S_main__Delayus	code
                                           _Delayus:
                                           ;	.line	16; E:/p8/share/sdcc/include/pic16/delay.c	void Delayus(int microsecondes)
002a8a   cfd9     movff	0xfd9, 0xfe5       	MOVFF	FSR2L, POSTDEC1
002a8c   ffe5
002a8e   cfe1     movff	0xfe1, 0xfd9       	MOVFF	FSR1L, FSR2L
002a90   ffd9
002a92   c000     movff	0, 0xfe5           	MOVFF	r0x00, POSTDEC1
002a94   ffe5
002a96   c001     movff	0x1, 0xfe5         	MOVFF	r0x01, POSTDEC1
002a98   ffe5
002a9a   c002     movff	0x2, 0xfe5         	MOVFF	r0x02, POSTDEC1
002a9c   ffe5
002a9e   c003     movff	0x3, 0xfe5         	MOVFF	r0x03, POSTDEC1
002aa0   ffe5
002aa2   0e02     movlw	0x2                	MOVLW	0x02
002aa4   cfdb     movff	0xfdb, 0           	MOVFF	PLUSW2, r0x00
002aa6   f000
002aa8   0e03     movlw	0x3                	MOVLW	0x03
002aaa   cfdb     movff	0xfdb, 0x1         	MOVFF	PLUSW2, r0x01
002aac   f001
                                           ;	.line	20; E:/p8/share/sdcc/include/pic16/delay.c	for (i=0;i<microsecondes;i++);
002aae   6a02     clrf	0x2, 0              	CLRF	r0x02
002ab0   6a03     clrf	0x3, 0              	CLRF	r0x03
                                           _00119_DS_:
002ab2   5001     movf	0x1, 0, 0           	MOVF	r0x01, W
002ab4   5c03     subwf	0x3, 0, 0          	SUBWF	r0x03, W
002ab6   e102     bnz	0x2abc               	BNZ	_00128_DS_
002ab8   5000     movf	0, 0, 0             	MOVF	r0x00, W
002aba   5c02     subwf	0x2, 0, 0          	SUBWF	r0x02, W
                                           _00128_DS_:
002abc   e204     bc	0x2ac6                	BC	_00123_DS_
002abe   2a02     incf	0x2, 0x1, 0         	INCF	r0x02, F
002ac0   b0d8     btfsc	0xd8, 0, 0         	BTFSC	STATUS, 0
002ac2   2a03     incf	0x3, 0x1, 0         	INCF	r0x03, F
002ac4   d7f6     bra	0x2ab2               	BRA	_00119_DS_
                                           _00123_DS_:
002ac6   cfe4     movff	0xfe4, 0x3         	MOVFF	PREINC1, r0x03
002ac8   f003
002aca   cfe4     movff	0xfe4, 0x2         	MOVFF	PREINC1, r0x02
002acc   f002
002ace   cfe4     movff	0xfe4, 0x1         	MOVFF	PREINC1, r0x01
002ad0   f001
002ad2   cfe4     movff	0xfe4, 0           	MOVFF	PREINC1, r0x00
002ad4   f000
002ad6   cfe4     movff	0xfe4, 0xfd9       	MOVFF	PREINC1, FSR2L
002ad8   ffd9
002ada   0012     return	0                 	RETURN	
                                           
                                           ; ; Starting pCode block
                                           S_main__Delayms	code
                                           _Delayms:
                                           ;	.line	9; E:/p8/share/sdcc/include/pic16/delay.c	void Delayms(unsigned long milliseconde)
0028fe   cfd9     movff	0xfd9, 0xfe5       	MOVFF	FSR2L, POSTDEC1
002900   ffe5
002902   cfe1     movff	0xfe1, 0xfd9       	MOVFF	FSR1L, FSR2L
002904   ffd9
002906   c000     movff	0, 0xfe5           	MOVFF	r0x00, POSTDEC1
002908   ffe5
00290a   c001     movff	0x1, 0xfe5         	MOVFF	r0x01, POSTDEC1
00290c   ffe5
00290e   c002     movff	0x2, 0xfe5         	MOVFF	r0x02, POSTDEC1
002910   ffe5
002912   c003     movff	0x3, 0xfe5         	MOVFF	r0x03, POSTDEC1
002914   ffe5
002916   c004     movff	0x4, 0xfe5         	MOVFF	r0x04, POSTDEC1
002918   ffe5
00291a   c005     movff	0x5, 0xfe5         	MOVFF	r0x05, POSTDEC1
00291c   ffe5
00291e   c006     movff	0x6, 0xfe5         	MOVFF	r0x06, POSTDEC1
002920   ffe5
002922   c007     movff	0x7, 0xfe5         	MOVFF	r0x07, POSTDEC1
002924   ffe5
002926   0e02     movlw	0x2                	MOVLW	0x02
002928   cfdb     movff	0xfdb, 0           	MOVFF	PLUSW2, r0x00
00292a   f000
00292c   0e03     movlw	0x3                	MOVLW	0x03
00292e   cfdb     movff	0xfdb, 0x1         	MOVFF	PLUSW2, r0x01
002930   f001
002932   0e04     movlw	0x4                	MOVLW	0x04
002934   cfdb     movff	0xfdb, 0x2         	MOVFF	PLUSW2, r0x02
002936   f002
002938   0e05     movlw	0x5                	MOVLW	0x05
00293a   cfdb     movff	0xfdb, 0x3         	MOVFF	PLUSW2, r0x03
00293c   f003
                                           ;	.line	13; E:/p8/share/sdcc/include/pic16/delay.c	for (i=0;i<milliseconde;i++) delay10ktcy(1);
00293e   6a04     clrf	0x4, 0              	CLRF	r0x04
002940   6a05     clrf	0x5, 0              	CLRF	r0x05
002942   6a06     clrf	0x6, 0              	CLRF	r0x06
002944   6a07     clrf	0x7, 0              	CLRF	r0x07
                                           _00105_DS_:
002946   5003     movf	0x3, 0, 0           	MOVF	r0x03, W
002948   5c07     subwf	0x7, 0, 0          	SUBWF	r0x07, W
00294a   e108     bnz	0x295c               	BNZ	_00114_DS_
00294c   5002     movf	0x2, 0, 0           	MOVF	r0x02, W
00294e   5c06     subwf	0x6, 0, 0          	SUBWF	r0x06, W
002950   e105     bnz	0x295c               	BNZ	_00114_DS_
002952   5001     movf	0x1, 0, 0           	MOVF	r0x01, W
002954   5c05     subwf	0x5, 0, 0          	SUBWF	r0x05, W
002956   e102     bnz	0x295c               	BNZ	_00114_DS_
002958   5000     movf	0, 0, 0             	MOVF	r0x00, W
00295a   5c04     subwf	0x4, 0, 0          	SUBWF	r0x04, W
                                           _00114_DS_:
00295c   e20b     bc	0x2974                	BC	_00109_DS_
00295e   0e01     movlw	0x1                	MOVLW	0x01
002960   ec37     call	0x6e, 0             	CALL	_delay10ktcy
002962   f000
002964   2a04     incf	0x4, 0x1, 0         	INCF	r0x04, F
002966   b0d8     btfsc	0xd8, 0, 0         	BTFSC	STATUS, 0
002968   2a05     incf	0x5, 0x1, 0         	INCF	r0x05, F
00296a   b0d8     btfsc	0xd8, 0, 0         	BTFSC	STATUS, 0
00296c   2a06     incf	0x6, 0x1, 0         	INCF	r0x06, F
00296e   b0d8     btfsc	0xd8, 0, 0         	BTFSC	STATUS, 0
002970   2a07     incf	0x7, 0x1, 0         	INCF	r0x07, F
002972   d7e9     bra	0x2946               	BRA	_00105_DS_
                                           _00109_DS_:
002974   cfe4     movff	0xfe4, 0x7         	MOVFF	PREINC1, r0x07
002976   f007
002978   cfe4     movff	0xfe4, 0x6         	MOVFF	PREINC1, r0x06
00297a   f006
00297c   cfe4     movff	0xfe4, 0x5         	MOVFF	PREINC1, r0x05
00297e   f005
002980   cfe4     movff	0xfe4, 0x4         	MOVFF	PREINC1, r0x04
002982   f004
002984   cfe4     movff	0xfe4, 0x3         	MOVFF	PREINC1, r0x03
002986   f003
002988   cfe4     movff	0xfe4, 0x2         	MOVFF	PREINC1, r0x02
00298a   f002
00298c   cfe4     movff	0xfe4, 0x1         	MOVFF	PREINC1, r0x01
00298e   f001
002990   cfe4     movff	0xfe4, 0           	MOVFF	PREINC1, r0x00
002992   f000
002994   cfe4     movff	0xfe4, 0xfd9       	MOVFF	PREINC1, FSR2L
002996   ffd9
002998   0012     return	0                 	RETURN	
                                           
                                           ; ; Starting pCode block for Ival
                                           	code
                                           _mask:
002386   0201     mulwf	0x1, 0             	DB	0x01, 0x02, 0x04, 0x08, 0x10, 0x20, 0x40, 0x80, 0x40, 0x80, 0x01, 0x02
002388   0804     sublw	0x4                
00238a   2010     addwfc	0x10, 0, 0        
00238c   8040     bsf	0x40, 0, 0           
00238e   8040     bsf	0x40, 0, 0           
002390   0201     mulwf	0x1, 0             
002392   0104     movlb	0x4                	DB	0x04, 0x01, 0x02, 0x04, 0x08, 0x20
002394   0402     decf	0x2, 0, 0           
002396   2008     addwfc	0x8, 0, 0         
                                           ; ; Starting pCode block for Ival
                                           _port:
002398   0000     nop                      	DB	0x00, 0x00, 0x00, 0x00, 0x00, 0x00, 0x00, 0x00, 0x01, 0x01, 0x01, 0x01
00239a   0000     nop                      
00239c   0000     nop                      
00239e   0000     nop                      
0023a0   0101     movlb	0x1                
0023a2   0101     movlb	0x1                
0023a4   0201     mulwf	0x1, 0             	DB	0x01, 0x02, 0x02, 0x02, 0x02, 0x02
0023a6   0202     mulwf	0x2, 0             
0023a8   0202     mulwf	0x2, 0             
                                           
                                           
                                           ; Statistics:
                                           ; code size:	 1972 (0x07b4) bytes ( 1.50%)
                                           ;           	  986 (0x03da) words
                                           ; udata size:	    0 (0x0000) bytes ( 0.00%)
                                           ; access size:	    9 (0x0009) bytes
                                           
                                           
                                           	end
