Pinguino started at Tue May  1 15:03:08 2012

Python version is OK (>=2.5)
System host is GNU/Linux
8-bit compiler OK.
32-bit compiler OK.
wx.python successfully loaded
wx.aui successfully loaded
Regex successfully loaded
Shutil successfully loaded
Subprocess successfully loaded
GetText successfully loaded
Locale successfully loaded
WebBrowser successfully loaded
USB successfully loaded
Serial successfully loaded
Threading successfully loaded
Frames successfully loaded
functionsHelp successfully loaded
AutoCompleter successfully loaded
Preferences successfully loaded
ArgParse successfully loaded
Pinguino Boards List successfully loaded
Editor successfully loaded
Pinguino Uploader failed
You should have uploader.py at the wxgui/uploader/
