gplink-0.13.7 beta
Copyright (c) 1998-2005 gputils project
Listing File Generated: 4-3-2011  18:43:28
 
 
Address  Value    Disassembly              Source
-------  -----    -----------              ------
                                           ;--------------------------------------------------------
                                           ; File Created by SDCC : free open source ANSI-C Compiler
                                           ; Version 2.9.0 #5416 (Aug  9 2009) (UNIX)
                                           ; This file was generated Sun Apr  3 18:43:28 2011
                                           ;--------------------------------------------------------
                                           ; PIC16 port for the Microchip 16-bit core micros
                                           ;--------------------------------------------------------
                                           	list	p=18f2550
                                           
                                           	radix dec
                                           
                                           ;--------------------------------------------------------
                                           ; public variables in this module
                                           ;--------------------------------------------------------
                                           	global _pulsewidth
                                           	global _digitalwrite
                                           	global _digitalread
                                           	global _pinmode
                                           	global _toggle
                                           	global _Delayms
                                           	global _epap_in
                                           	global _epap_out
                                           	global _epapin_init
                                           	global _epapout_init
                                           	global _setup
                                           	global _loop
                                           	global _pinguino_main
                                           	global _high_priority_isr
                                           	global _low_priority_isr
                                           	global _mask
                                           	global _port
                                           
                                           ;--------------------------------------------------------
                                           ; extern variables in this module
                                           ;--------------------------------------------------------
                                           	extern _SPPDATAbits
                                           	extern _SPPCFGbits
                                           	extern _SPPEPSbits
                                           	extern _SPPCONbits
                                           	extern _UFRMLbits
                                           	extern _UFRMHbits
                                           	extern _UIRbits
                                           	extern _UIEbits
                                           	extern _UEIRbits
                                           	extern _UEIEbits
                                           	extern _USTATbits
                                           	extern _UCONbits
                                           	extern _UADDRbits
                                           	extern _UCFGbits
                                           	extern _UEP0bits
                                           	extern _UEP1bits
                                           	extern _UEP2bits
                                           	extern _UEP3bits
                                           	extern _UEP4bits
                                           	extern _UEP5bits
                                           	extern _UEP6bits
                                           	extern _UEP7bits
                                           	extern _UEP8bits
                                           	extern _UEP9bits
                                           	extern _UEP10bits
                                           	extern _UEP11bits
                                           	extern _UEP12bits
                                           	extern _UEP13bits
                                           	extern _UEP14bits
                                           	extern _UEP15bits
                                           	extern _PORTAbits
                                           	extern _PORTBbits
                                           	extern _PORTCbits
                                           	extern _PORTDbits
                                           	extern _PORTEbits
                                           	extern _LATAbits
                                           	extern _LATBbits
                                           	extern _LATCbits
                                           	extern _LATDbits
                                           	extern _LATEbits
                                           	extern _TRISAbits
                                           	extern _TRISBbits
                                           	extern _TRISCbits
                                           	extern _TRISDbits
                                           	extern _TRISEbits
                                           	extern _OSCTUNEbits
                                           	extern _PIE1bits
                                           	extern _PIR1bits
                                           	extern _IPR1bits
                                           	extern _PIE2bits
                                           	extern _PIR2bits
                                           	extern _IPR2bits
                                           	extern _EECON1bits
                                           	extern _RCSTAbits
                                           	extern _TXSTAbits
                                           	extern _T3CONbits
                                           	extern _CMCONbits
                                           	extern _CVRCONbits
                                           	extern _ECCP1ASbits
                                           	extern _ECCP1DELbits
                                           	extern _BAUDCONbits
                                           	extern _CCP2CONbits
                                           	extern _CCP1CONbits
                                           	extern _ADCON2bits
                                           	extern _ADCON1bits
                                           	extern _ADCON0bits
                                           	extern _SSPCON2bits
                                           	extern _SSPCON1bits
                                           	extern _SSPSTATbits
                                           	extern _T2CONbits
                                           	extern _T1CONbits
                                           	extern _RCONbits
                                           	extern _WDTCONbits
                                           	extern _HLVDCONbits
                                           	extern _OSCCONbits
                                           	extern _T0CONbits
                                           	extern _STATUSbits
                                           	extern _FSR2Hbits
                                           	extern _BSRbits
                                           	extern _FSR1Hbits
                                           	extern _FSR0Hbits
                                           	extern _INTCON3bits
                                           	extern _INTCON2bits
                                           	extern _INTCONbits
                                           	extern _TBLPTRUbits
                                           	extern _PCLATHbits
                                           	extern _PCLATUbits
                                           	extern _STKPTRbits
                                           	extern _TOSUbits
                                           	extern _usb_device_state
                                           	extern _usb_active_cfg
                                           	extern _usb_active_alt_setting
                                           	extern _microsecs
                                           	extern _SPPDATA
                                           	extern _SPPCFG
                                           	extern _SPPEPS
                                           	extern _SPPCON
                                           	extern _UFRML
                                           	extern _UFRMH
                                           	extern _UIR
                                           	extern _UIE
                                           	extern _UEIR
                                           	extern _UEIE
                                           	extern _USTAT
                                           	extern _UCON
                                           	extern _UADDR
                                           	extern _UCFG
                                           	extern _UEP0
                                           	extern _UEP1
                                           	extern _UEP2
                                           	extern _UEP3
                                           	extern _UEP4
                                           	extern _UEP5
                                           	extern _UEP6
                                           	extern _UEP7
                                           	extern _UEP8
                                           	extern _UEP9
                                           	extern _UEP10
                                           	extern _UEP11
                                           	extern _UEP12
                                           	extern _UEP13
                                           	extern _UEP14
                                           	extern _UEP15
                                           	extern _PORTA
                                           	extern _PORTB
                                           	extern _PORTC
                                           	extern _PORTD
                                           	extern _PORTE
                                           	extern _LATA
                                           	extern _LATB
                                           	extern _LATC
                                           	extern _LATD
                                           	extern _LATE
                                           	extern _TRISA
                                           	extern _TRISB
                                           	extern _TRISC
                                           	extern _TRISD
                                           	extern _TRISE
                                           	extern _OSCTUNE
                                           	extern _PIE1
                                           	extern _PIR1
                                           	extern _IPR1
                                           	extern _PIE2
                                           	extern _PIR2
                                           	extern _IPR2
                                           	extern _EECON1
                                           	extern _EECON2
                                           	extern _EEDATA
                                           	extern _EEADR
                                           	extern _RCSTA
                                           	extern _TXSTA
                                           	extern _TXREG
                                           	extern _RCREG
                                           	extern _SPBRG
                                           	extern _SPBRGH
                                           	extern _T3CON
                                           	extern _TMR3L
                                           	extern _TMR3H
                                           	extern _CMCON
                                           	extern _CVRCON
                                           	extern _ECCP1AS
                                           	extern _ECCP1DEL
                                           	extern _BAUDCON
                                           	extern _CCP2CON
                                           	extern _CCPR2L
                                           	extern _CCPR2H
                                           	extern _CCP1CON
                                           	extern _CCPR1L
                                           	extern _CCPR1H
                                           	extern _ADCON2
                                           	extern _ADCON1
                                           	extern _ADCON0
                                           	extern _ADRESL
                                           	extern _ADRESH
                                           	extern _SSPCON2
                                           	extern _SSPCON1
                                           	extern _SSPSTAT
                                           	extern _SSPADD
                                           	extern _SSPBUF
                                           	extern _T2CON
                                           	extern _PR2
                                           	extern _TMR2
                                           	extern _T1CON
                                           	extern _TMR1L
                                           	extern _TMR1H
                                           	extern _RCON
                                           	extern _WDTCON
                                           	extern _HLVDCON
                                           	extern _OSCCON
                                           	extern _T0CON
                                           	extern _TMR0L
                                           	extern _TMR0H
                                           	extern _STATUS
                                           	extern _FSR2L
                                           	extern _FSR2H
                                           	extern _PLUSW2
                                           	extern _PREINC2
                                           	extern _POSTDEC2
                                           	extern _POSTINC2
                                           	extern _INDF2
                                           	extern _BSR
                                           	extern _FSR1L
                                           	extern _FSR1H
                                           	extern _PLUSW1
                                           	extern _PREINC1
                                           	extern _POSTDEC1
                                           	extern _POSTINC1
                                           	extern _INDF1
                                           	extern _WREG
                                           	extern _FSR0L
                                           	extern _FSR0H
                                           	extern _PLUSW0
                                           	extern _PREINC0
                                           	extern _POSTDEC0
                                           	extern _POSTINC0
                                           	extern _INDF0
                                           	extern _INTCON3
                                           	extern _INTCON2
                                           	extern _INTCON
                                           	extern _PRODL
                                           	extern _PRODH
                                           	extern _TABLAT
                                           	extern _TBLPTRL
                                           	extern _TBLPTRH
                                           	extern _TBLPTRU
                                           	extern _PCL
                                           	extern _PCLATH
                                           	extern _PCLATU
                                           	extern _STKPTR
                                           	extern _TOSL
                                           	extern _TOSH
                                           	extern _TOSU
                                           	extern _delayusecs
                                           	extern _delay120tcy
                                           ;--------------------------------------------------------
                                           ;	Equates to used internal registers
                                           ;--------------------------------------------------------
                                           STATUS	equ	0xfd8
                                           PCL	equ	0xff9
                                           PCLATH	equ	0xffa
                                           PCLATU	equ	0xffb
                                           WREG	equ	0xfe8
                                           BSR	equ	0xfe0
                                           TBLPTRL	equ	0xff6
                                           TBLPTRH	equ	0xff7
                                           TBLPTRU	equ	0xff8
                                           TABLAT	equ	0xff5
                                           FSR0L	equ	0xfe9
                                           FSR0H	equ	0xfea
                                           FSR1L	equ	0xfe1
                                           FSR2L	equ	0xfd9
                                           POSTDEC1	equ	0xfe5
                                           PREINC1	equ	0xfe4
                                           PLUSW2	equ	0xfdb
                                           PRODL	equ	0xff3
                                           PRODH	equ	0xff4
                                           
                                           
                                           	idata
                                           _pulsewidth	db	0x0a, 0x00
                                           
                                           
                                           ; Internal registers
                                           .registers	udata_ovr	0x0000
                                           r0x00	res	1
                                           r0x01	res	1
                                           r0x02	res	1
                                           r0x03	res	1
                                           r0x04	res	1
                                           r0x05	res	1
                                           r0x06	res	1
                                           r0x07	res	1
                                           r0x08	res	1
                                           
                                           ;--------------------------------------------------------
                                           ; global & static initialisations
                                           ;--------------------------------------------------------
                                           ; ; Starting pCode block
                                           S_main__high_priority_isr	code	0X002020
                                           _high_priority_isr:
                                           ;	.line	121; /home/jesuscarlos/Programming_box/Pinguino/Pinguino32X_delays/svn/branches/pic32/C32/linux/source/main.c	void high_priority_isr(void) interrupt
002020   cfe8     movff	0xfe8, 0xfe5       	MOVFF	WREG, POSTDEC1
002022   ffe5
002024   cfd8     movff	0xfd8, 0xfe5       	MOVFF	STATUS, POSTDEC1
002026   ffe5
002028   cfe0     movff	0xfe0, 0xfe5       	MOVFF	BSR, POSTDEC1
00202a   ffe5
00202c   cff3     movff	0xff3, 0xfe5       	MOVFF	PRODL, POSTDEC1
00202e   ffe5
002030   cff4     movff	0xff4, 0xfe5       	MOVFF	PRODH, POSTDEC1
002032   ffe5
002034   cfe9     movff	0xfe9, 0xfe5       	MOVFF	FSR0L, POSTDEC1
002036   ffe5
002038   cfea     movff	0xfea, 0xfe5       	MOVFF	FSR0H, POSTDEC1
00203a   ffe5
00203c   cffa     movff	0xffa, 0xfe5       	MOVFF	PCLATH, POSTDEC1
00203e   ffe5
002040   cffb     movff	0xffb, 0xfe5       	MOVFF	PCLATU, POSTDEC1
002042   ffe5
                                           ;	.line	178; /home/jesuscarlos/Programming_box/Pinguino/Pinguino32X_delays/svn/branches/pic32/C32/linux/source/main.c	}
002044   cfe4     movff	0xfe4, 0xffb       	MOVFF	PREINC1, PCLATU
002046   fffb
002048   cfe4     movff	0xfe4, 0xffa       	MOVFF	PREINC1, PCLATH
00204a   fffa
00204c   cfe4     movff	0xfe4, 0xfea       	MOVFF	PREINC1, FSR0H
00204e   ffea
002050   cfe4     movff	0xfe4, 0xfe9       	MOVFF	PREINC1, FSR0L
002052   ffe9
002054   cfe4     movff	0xfe4, 0xff4       	MOVFF	PREINC1, PRODH
002056   fff4
002058   cfe4     movff	0xfe4, 0xff3       	MOVFF	PREINC1, PRODL
00205a   fff3
00205c   cfe4     movff	0xfe4, 0xfe0       	MOVFF	PREINC1, BSR
00205e   ffe0
002060   cfe4     movff	0xfe4, 0xfd8       	MOVFF	PREINC1, STATUS
002062   ffd8
002064   cfe4     movff	0xfe4, 0xfe8       	MOVFF	PREINC1, WREG
002066   ffe8
002068   0010     retfie	0                 	RETFIE	
                                           
                                           ; ; Starting pCode block
                                           S_main__low_priority_isr	code	0X004000
                                           _low_priority_isr:
                                           ;	.line	181; /home/jesuscarlos/Programming_box/Pinguino/Pinguino32X_delays/svn/branches/pic32/C32/linux/source/main.c	void low_priority_isr(void) interrupt
004000   cfe8     movff	0xfe8, 0xfe5       	MOVFF	WREG, POSTDEC1
004002   ffe5
004004   cfd8     movff	0xfd8, 0xfe5       	MOVFF	STATUS, POSTDEC1
004006   ffe5
004008   cfe0     movff	0xfe0, 0xfe5       	MOVFF	BSR, POSTDEC1
00400a   ffe5
00400c   cff3     movff	0xff3, 0xfe5       	MOVFF	PRODL, POSTDEC1
00400e   ffe5
004010   cff4     movff	0xff4, 0xfe5       	MOVFF	PRODH, POSTDEC1
004012   ffe5
004014   cfe9     movff	0xfe9, 0xfe5       	MOVFF	FSR0L, POSTDEC1
004016   ffe5
004018   cfea     movff	0xfea, 0xfe5       	MOVFF	FSR0H, POSTDEC1
00401a   ffe5
00401c   cffa     movff	0xffa, 0xfe5       	MOVFF	PCLATH, POSTDEC1
00401e   ffe5
004020   cffb     movff	0xffb, 0xfe5       	MOVFF	PCLATU, POSTDEC1
004022   ffe5
                                           ;	.line	186; /home/jesuscarlos/Programming_box/Pinguino/Pinguino32X_delays/svn/branches/pic32/C32/linux/source/main.c	}
004024   cfe4     movff	0xfe4, 0xffb       	MOVFF	PREINC1, PCLATU
004026   fffb
004028   cfe4     movff	0xfe4, 0xffa       	MOVFF	PREINC1, PCLATH
00402a   fffa
00402c   cfe4     movff	0xfe4, 0xfea       	MOVFF	PREINC1, FSR0H
00402e   ffea
004030   cfe4     movff	0xfe4, 0xfe9       	MOVFF	PREINC1, FSR0L
004032   ffe9
004034   cfe4     movff	0xfe4, 0xff4       	MOVFF	PREINC1, PRODH
004036   fff4
004038   cfe4     movff	0xfe4, 0xff3       	MOVFF	PREINC1, PRODL
00403a   fff3
00403c   cfe4     movff	0xfe4, 0xfe0       	MOVFF	PREINC1, BSR
00403e   ffe0
004040   cfe4     movff	0xfe4, 0xfd8       	MOVFF	PREINC1, STATUS
004042   ffd8
004044   cfe4     movff	0xfe4, 0xfe8       	MOVFF	PREINC1, WREG
004046   ffe8
004048   0010     retfie	0                 	RETFIE	
                                           
                                           ; I code from now on!
                                           ; ; Starting pCode block
                                           S_main__pinguino_main	code
                                           _pinguino_main:
                                           ;	.line	53; /home/jesuscarlos/Programming_box/Pinguino/Pinguino32X_delays/svn/branches/pic32/C32/linux/source/main.c	PIE1 = 0;
002b40   6a9d     clrf	0x9d, 0             	CLRF	_PIE1
                                           ;	.line	54; /home/jesuscarlos/Programming_box/Pinguino/Pinguino32X_delays/svn/branches/pic32/C32/linux/source/main.c	PIE2 = 0;
002b42   6aa0     clrf	0xa0, 0             	CLRF	_PIE2
                                           ;	.line	55; /home/jesuscarlos/Programming_box/Pinguino/Pinguino32X_delays/svn/branches/pic32/C32/linux/source/main.c	ADCON1 = 0b00001111;				// AN0 to AN12 Digital I/O
002b44   0e0f     movlw	0xf                	MOVLW	0x0f
002b46   6ec1     movwf	0xc1, 0            	MOVWF	_ADCON1
                                           ;	.line	67; /home/jesuscarlos/Programming_box/Pinguino/Pinguino32X_delays/svn/branches/pic32/C32/linux/source/main.c	setup();
002b48   ecaa     call	0x2b54, 0           	CALL	_setup
002b4a   f015
                                           _00230_DS_:
                                           ;	.line	115; /home/jesuscarlos/Programming_box/Pinguino/Pinguino32X_delays/svn/branches/pic32/C32/linux/source/main.c	loop();
002b4c   ec77     call	0x2aee, 0           	CALL	_loop
002b4e   f015
002b50   d7fd     bra	0x2b4c               	BRA	_00230_DS_
002b52   0012     return	0                 	RETURN	
                                           
                                           ; ; Starting pCode block
                                           S_main__loop	code
                                           _loop:
                                           ;	.line	15; /home/jesuscarlos/Programming_box/Pinguino/Pinguino32X_delays/svn/branches/pic32/C32/linux/source/user.c	PORTBbits.RB0 = 1;
002aee   8081     bsf	0x81, 0, 0           	BSF	_PORTBbits, 0
                                           ;	.line	16; /home/jesuscarlos/Programming_box/Pinguino/Pinguino32X_delays/svn/branches/pic32/C32/linux/source/user.c	Delayus(pulsewidth);
002af0   c201     movff	0x201, 0x203       	MOVFF	_pulsewidth, _microsecs
002af2   f203
002af4   c202     movff	0x202, 0x204       	MOVFF	(_pulsewidth + 1), (_microsecs + 1)
002af6   f204
002af8   ecd5     call	0x23aa, 0           	CALL	_delayusecs
002afa   f011
                                           ;	.line	17; /home/jesuscarlos/Programming_box/Pinguino/Pinguino32X_delays/svn/branches/pic32/C32/linux/source/user.c	PORTBbits.RB0 = 0;
002afc   9081     bcf	0x81, 0, 0           	BCF	_PORTBbits, 0
                                           ;	.line	18; /home/jesuscarlos/Programming_box/Pinguino/Pinguino32X_delays/svn/branches/pic32/C32/linux/source/user.c	Delayus(pulsewidth);
002afe   c201     movff	0x201, 0x203       	MOVFF	_pulsewidth, _microsecs
002b00   f203
002b02   c202     movff	0x202, 0x204       	MOVFF	(_pulsewidth + 1), (_microsecs + 1)
002b04   f204
002b06   ecd5     call	0x23aa, 0           	CALL	_delayusecs
002b08   f011
                                           ;	.line	19; /home/jesuscarlos/Programming_box/Pinguino/Pinguino32X_delays/svn/branches/pic32/C32/linux/source/user.c	PORTBbits.RB0 = 1;
002b0a   8081     bsf	0x81, 0, 0           	BSF	_PORTBbits, 0
                                           ;	.line	20; /home/jesuscarlos/Programming_box/Pinguino/Pinguino32X_delays/svn/branches/pic32/C32/linux/source/user.c	Delayus(pulsewidth);
002b0c   c201     movff	0x201, 0x203       	MOVFF	_pulsewidth, _microsecs
002b0e   f203
002b10   c202     movff	0x202, 0x204       	MOVFF	(_pulsewidth + 1), (_microsecs + 1)
002b12   f204
002b14   ecd5     call	0x23aa, 0           	CALL	_delayusecs
002b16   f011
                                           ;	.line	21; /home/jesuscarlos/Programming_box/Pinguino/Pinguino32X_delays/svn/branches/pic32/C32/linux/source/user.c	PORTBbits.RB0 = 0;
002b18   9081     bcf	0x81, 0, 0           	BCF	_PORTBbits, 0
                                           ;	.line	22; /home/jesuscarlos/Programming_box/Pinguino/Pinguino32X_delays/svn/branches/pic32/C32/linux/source/user.c	Delayus(pulsewidth);
002b1a   c201     movff	0x201, 0x203       	MOVFF	_pulsewidth, _microsecs
002b1c   f203
002b1e   c202     movff	0x202, 0x204       	MOVFF	(_pulsewidth + 1), (_microsecs + 1)
002b20   f204
002b22   ecd5     call	0x23aa, 0           	CALL	_delayusecs
002b24   f011
002b26   0012     return	0                 	RETURN	
                                           
                                           ; ; Starting pCode block
                                           S_main__setup	code
                                           _setup:
                                           ;	.line	10; /home/jesuscarlos/Programming_box/Pinguino/Pinguino32X_delays/svn/branches/pic32/C32/linux/source/user.c	pinmode(0,OUTPUT);
002b54   0e00     movlw	0                  	MOVLW	0x00
002b56   6ae5     clrf	0xe5, 0             	CLRF	POSTDEC1
002b58   6ae5     clrf	0xe5, 0             	CLRF	POSTDEC1
002b5a   6ae5     clrf	0xe5, 0             	CLRF	POSTDEC1
002b5c   6ae5     clrf	0xe5, 0             	CLRF	POSTDEC1
002b5e   ec07     call	0x240e, 0           	CALL	_pinmode
002b60   f012
002b62   0e04     movlw	0x4                	MOVLW	0x04
002b64   26e1     addwf	0xe1, 0x1, 0       	ADDWF	FSR1L, F
002b66   0012     return	0                 	RETURN	
                                           
                                           ; ; Starting pCode block
                                           S_main__epapout_init	code
                                           _epapout_init:
                                           ;	.line	41; /home/jesuscarlos/Programming_box/Pinguino/Pinguino32X_delays/svn/branches/pic32/C32/linux/source/main.c	void epapout_init() { return; }
002b7a   0012     return	0                 	RETURN	
                                           
                                           ; ; Starting pCode block
                                           S_main__epapin_init	code
                                           _epapin_init:
                                           ;	.line	40; /home/jesuscarlos/Programming_box/Pinguino/Pinguino32X_delays/svn/branches/pic32/C32/linux/source/main.c	void epapin_init() { return; }
002b7c   0012     return	0                 	RETURN	
                                           
                                           ; ; Starting pCode block
                                           S_main__epap_out	code
                                           _epap_out:
                                           ;	.line	39; /home/jesuscarlos/Programming_box/Pinguino/Pinguino32X_delays/svn/branches/pic32/C32/linux/source/main.c	void epap_out() { return; }
002b7e   0012     return	0                 	RETURN	
                                           
                                           ; ; Starting pCode block
                                           S_main__epap_in	code
                                           _epap_in:
                                           ;	.line	38; /home/jesuscarlos/Programming_box/Pinguino/Pinguino32X_delays/svn/branches/pic32/C32/linux/source/main.c	void epap_in() { return; }
002b80   0012     return	0                 	RETURN	
                                           
                                           ; ; Starting pCode block
                                           S_main__Delayms	code
                                           _Delayms:
                                           ;	.line	10; /home/jesuscarlos/Programming_box/Pinguino/Pinguino32X_delays/svn/branches/pic32/C32/linux/tools/bin/../share/sdcc/include/pic16/pinguinodelay.c	void Delayms(unsigned long milliseconde)
002962   cfd9     movff	0xfd9, 0xfe5       	MOVFF	FSR2L, POSTDEC1
002964   ffe5
002966   cfe1     movff	0xfe1, 0xfd9       	MOVFF	FSR1L, FSR2L
002968   ffd9
00296a   c000     movff	0, 0xfe5           	MOVFF	r0x00, POSTDEC1
00296c   ffe5
00296e   c001     movff	0x1, 0xfe5         	MOVFF	r0x01, POSTDEC1
002970   ffe5
002972   c002     movff	0x2, 0xfe5         	MOVFF	r0x02, POSTDEC1
002974   ffe5
002976   c003     movff	0x3, 0xfe5         	MOVFF	r0x03, POSTDEC1
002978   ffe5
00297a   c004     movff	0x4, 0xfe5         	MOVFF	r0x04, POSTDEC1
00297c   ffe5
00297e   c005     movff	0x5, 0xfe5         	MOVFF	r0x05, POSTDEC1
002980   ffe5
002982   c006     movff	0x6, 0xfe5         	MOVFF	r0x06, POSTDEC1
002984   ffe5
002986   c007     movff	0x7, 0xfe5         	MOVFF	r0x07, POSTDEC1
002988   ffe5
00298a   0e02     movlw	0x2                	MOVLW	0x02
00298c   cfdb     movff	0xfdb, 0           	MOVFF	PLUSW2, r0x00
00298e   f000
002990   0e03     movlw	0x3                	MOVLW	0x03
002992   cfdb     movff	0xfdb, 0x1         	MOVFF	PLUSW2, r0x01
002994   f001
002996   0e04     movlw	0x4                	MOVLW	0x04
002998   cfdb     movff	0xfdb, 0x2         	MOVFF	PLUSW2, r0x02
00299a   f002
00299c   0e05     movlw	0x5                	MOVLW	0x05
00299e   cfdb     movff	0xfdb, 0x3         	MOVFF	PLUSW2, r0x03
0029a0   f003
                                           ;	.line	14; /home/jesuscarlos/Programming_box/Pinguino/Pinguino32X_delays/svn/branches/pic32/C32/linux/tools/bin/../share/sdcc/include/pic16/pinguinodelay.c	for (i=0;i<milliseconde;i++) delay120tcy(100);
0029a2   6a04     clrf	0x4, 0              	CLRF	r0x04
0029a4   6a05     clrf	0x5, 0              	CLRF	r0x05
0029a6   6a06     clrf	0x6, 0              	CLRF	r0x06
0029a8   6a07     clrf	0x7, 0              	CLRF	r0x07
                                           _00185_DS_:
0029aa   5003     movf	0x3, 0, 0           	MOVF	r0x03, W
0029ac   5c07     subwf	0x7, 0, 0          	SUBWF	r0x07, W
0029ae   e108     bnz	0x29c0               	BNZ	_00194_DS_
0029b0   5002     movf	0x2, 0, 0           	MOVF	r0x02, W
0029b2   5c06     subwf	0x6, 0, 0          	SUBWF	r0x06, W
0029b4   e105     bnz	0x29c0               	BNZ	_00194_DS_
0029b6   5001     movf	0x1, 0, 0           	MOVF	r0x01, W
0029b8   5c05     subwf	0x5, 0, 0          	SUBWF	r0x05, W
0029ba   e102     bnz	0x29c0               	BNZ	_00194_DS_
0029bc   5000     movf	0, 0, 0             	MOVF	r0x00, W
0029be   5c04     subwf	0x4, 0, 0          	SUBWF	r0x04, W
                                           _00194_DS_:
0029c0   e20b     bc	0x29d8                	BC	_00189_DS_
0029c2   0e64     movlw	0x64               	MOVLW	0x64
0029c4   ece6     call	0x23cc, 0           	CALL	_delay120tcy
0029c6   f011
0029c8   2a04     incf	0x4, 0x1, 0         	INCF	r0x04, F
0029ca   b0d8     btfsc	0xd8, 0, 0         	BTFSC	STATUS, 0
0029cc   2a05     incf	0x5, 0x1, 0         	INCF	r0x05, F
0029ce   b0d8     btfsc	0xd8, 0, 0         	BTFSC	STATUS, 0
0029d0   2a06     incf	0x6, 0x1, 0         	INCF	r0x06, F
0029d2   b0d8     btfsc	0xd8, 0, 0         	BTFSC	STATUS, 0
0029d4   2a07     incf	0x7, 0x1, 0         	INCF	r0x07, F
0029d6   d7e9     bra	0x29aa               	BRA	_00185_DS_
                                           _00189_DS_:
0029d8   cfe4     movff	0xfe4, 0x7         	MOVFF	PREINC1, r0x07
0029da   f007
0029dc   cfe4     movff	0xfe4, 0x6         	MOVFF	PREINC1, r0x06
0029de   f006
0029e0   cfe4     movff	0xfe4, 0x5         	MOVFF	PREINC1, r0x05
0029e2   f005
0029e4   cfe4     movff	0xfe4, 0x4         	MOVFF	PREINC1, r0x04
0029e6   f004
0029e8   cfe4     movff	0xfe4, 0x3         	MOVFF	PREINC1, r0x03
0029ea   f003
0029ec   cfe4     movff	0xfe4, 0x2         	MOVFF	PREINC1, r0x02
0029ee   f002
0029f0   cfe4     movff	0xfe4, 0x1         	MOVFF	PREINC1, r0x01
0029f2   f001
0029f4   cfe4     movff	0xfe4, 0           	MOVFF	PREINC1, r0x00
0029f6   f000
0029f8   cfe4     movff	0xfe4, 0xfd9       	MOVFF	PREINC1, FSR2L
0029fa   ffd9
0029fc   0012     return	0                 	RETURN	
                                           
                                           ; ; Starting pCode block
                                           S_main__toggle	code
                                           _toggle:
                                           ;	.line	93; /home/jesuscarlos/Programming_box/Pinguino/Pinguino32X_delays/svn/branches/pic32/C32/linux/tools/bin/../share/sdcc/include/pic16/digitalw.c	void toggle(u8 pin)
002a96   cfd9     movff	0xfd9, 0xfe5       	MOVFF	FSR2L, POSTDEC1
002a98   ffe5
002a9a   cfe1     movff	0xfe1, 0xfd9       	MOVFF	FSR1L, FSR2L
002a9c   ffd9
002a9e   c000     movff	0, 0xfe5           	MOVFF	r0x00, POSTDEC1
002aa0   ffe5
002aa2   c001     movff	0x1, 0xfe5         	MOVFF	r0x01, POSTDEC1
002aa4   ffe5
002aa6   c002     movff	0x2, 0xfe5         	MOVFF	r0x02, POSTDEC1
002aa8   ffe5
002aaa   0e02     movlw	0x2                	MOVLW	0x02
002aac   cfdb     movff	0xfdb, 0           	MOVFF	PLUSW2, r0x00
002aae   f000
                                           ;	.line	96; /home/jesuscarlos/Programming_box/Pinguino/Pinguino32X_delays/svn/branches/pic32/C32/linux/tools/bin/../share/sdcc/include/pic16/digitalw.c	val = digitalread(pin);
002ab0   6a01     clrf	0x1, 0              	CLRF	r0x01
002ab2   6ae5     clrf	0xe5, 0             	CLRF	POSTDEC1
002ab4   5000     movf	0, 0, 0             	MOVF	r0x00, W
002ab6   6ee5     movwf	0xe5, 0            	MOVWF	POSTDEC1
002ab8   ecfd     call	0x27fa, 0           	CALL	_digitalread
002aba   f013
002abc   6e02     movwf	0x2, 0             	MOVWF	r0x02
002abe   0e02     movlw	0x2                	MOVLW	0x02
002ac0   26e1     addwf	0xe1, 0x1, 0       	ADDWF	FSR1L, F
                                           ;	.line	97; /home/jesuscarlos/Programming_box/Pinguino/Pinguino32X_delays/svn/branches/pic32/C32/linux/tools/bin/../share/sdcc/include/pic16/digitalw.c	digitalwrite(pin, val^1);
002ac2   0e01     movlw	0x1                	MOVLW	0x01
002ac4   1a02     xorwf	0x2, 0x1, 0        	XORWF	r0x02, F
002ac6   6ae5     clrf	0xe5, 0             	CLRF	POSTDEC1
002ac8   5002     movf	0x2, 0, 0           	MOVF	r0x02, W
002aca   6ee5     movwf	0xe5, 0            	MOVWF	POSTDEC1
002acc   5001     movf	0x1, 0, 0           	MOVF	r0x01, W
002ace   6ee5     movwf	0xe5, 0            	MOVWF	POSTDEC1
002ad0   5000     movf	0, 0, 0             	MOVF	r0x00, W
002ad2   6ee5     movwf	0xe5, 0            	MOVWF	POSTDEC1
002ad4   ec02     call	0x2604, 0           	CALL	_digitalwrite
002ad6   f013
002ad8   0e04     movlw	0x4                	MOVLW	0x04
002ada   26e1     addwf	0xe1, 0x1, 0       	ADDWF	FSR1L, F
002adc   cfe4     movff	0xfe4, 0x2         	MOVFF	PREINC1, r0x02
002ade   f002
002ae0   cfe4     movff	0xfe4, 0x1         	MOVFF	PREINC1, r0x01
002ae2   f001
002ae4   cfe4     movff	0xfe4, 0           	MOVFF	PREINC1, r0x00
002ae6   f000
002ae8   cfe4     movff	0xfe4, 0xfd9       	MOVFF	PREINC1, FSR2L
002aea   ffd9
002aec   0012     return	0                 	RETURN	
                                           
                                           ; ; Starting pCode block
                                           S_main__pinmode	code
                                           _pinmode:
                                           ;	.line	69; /home/jesuscarlos/Programming_box/Pinguino/Pinguino32X_delays/svn/branches/pic32/C32/linux/tools/bin/../share/sdcc/include/pic16/digitalw.c	void pinmode(int input, int state)
00240e   cfd9     movff	0xfd9, 0xfe5       	MOVFF	FSR2L, POSTDEC1
002410   ffe5
002412   cfe1     movff	0xfe1, 0xfd9       	MOVFF	FSR1L, FSR2L
002414   ffd9
002416   c000     movff	0, 0xfe5           	MOVFF	r0x00, POSTDEC1
002418   ffe5
00241a   c001     movff	0x1, 0xfe5         	MOVFF	r0x01, POSTDEC1
00241c   ffe5
00241e   c002     movff	0x2, 0xfe5         	MOVFF	r0x02, POSTDEC1
002420   ffe5
002422   c003     movff	0x3, 0xfe5         	MOVFF	r0x03, POSTDEC1
002424   ffe5
002426   c004     movff	0x4, 0xfe5         	MOVFF	r0x04, POSTDEC1
002428   ffe5
00242a   c005     movff	0x5, 0xfe5         	MOVFF	r0x05, POSTDEC1
00242c   ffe5
00242e   c006     movff	0x6, 0xfe5         	MOVFF	r0x06, POSTDEC1
002430   ffe5
002432   0e02     movlw	0x2                	MOVLW	0x02
002434   cfdb     movff	0xfdb, 0           	MOVFF	PLUSW2, r0x00
002436   f000
002438   0e03     movlw	0x3                	MOVLW	0x03
00243a   cfdb     movff	0xfdb, 0x1         	MOVFF	PLUSW2, r0x01
00243c   f001
00243e   0e04     movlw	0x4                	MOVLW	0x04
002440   cfdb     movff	0xfdb, 0x2         	MOVFF	PLUSW2, r0x02
002442   f002
002444   0e05     movlw	0x5                	MOVLW	0x05
002446   cfdb     movff	0xfdb, 0x3         	MOVFF	PLUSW2, r0x03
002448   f003
                                           ;	.line	71; /home/jesuscarlos/Programming_box/Pinguino/Pinguino32X_delays/svn/branches/pic32/C32/linux/tools/bin/../share/sdcc/include/pic16/digitalw.c	switch (port[input])
00244a   0e98     movlw	0x98               	MOVLW	LOW(_port)
00244c   2400     addwf	0, 0, 0            	ADDWF	r0x00, W
00244e   6e04     movwf	0x4, 0             	MOVWF	r0x04
002450   0e23     movlw	0x23               	MOVLW	HIGH(_port)
002452   2001     addwfc	0x1, 0, 0         	ADDWFC	r0x01, W
002454   6e05     movwf	0x5, 0             	MOVWF	r0x05
002456   6a06     clrf	0x6, 0              	CLRF	r0x06
002458   be01     btfsc	0x1, 0x7, 0        	BTFSC	r0x01, 7
00245a   6806     setf	0x6, 0              	SETF	r0x06
00245c   0e00     movlw	0                  	MOVLW	UPPER(_port)
00245e   2206     addwfc	0x6, 0x1, 0       	ADDWFC	r0x06, F
002460   c004     movff	0x4, 0xff6         	MOVFF	r0x04, TBLPTRL
002462   fff6
002464   c005     movff	0x5, 0xff7         	MOVFF	r0x05, TBLPTRH
002466   fff7
002468   c006     movff	0x6, 0xff8         	MOVFF	r0x06, TBLPTRU
00246a   fff8
00246c   0009     tblrd	*+                 	TBLRD*+	
00246e   cff5     movff	0xff5, 0x4         	MOVFF	TABLAT, r0x04
002470   f004
002472   0e03     movlw	0x3                	MOVLW	0x03
002474   5c04     subwf	0x4, 0, 0          	SUBWF	r0x04, W
002476   b0d8     btfsc	0xd8, 0, 0         	BTFSC	STATUS, 0
002478   d0b4     bra	0x25e2               	BRA	_00168_DS_
00247a   c007     movff	0x7, 0xfe5         	MOVFF	r0x07, POSTDEC1
00247c   ffe5
00247e   c008     movff	0x8, 0xfe5         	MOVFF	r0x08, POSTDEC1
002480   ffe5
002482   6a08     clrf	0x8, 0              	CLRF	r0x08
002484   3404     rlcf	0x4, 0, 0           	RLCF	r0x04, W
002486   3608     rlcf	0x8, 0x1, 0         	RLCF	r0x08, F
002488   34e8     rlcf	0xe8, 0, 0          	RLCF	WREG, W
00248a   3608     rlcf	0x8, 0x1, 0         	RLCF	r0x08, F
00248c   0bfc     andlw	0xfc               	ANDLW	0xfc
00248e   6e07     movwf	0x7, 0             	MOVWF	r0x07
002490   0e00     movlw	0                  	MOVLW	UPPER(_00175_DS_)
002492   6efb     movwf	0xfb, 0            	MOVWF	PCLATU
002494   0e24     movlw	0x24               	MOVLW	HIGH(_00175_DS_)
002496   6efa     movwf	0xfa, 0            	MOVWF	PCLATH
002498   0eb0     movlw	0xb0               	MOVLW	LOW(_00175_DS_)
00249a   2607     addwf	0x7, 0x1, 0        	ADDWF	r0x07, F
00249c   5008     movf	0x8, 0, 0           	MOVF	r0x08, W
00249e   22fa     addwfc	0xfa, 0x1, 0      	ADDWFC	PCLATH, F
0024a0   b0d8     btfsc	0xd8, 0, 0         	BTFSC	STATUS, 0
0024a2   2afb     incf	0xfb, 0x1, 0        	INCF	PCLATU, F
0024a4   5007     movf	0x7, 0, 0           	MOVF	r0x07, W
0024a6   cfe4     movff	0xfe4, 0x8         	MOVFF	PREINC1, r0x08
0024a8   f008
0024aa   cfe4     movff	0xfe4, 0x7         	MOVFF	PREINC1, r0x07
0024ac   f007
0024ae   6ef9     movwf	0xf9, 0            	MOVWF	PCL
                                           _00175_DS_:
0024b0   ef5e     goto	0x24bc              	GOTO	_00155_DS_
0024b2   f012
0024b4   ef90     goto	0x2520              	GOTO	_00159_DS_
0024b6   f012
0024b8   efc2     goto	0x2584              	GOTO	_00163_DS_
0024ba   f012
                                           _00155_DS_:
                                           ;	.line	73; /home/jesuscarlos/Programming_box/Pinguino/Pinguino32X_delays/svn/branches/pic32/C32/linux/tools/bin/../share/sdcc/include/pic16/digitalw.c	case 0: if (state) TRISB=TRISB | mask[input];
0024bc   5002     movf	0x2, 0, 0           	MOVF	r0x02, W
0024be   1003     iorwf	0x3, 0, 0          	IORWF	r0x03, W
0024c0   e017     bz	0x24f0                	BZ	_00157_DS_
0024c2   0e86     movlw	0x86               	MOVLW	LOW(_mask)
0024c4   2400     addwf	0, 0, 0            	ADDWF	r0x00, W
0024c6   6e04     movwf	0x4, 0             	MOVWF	r0x04
0024c8   0e23     movlw	0x23               	MOVLW	HIGH(_mask)
0024ca   2001     addwfc	0x1, 0, 0         	ADDWFC	r0x01, W
0024cc   6e05     movwf	0x5, 0             	MOVWF	r0x05
0024ce   6a06     clrf	0x6, 0              	CLRF	r0x06
0024d0   be01     btfsc	0x1, 0x7, 0        	BTFSC	r0x01, 7
0024d2   6806     setf	0x6, 0              	SETF	r0x06
0024d4   0e00     movlw	0                  	MOVLW	UPPER(_mask)
0024d6   2206     addwfc	0x6, 0x1, 0       	ADDWFC	r0x06, F
0024d8   c004     movff	0x4, 0xff6         	MOVFF	r0x04, TBLPTRL
0024da   fff6
0024dc   c005     movff	0x5, 0xff7         	MOVFF	r0x05, TBLPTRH
0024de   fff7
0024e0   c006     movff	0x6, 0xff8         	MOVFF	r0x06, TBLPTRU
0024e2   fff8
0024e4   0009     tblrd	*+                 	TBLRD*+	
0024e6   cff5     movff	0xff5, 0x4         	MOVFF	TABLAT, r0x04
0024e8   f004
0024ea   5004     movf	0x4, 0, 0           	MOVF	r0x04, W
0024ec   1293     iorwf	0x93, 0x1, 0       	IORWF	_TRISB, F
0024ee   d079     bra	0x25e2               	BRA	_00168_DS_
                                           _00157_DS_:
                                           ;	.line	74; /home/jesuscarlos/Programming_box/Pinguino/Pinguino32X_delays/svn/branches/pic32/C32/linux/tools/bin/../share/sdcc/include/pic16/digitalw.c	else TRISB=TRISB & (255-mask[input]);
0024f0   0e86     movlw	0x86               	MOVLW	LOW(_mask)
0024f2   2400     addwf	0, 0, 0            	ADDWF	r0x00, W
0024f4   6e04     movwf	0x4, 0             	MOVWF	r0x04
0024f6   0e23     movlw	0x23               	MOVLW	HIGH(_mask)
0024f8   2001     addwfc	0x1, 0, 0         	ADDWFC	r0x01, W
0024fa   6e05     movwf	0x5, 0             	MOVWF	r0x05
0024fc   6a06     clrf	0x6, 0              	CLRF	r0x06
0024fe   be01     btfsc	0x1, 0x7, 0        	BTFSC	r0x01, 7
002500   6806     setf	0x6, 0              	SETF	r0x06
002502   0e00     movlw	0                  	MOVLW	UPPER(_mask)
002504   2206     addwfc	0x6, 0x1, 0       	ADDWFC	r0x06, F
002506   c004     movff	0x4, 0xff6         	MOVFF	r0x04, TBLPTRL
002508   fff6
00250a   c005     movff	0x5, 0xff7         	MOVFF	r0x05, TBLPTRH
00250c   fff7
00250e   c006     movff	0x6, 0xff8         	MOVFF	r0x06, TBLPTRU
002510   fff8
002512   0009     tblrd	*+                 	TBLRD*+	
002514   cff5     movff	0xff5, 0x4         	MOVFF	TABLAT, r0x04
002516   f004
002518   5004     movf	0x4, 0, 0           	MOVF	r0x04, W
00251a   08ff     sublw	0xff               	SUBLW	0xff
                                           ; #	MOVWF	r0x04
                                           ; #	MOVF	r0x04, W
00251c   1693     andwf	0x93, 0x1, 0       	ANDWF	_TRISB, F
                                           ;	.line	75; /home/jesuscarlos/Programming_box/Pinguino/Pinguino32X_delays/svn/branches/pic32/C32/linux/tools/bin/../share/sdcc/include/pic16/digitalw.c	break;
00251e   d061     bra	0x25e2               	BRA	_00168_DS_
                                           _00159_DS_:
                                           ;	.line	76; /home/jesuscarlos/Programming_box/Pinguino/Pinguino32X_delays/svn/branches/pic32/C32/linux/tools/bin/../share/sdcc/include/pic16/digitalw.c	case 1: if (state) TRISC=TRISC | mask[input];
002520   5002     movf	0x2, 0, 0           	MOVF	r0x02, W
002522   1003     iorwf	0x3, 0, 0          	IORWF	r0x03, W
002524   e017     bz	0x2554                	BZ	_00161_DS_
002526   0e86     movlw	0x86               	MOVLW	LOW(_mask)
002528   2400     addwf	0, 0, 0            	ADDWF	r0x00, W
00252a   6e04     movwf	0x4, 0             	MOVWF	r0x04
00252c   0e23     movlw	0x23               	MOVLW	HIGH(_mask)
00252e   2001     addwfc	0x1, 0, 0         	ADDWFC	r0x01, W
002530   6e05     movwf	0x5, 0             	MOVWF	r0x05
002532   6a06     clrf	0x6, 0              	CLRF	r0x06
002534   be01     btfsc	0x1, 0x7, 0        	BTFSC	r0x01, 7
002536   6806     setf	0x6, 0              	SETF	r0x06
002538   0e00     movlw	0                  	MOVLW	UPPER(_mask)
00253a   2206     addwfc	0x6, 0x1, 0       	ADDWFC	r0x06, F
00253c   c004     movff	0x4, 0xff6         	MOVFF	r0x04, TBLPTRL
00253e   fff6
002540   c005     movff	0x5, 0xff7         	MOVFF	r0x05, TBLPTRH
002542   fff7
002544   c006     movff	0x6, 0xff8         	MOVFF	r0x06, TBLPTRU
002546   fff8
002548   0009     tblrd	*+                 	TBLRD*+	
00254a   cff5     movff	0xff5, 0x4         	MOVFF	TABLAT, r0x04
00254c   f004
00254e   5004     movf	0x4, 0, 0           	MOVF	r0x04, W
002550   1294     iorwf	0x94, 0x1, 0       	IORWF	_TRISC, F
002552   d047     bra	0x25e2               	BRA	_00168_DS_
                                           _00161_DS_:
                                           ;	.line	77; /home/jesuscarlos/Programming_box/Pinguino/Pinguino32X_delays/svn/branches/pic32/C32/linux/tools/bin/../share/sdcc/include/pic16/digitalw.c	else TRISC=TRISC & (255-mask[input]);
002554   0e86     movlw	0x86               	MOVLW	LOW(_mask)
002556   2400     addwf	0, 0, 0            	ADDWF	r0x00, W
002558   6e04     movwf	0x4, 0             	MOVWF	r0x04
00255a   0e23     movlw	0x23               	MOVLW	HIGH(_mask)
00255c   2001     addwfc	0x1, 0, 0         	ADDWFC	r0x01, W
00255e   6e05     movwf	0x5, 0             	MOVWF	r0x05
002560   6a06     clrf	0x6, 0              	CLRF	r0x06
002562   be01     btfsc	0x1, 0x7, 0        	BTFSC	r0x01, 7
002564   6806     setf	0x6, 0              	SETF	r0x06
002566   0e00     movlw	0                  	MOVLW	UPPER(_mask)
002568   2206     addwfc	0x6, 0x1, 0       	ADDWFC	r0x06, F
00256a   c004     movff	0x4, 0xff6         	MOVFF	r0x04, TBLPTRL
00256c   fff6
00256e   c005     movff	0x5, 0xff7         	MOVFF	r0x05, TBLPTRH
002570   fff7
002572   c006     movff	0x6, 0xff8         	MOVFF	r0x06, TBLPTRU
002574   fff8
002576   0009     tblrd	*+                 	TBLRD*+	
002578   cff5     movff	0xff5, 0x4         	MOVFF	TABLAT, r0x04
00257a   f004
00257c   5004     movf	0x4, 0, 0           	MOVF	r0x04, W
00257e   08ff     sublw	0xff               	SUBLW	0xff
                                           ; #	MOVWF	r0x04
                                           ; #	MOVF	r0x04, W
002580   1694     andwf	0x94, 0x1, 0       	ANDWF	_TRISC, F
                                           ;	.line	78; /home/jesuscarlos/Programming_box/Pinguino/Pinguino32X_delays/svn/branches/pic32/C32/linux/tools/bin/../share/sdcc/include/pic16/digitalw.c	break;
002582   d02f     bra	0x25e2               	BRA	_00168_DS_
                                           _00163_DS_:
                                           ;	.line	79; /home/jesuscarlos/Programming_box/Pinguino/Pinguino32X_delays/svn/branches/pic32/C32/linux/tools/bin/../share/sdcc/include/pic16/digitalw.c	case 2: if (state) TRISA=TRISA | mask[input];
002584   5002     movf	0x2, 0, 0           	MOVF	r0x02, W
002586   1003     iorwf	0x3, 0, 0          	IORWF	r0x03, W
002588   e017     bz	0x25b8                	BZ	_00165_DS_
00258a   0e86     movlw	0x86               	MOVLW	LOW(_mask)
00258c   2400     addwf	0, 0, 0            	ADDWF	r0x00, W
00258e   6e02     movwf	0x2, 0             	MOVWF	r0x02
002590   0e23     movlw	0x23               	MOVLW	HIGH(_mask)
002592   2001     addwfc	0x1, 0, 0         	ADDWFC	r0x01, W
002594   6e03     movwf	0x3, 0             	MOVWF	r0x03
002596   6a04     clrf	0x4, 0              	CLRF	r0x04
002598   be01     btfsc	0x1, 0x7, 0        	BTFSC	r0x01, 7
00259a   6804     setf	0x4, 0              	SETF	r0x04
00259c   0e00     movlw	0                  	MOVLW	UPPER(_mask)
00259e   2204     addwfc	0x4, 0x1, 0       	ADDWFC	r0x04, F
0025a0   c002     movff	0x2, 0xff6         	MOVFF	r0x02, TBLPTRL
0025a2   fff6
0025a4   c003     movff	0x3, 0xff7         	MOVFF	r0x03, TBLPTRH
0025a6   fff7
0025a8   c004     movff	0x4, 0xff8         	MOVFF	r0x04, TBLPTRU
0025aa   fff8
0025ac   0009     tblrd	*+                 	TBLRD*+	
0025ae   cff5     movff	0xff5, 0x2         	MOVFF	TABLAT, r0x02
0025b0   f002
0025b2   5002     movf	0x2, 0, 0           	MOVF	r0x02, W
0025b4   1292     iorwf	0x92, 0x1, 0       	IORWF	_TRISA, F
0025b6   d015     bra	0x25e2               	BRA	_00168_DS_
                                           _00165_DS_:
                                           ;	.line	80; /home/jesuscarlos/Programming_box/Pinguino/Pinguino32X_delays/svn/branches/pic32/C32/linux/tools/bin/../share/sdcc/include/pic16/digitalw.c	else TRISA=TRISA & (255-mask[input]);
0025b8   6a02     clrf	0x2, 0              	CLRF	r0x02
0025ba   be01     btfsc	0x1, 0x7, 0        	BTFSC	r0x01, 7
0025bc   6802     setf	0x2, 0              	SETF	r0x02
0025be   0e86     movlw	0x86               	MOVLW	LOW(_mask)
0025c0   2600     addwf	0, 0x1, 0          	ADDWF	r0x00, F
0025c2   0e23     movlw	0x23               	MOVLW	HIGH(_mask)
0025c4   2201     addwfc	0x1, 0x1, 0       	ADDWFC	r0x01, F
0025c6   0e00     movlw	0                  	MOVLW	UPPER(_mask)
0025c8   2202     addwfc	0x2, 0x1, 0       	ADDWFC	r0x02, F
0025ca   c000     movff	0, 0xff6           	MOVFF	r0x00, TBLPTRL
0025cc   fff6
0025ce   c001     movff	0x1, 0xff7         	MOVFF	r0x01, TBLPTRH
0025d0   fff7
0025d2   c002     movff	0x2, 0xff8         	MOVFF	r0x02, TBLPTRU
0025d4   fff8
0025d6   0009     tblrd	*+                 	TBLRD*+	
0025d8   cff5     movff	0xff5, 0           	MOVFF	TABLAT, r0x00
0025da   f000
0025dc   5000     movf	0, 0, 0             	MOVF	r0x00, W
0025de   08ff     sublw	0xff               	SUBLW	0xff
                                           ; #	MOVWF	r0x00
                                           ; #	MOVF	r0x00, W
0025e0   1692     andwf	0x92, 0x1, 0       	ANDWF	_TRISA, F
                                           _00168_DS_:
                                           ;	.line	90; /home/jesuscarlos/Programming_box/Pinguino/Pinguino32X_delays/svn/branches/pic32/C32/linux/tools/bin/../share/sdcc/include/pic16/digitalw.c	}
0025e2   cfe4     movff	0xfe4, 0x6         	MOVFF	PREINC1, r0x06
0025e4   f006
0025e6   cfe4     movff	0xfe4, 0x5         	MOVFF	PREINC1, r0x05
0025e8   f005
0025ea   cfe4     movff	0xfe4, 0x4         	MOVFF	PREINC1, r0x04
0025ec   f004
0025ee   cfe4     movff	0xfe4, 0x3         	MOVFF	PREINC1, r0x03
0025f0   f003
0025f2   cfe4     movff	0xfe4, 0x2         	MOVFF	PREINC1, r0x02
0025f4   f002
0025f6   cfe4     movff	0xfe4, 0x1         	MOVFF	PREINC1, r0x01
0025f8   f001
0025fa   cfe4     movff	0xfe4, 0           	MOVFF	PREINC1, r0x00
0025fc   f000
0025fe   cfe4     movff	0xfe4, 0xfd9       	MOVFF	PREINC1, FSR2L
002600   ffd9
002602   0012     return	0                 	RETURN	
                                           
                                           ; ; Starting pCode block
                                           S_main__digitalread	code
                                           _digitalread:
                                           ;	.line	44; /home/jesuscarlos/Programming_box/Pinguino/Pinguino32X_delays/svn/branches/pic32/C32/linux/tools/bin/../share/sdcc/include/pic16/digitalw.c	int digitalread(int input)
0027fa   cfd9     movff	0xfd9, 0xfe5       	MOVFF	FSR2L, POSTDEC1
0027fc   ffe5
0027fe   cfe1     movff	0xfe1, 0xfd9       	MOVFF	FSR1L, FSR2L
002800   ffd9
002802   c000     movff	0, 0xfe5           	MOVFF	r0x00, POSTDEC1
002804   ffe5
002806   c001     movff	0x1, 0xfe5         	MOVFF	r0x01, POSTDEC1
002808   ffe5
00280a   c002     movff	0x2, 0xfe5         	MOVFF	r0x02, POSTDEC1
00280c   ffe5
00280e   c003     movff	0x3, 0xfe5         	MOVFF	r0x03, POSTDEC1
002810   ffe5
002812   c004     movff	0x4, 0xfe5         	MOVFF	r0x04, POSTDEC1
002814   ffe5
002816   0e02     movlw	0x2                	MOVLW	0x02
002818   cfdb     movff	0xfdb, 0           	MOVFF	PLUSW2, r0x00
00281a   f000
00281c   0e03     movlw	0x3                	MOVLW	0x03
00281e   cfdb     movff	0xfdb, 0x1         	MOVFF	PLUSW2, r0x01
002820   f001
                                           ;	.line	46; /home/jesuscarlos/Programming_box/Pinguino/Pinguino32X_delays/svn/branches/pic32/C32/linux/tools/bin/../share/sdcc/include/pic16/digitalw.c	switch (port[input])
002822   0e98     movlw	0x98               	MOVLW	LOW(_port)
002824   2400     addwf	0, 0, 0            	ADDWF	r0x00, W
002826   6e02     movwf	0x2, 0             	MOVWF	r0x02
002828   0e23     movlw	0x23               	MOVLW	HIGH(_port)
00282a   2001     addwfc	0x1, 0, 0         	ADDWFC	r0x01, W
00282c   6e03     movwf	0x3, 0             	MOVWF	r0x03
00282e   6a04     clrf	0x4, 0              	CLRF	r0x04
002830   be01     btfsc	0x1, 0x7, 0        	BTFSC	r0x01, 7
002832   6804     setf	0x4, 0              	SETF	r0x04
002834   0e00     movlw	0                  	MOVLW	UPPER(_port)
002836   2204     addwfc	0x4, 0x1, 0       	ADDWFC	r0x04, F
002838   c002     movff	0x2, 0xff6         	MOVFF	r0x02, TBLPTRL
00283a   fff6
00283c   c003     movff	0x3, 0xff7         	MOVFF	r0x03, TBLPTRH
00283e   fff7
002840   c004     movff	0x4, 0xff8         	MOVFF	r0x04, TBLPTRU
002842   fff8
002844   0009     tblrd	*+                 	TBLRD*+	
002846   cff5     movff	0xff5, 0x2         	MOVFF	TABLAT, r0x02
002848   f002
00284a   0e03     movlw	0x3                	MOVLW	0x03
00284c   5c02     subwf	0x2, 0, 0          	SUBWF	r0x02, W
00284e   b0d8     btfsc	0xd8, 0, 0         	BTFSC	STATUS, 0
002850   d079     bra	0x2944               	BRA	_00142_DS_
002852   c005     movff	0x5, 0xfe5         	MOVFF	r0x05, POSTDEC1
002854   ffe5
002856   c006     movff	0x6, 0xfe5         	MOVFF	r0x06, POSTDEC1
002858   ffe5
00285a   6a06     clrf	0x6, 0              	CLRF	r0x06
00285c   3402     rlcf	0x2, 0, 0           	RLCF	r0x02, W
00285e   3606     rlcf	0x6, 0x1, 0         	RLCF	r0x06, F
002860   34e8     rlcf	0xe8, 0, 0          	RLCF	WREG, W
002862   3606     rlcf	0x6, 0x1, 0         	RLCF	r0x06, F
002864   0bfc     andlw	0xfc               	ANDLW	0xfc
002866   6e05     movwf	0x5, 0             	MOVWF	r0x05
002868   0e00     movlw	0                  	MOVLW	UPPER(_00150_DS_)
00286a   6efb     movwf	0xfb, 0            	MOVWF	PCLATU
00286c   0e28     movlw	0x28               	MOVLW	HIGH(_00150_DS_)
00286e   6efa     movwf	0xfa, 0            	MOVWF	PCLATH
002870   0e88     movlw	0x88               	MOVLW	LOW(_00150_DS_)
002872   2605     addwf	0x5, 0x1, 0        	ADDWF	r0x05, F
002874   5006     movf	0x6, 0, 0           	MOVF	r0x06, W
002876   22fa     addwfc	0xfa, 0x1, 0      	ADDWFC	PCLATH, F
002878   b0d8     btfsc	0xd8, 0, 0         	BTFSC	STATUS, 0
00287a   2afb     incf	0xfb, 0x1, 0        	INCF	PCLATU, F
00287c   5005     movf	0x5, 0, 0           	MOVF	r0x05, W
00287e   cfe4     movff	0xfe4, 0x6         	MOVFF	PREINC1, r0x06
002880   f006
002882   cfe4     movff	0xfe4, 0x5         	MOVFF	PREINC1, r0x05
002884   f005
002886   6ef9     movwf	0xf9, 0            	MOVWF	PCL
                                           _00150_DS_:
002888   ef4a     goto	0x2894              	GOTO	_00130_DS_
00288a   f014
00288c   ef68     goto	0x28d0              	GOTO	_00134_DS_
00288e   f014
002890   ef86     goto	0x290c              	GOTO	_00138_DS_
002892   f014
                                           _00130_DS_:
                                           ;	.line	48; /home/jesuscarlos/Programming_box/Pinguino/Pinguino32X_delays/svn/branches/pic32/C32/linux/tools/bin/../share/sdcc/include/pic16/digitalw.c	case 0: if ((PORTB & mask[input])!=0) return (1);
002894   0e86     movlw	0x86               	MOVLW	LOW(_mask)
002896   2400     addwf	0, 0, 0            	ADDWF	r0x00, W
002898   6e02     movwf	0x2, 0             	MOVWF	r0x02
00289a   0e23     movlw	0x23               	MOVLW	HIGH(_mask)
00289c   2001     addwfc	0x1, 0, 0         	ADDWFC	r0x01, W
00289e   6e03     movwf	0x3, 0             	MOVWF	r0x03
0028a0   6a04     clrf	0x4, 0              	CLRF	r0x04
0028a2   be01     btfsc	0x1, 0x7, 0        	BTFSC	r0x01, 7
0028a4   6804     setf	0x4, 0              	SETF	r0x04
0028a6   0e00     movlw	0                  	MOVLW	UPPER(_mask)
0028a8   2204     addwfc	0x4, 0x1, 0       	ADDWFC	r0x04, F
0028aa   c002     movff	0x2, 0xff6         	MOVFF	r0x02, TBLPTRL
0028ac   fff6
0028ae   c003     movff	0x3, 0xff7         	MOVFF	r0x03, TBLPTRH
0028b0   fff7
0028b2   c004     movff	0x4, 0xff8         	MOVFF	r0x04, TBLPTRU
0028b4   fff8
0028b6   0009     tblrd	*+                 	TBLRD*+	
0028b8   cff5     movff	0xff5, 0x2         	MOVFF	TABLAT, r0x02
0028ba   f002
0028bc   5081     movf	0x81, 0, 0          	MOVF	_PORTB, W
0028be   1602     andwf	0x2, 0x1, 0        	ANDWF	r0x02, F
0028c0   5002     movf	0x2, 0, 0           	MOVF	r0x02, W
0028c2   e003     bz	0x28ca                	BZ	_00132_DS_
0028c4   6af3     clrf	0xf3, 0             	CLRF	PRODL
0028c6   0e01     movlw	0x1                	MOVLW	0x01
0028c8   d03f     bra	0x2948               	BRA	_00143_DS_
                                           _00132_DS_:
                                           ;	.line	49; /home/jesuscarlos/Programming_box/Pinguino/Pinguino32X_delays/svn/branches/pic32/C32/linux/tools/bin/../share/sdcc/include/pic16/digitalw.c	else return (0);
0028ca   6af3     clrf	0xf3, 0             	CLRF	PRODL
0028cc   6ae8     clrf	0xe8, 0             	CLRF	WREG
0028ce   d03c     bra	0x2948               	BRA	_00143_DS_
                                           _00134_DS_:
                                           ;	.line	51; /home/jesuscarlos/Programming_box/Pinguino/Pinguino32X_delays/svn/branches/pic32/C32/linux/tools/bin/../share/sdcc/include/pic16/digitalw.c	case 1: if ((PORTC & mask[input])!=0) return (1);
0028d0   0e86     movlw	0x86               	MOVLW	LOW(_mask)
0028d2   2400     addwf	0, 0, 0            	ADDWF	r0x00, W
0028d4   6e02     movwf	0x2, 0             	MOVWF	r0x02
0028d6   0e23     movlw	0x23               	MOVLW	HIGH(_mask)
0028d8   2001     addwfc	0x1, 0, 0         	ADDWFC	r0x01, W
0028da   6e03     movwf	0x3, 0             	MOVWF	r0x03
0028dc   6a04     clrf	0x4, 0              	CLRF	r0x04
0028de   be01     btfsc	0x1, 0x7, 0        	BTFSC	r0x01, 7
0028e0   6804     setf	0x4, 0              	SETF	r0x04
0028e2   0e00     movlw	0                  	MOVLW	UPPER(_mask)
0028e4   2204     addwfc	0x4, 0x1, 0       	ADDWFC	r0x04, F
0028e6   c002     movff	0x2, 0xff6         	MOVFF	r0x02, TBLPTRL
0028e8   fff6
0028ea   c003     movff	0x3, 0xff7         	MOVFF	r0x03, TBLPTRH
0028ec   fff7
0028ee   c004     movff	0x4, 0xff8         	MOVFF	r0x04, TBLPTRU
0028f0   fff8
0028f2   0009     tblrd	*+                 	TBLRD*+	
0028f4   cff5     movff	0xff5, 0x2         	MOVFF	TABLAT, r0x02
0028f6   f002
0028f8   5082     movf	0x82, 0, 0          	MOVF	_PORTC, W
0028fa   1602     andwf	0x2, 0x1, 0        	ANDWF	r0x02, F
0028fc   5002     movf	0x2, 0, 0           	MOVF	r0x02, W
0028fe   e003     bz	0x2906                	BZ	_00136_DS_
002900   6af3     clrf	0xf3, 0             	CLRF	PRODL
002902   0e01     movlw	0x1                	MOVLW	0x01
002904   d021     bra	0x2948               	BRA	_00143_DS_
                                           _00136_DS_:
                                           ;	.line	52; /home/jesuscarlos/Programming_box/Pinguino/Pinguino32X_delays/svn/branches/pic32/C32/linux/tools/bin/../share/sdcc/include/pic16/digitalw.c	else return (0);
002906   6af3     clrf	0xf3, 0             	CLRF	PRODL
002908   6ae8     clrf	0xe8, 0             	CLRF	WREG
00290a   d01e     bra	0x2948               	BRA	_00143_DS_
                                           _00138_DS_:
                                           ;	.line	54; /home/jesuscarlos/Programming_box/Pinguino/Pinguino32X_delays/svn/branches/pic32/C32/linux/tools/bin/../share/sdcc/include/pic16/digitalw.c	case 2: if ((PORTA & mask[input])!=0) return (1);
00290c   6a02     clrf	0x2, 0              	CLRF	r0x02
00290e   be01     btfsc	0x1, 0x7, 0        	BTFSC	r0x01, 7
002910   6802     setf	0x2, 0              	SETF	r0x02
002912   0e86     movlw	0x86               	MOVLW	LOW(_mask)
002914   2600     addwf	0, 0x1, 0          	ADDWF	r0x00, F
002916   0e23     movlw	0x23               	MOVLW	HIGH(_mask)
002918   2201     addwfc	0x1, 0x1, 0       	ADDWFC	r0x01, F
00291a   0e00     movlw	0                  	MOVLW	UPPER(_mask)
00291c   2202     addwfc	0x2, 0x1, 0       	ADDWFC	r0x02, F
00291e   c000     movff	0, 0xff6           	MOVFF	r0x00, TBLPTRL
002920   fff6
002922   c001     movff	0x1, 0xff7         	MOVFF	r0x01, TBLPTRH
002924   fff7
002926   c002     movff	0x2, 0xff8         	MOVFF	r0x02, TBLPTRU
002928   fff8
00292a   0009     tblrd	*+                 	TBLRD*+	
00292c   cff5     movff	0xff5, 0           	MOVFF	TABLAT, r0x00
00292e   f000
002930   5080     movf	0x80, 0, 0          	MOVF	_PORTA, W
002932   1600     andwf	0, 0x1, 0          	ANDWF	r0x00, F
002934   5000     movf	0, 0, 0             	MOVF	r0x00, W
002936   e003     bz	0x293e                	BZ	_00140_DS_
002938   6af3     clrf	0xf3, 0             	CLRF	PRODL
00293a   0e01     movlw	0x1                	MOVLW	0x01
00293c   d005     bra	0x2948               	BRA	_00143_DS_
                                           _00140_DS_:
                                           ;	.line	55; /home/jesuscarlos/Programming_box/Pinguino/Pinguino32X_delays/svn/branches/pic32/C32/linux/tools/bin/../share/sdcc/include/pic16/digitalw.c	else return (0);
00293e   6af3     clrf	0xf3, 0             	CLRF	PRODL
002940   6ae8     clrf	0xe8, 0             	CLRF	WREG
002942   d002     bra	0x2948               	BRA	_00143_DS_
                                           _00142_DS_:
                                           ;	.line	66; /home/jesuscarlos/Programming_box/Pinguino/Pinguino32X_delays/svn/branches/pic32/C32/linux/tools/bin/../share/sdcc/include/pic16/digitalw.c	return (0);
002944   6af3     clrf	0xf3, 0             	CLRF	PRODL
002946   6ae8     clrf	0xe8, 0             	CLRF	WREG
                                           _00143_DS_:
002948   cfe4     movff	0xfe4, 0x4         	MOVFF	PREINC1, r0x04
00294a   f004
00294c   cfe4     movff	0xfe4, 0x3         	MOVFF	PREINC1, r0x03
00294e   f003
002950   cfe4     movff	0xfe4, 0x2         	MOVFF	PREINC1, r0x02
002952   f002
002954   cfe4     movff	0xfe4, 0x1         	MOVFF	PREINC1, r0x01
002956   f001
002958   cfe4     movff	0xfe4, 0           	MOVFF	PREINC1, r0x00
00295a   f000
00295c   cfe4     movff	0xfe4, 0xfd9       	MOVFF	PREINC1, FSR2L
00295e   ffd9
002960   0012     return	0                 	RETURN	
                                           
                                           ; ; Starting pCode block
                                           S_main__digitalwrite	code
                                           _digitalwrite:
                                           ;	.line	20; /home/jesuscarlos/Programming_box/Pinguino/Pinguino32X_delays/svn/branches/pic32/C32/linux/tools/bin/../share/sdcc/include/pic16/digitalw.c	void digitalwrite(int output,int state)
002604   cfd9     movff	0xfd9, 0xfe5       	MOVFF	FSR2L, POSTDEC1
002606   ffe5
002608   cfe1     movff	0xfe1, 0xfd9       	MOVFF	FSR1L, FSR2L
00260a   ffd9
00260c   c000     movff	0, 0xfe5           	MOVFF	r0x00, POSTDEC1
00260e   ffe5
002610   c001     movff	0x1, 0xfe5         	MOVFF	r0x01, POSTDEC1
002612   ffe5
002614   c002     movff	0x2, 0xfe5         	MOVFF	r0x02, POSTDEC1
002616   ffe5
002618   c003     movff	0x3, 0xfe5         	MOVFF	r0x03, POSTDEC1
00261a   ffe5
00261c   c004     movff	0x4, 0xfe5         	MOVFF	r0x04, POSTDEC1
00261e   ffe5
002620   c005     movff	0x5, 0xfe5         	MOVFF	r0x05, POSTDEC1
002622   ffe5
002624   c006     movff	0x6, 0xfe5         	MOVFF	r0x06, POSTDEC1
002626   ffe5
002628   0e02     movlw	0x2                	MOVLW	0x02
00262a   cfdb     movff	0xfdb, 0           	MOVFF	PLUSW2, r0x00
00262c   f000
00262e   0e03     movlw	0x3                	MOVLW	0x03
002630   cfdb     movff	0xfdb, 0x1         	MOVFF	PLUSW2, r0x01
002632   f001
002634   0e04     movlw	0x4                	MOVLW	0x04
002636   cfdb     movff	0xfdb, 0x2         	MOVFF	PLUSW2, r0x02
002638   f002
00263a   0e05     movlw	0x5                	MOVLW	0x05
00263c   cfdb     movff	0xfdb, 0x3         	MOVFF	PLUSW2, r0x03
00263e   f003
                                           ;	.line	22; /home/jesuscarlos/Programming_box/Pinguino/Pinguino32X_delays/svn/branches/pic32/C32/linux/tools/bin/../share/sdcc/include/pic16/digitalw.c	switch (port[output])
002640   0e98     movlw	0x98               	MOVLW	LOW(_port)
002642   2400     addwf	0, 0, 0            	ADDWF	r0x00, W
002644   6e04     movwf	0x4, 0             	MOVWF	r0x04
002646   0e23     movlw	0x23               	MOVLW	HIGH(_port)
002648   2001     addwfc	0x1, 0, 0         	ADDWFC	r0x01, W
00264a   6e05     movwf	0x5, 0             	MOVWF	r0x05
00264c   6a06     clrf	0x6, 0              	CLRF	r0x06
00264e   be01     btfsc	0x1, 0x7, 0        	BTFSC	r0x01, 7
002650   6806     setf	0x6, 0              	SETF	r0x06
002652   0e00     movlw	0                  	MOVLW	UPPER(_port)
002654   2206     addwfc	0x6, 0x1, 0       	ADDWFC	r0x06, F
002656   c004     movff	0x4, 0xff6         	MOVFF	r0x04, TBLPTRL
002658   fff6
00265a   c005     movff	0x5, 0xff7         	MOVFF	r0x05, TBLPTRH
00265c   fff7
00265e   c006     movff	0x6, 0xff8         	MOVFF	r0x06, TBLPTRU
002660   fff8
002662   0009     tblrd	*+                 	TBLRD*+	
002664   cff5     movff	0xff5, 0x4         	MOVFF	TABLAT, r0x04
002666   f004
002668   0e03     movlw	0x3                	MOVLW	0x03
00266a   5c04     subwf	0x4, 0, 0          	SUBWF	r0x04, W
00266c   b0d8     btfsc	0xd8, 0, 0         	BTFSC	STATUS, 0
00266e   d0b4     bra	0x27d8               	BRA	_00118_DS_
002670   c007     movff	0x7, 0xfe5         	MOVFF	r0x07, POSTDEC1
002672   ffe5
002674   c008     movff	0x8, 0xfe5         	MOVFF	r0x08, POSTDEC1
002676   ffe5
002678   6a08     clrf	0x8, 0              	CLRF	r0x08
00267a   3404     rlcf	0x4, 0, 0           	RLCF	r0x04, W
00267c   3608     rlcf	0x8, 0x1, 0         	RLCF	r0x08, F
00267e   34e8     rlcf	0xe8, 0, 0          	RLCF	WREG, W
002680   3608     rlcf	0x8, 0x1, 0         	RLCF	r0x08, F
002682   0bfc     andlw	0xfc               	ANDLW	0xfc
002684   6e07     movwf	0x7, 0             	MOVWF	r0x07
002686   0e00     movlw	0                  	MOVLW	UPPER(_00125_DS_)
002688   6efb     movwf	0xfb, 0            	MOVWF	PCLATU
00268a   0e26     movlw	0x26               	MOVLW	HIGH(_00125_DS_)
00268c   6efa     movwf	0xfa, 0            	MOVWF	PCLATH
00268e   0ea6     movlw	0xa6               	MOVLW	LOW(_00125_DS_)
002690   2607     addwf	0x7, 0x1, 0        	ADDWF	r0x07, F
002692   5008     movf	0x8, 0, 0           	MOVF	r0x08, W
002694   22fa     addwfc	0xfa, 0x1, 0      	ADDWFC	PCLATH, F
002696   b0d8     btfsc	0xd8, 0, 0         	BTFSC	STATUS, 0
002698   2afb     incf	0xfb, 0x1, 0        	INCF	PCLATU, F
00269a   5007     movf	0x7, 0, 0           	MOVF	r0x07, W
00269c   cfe4     movff	0xfe4, 0x8         	MOVFF	PREINC1, r0x08
00269e   f008
0026a0   cfe4     movff	0xfe4, 0x7         	MOVFF	PREINC1, r0x07
0026a2   f007
0026a4   6ef9     movwf	0xf9, 0            	MOVWF	PCL
                                           _00125_DS_:
0026a6   ef59     goto	0x26b2              	GOTO	_00105_DS_
0026a8   f013
0026aa   ef8b     goto	0x2716              	GOTO	_00109_DS_
0026ac   f013
0026ae   efbd     goto	0x277a              	GOTO	_00113_DS_
0026b0   f013
                                           _00105_DS_:
                                           ;	.line	24; /home/jesuscarlos/Programming_box/Pinguino/Pinguino32X_delays/svn/branches/pic32/C32/linux/tools/bin/../share/sdcc/include/pic16/digitalw.c	case 0: if (state) PORTB=PORTB | mask[output]; 
0026b2   5002     movf	0x2, 0, 0           	MOVF	r0x02, W
0026b4   1003     iorwf	0x3, 0, 0          	IORWF	r0x03, W
0026b6   e017     bz	0x26e6                	BZ	_00107_DS_
0026b8   0e86     movlw	0x86               	MOVLW	LOW(_mask)
0026ba   2400     addwf	0, 0, 0            	ADDWF	r0x00, W
0026bc   6e04     movwf	0x4, 0             	MOVWF	r0x04
0026be   0e23     movlw	0x23               	MOVLW	HIGH(_mask)
0026c0   2001     addwfc	0x1, 0, 0         	ADDWFC	r0x01, W
0026c2   6e05     movwf	0x5, 0             	MOVWF	r0x05
0026c4   6a06     clrf	0x6, 0              	CLRF	r0x06
0026c6   be01     btfsc	0x1, 0x7, 0        	BTFSC	r0x01, 7
0026c8   6806     setf	0x6, 0              	SETF	r0x06
0026ca   0e00     movlw	0                  	MOVLW	UPPER(_mask)
0026cc   2206     addwfc	0x6, 0x1, 0       	ADDWFC	r0x06, F
0026ce   c004     movff	0x4, 0xff6         	MOVFF	r0x04, TBLPTRL
0026d0   fff6
0026d2   c005     movff	0x5, 0xff7         	MOVFF	r0x05, TBLPTRH
0026d4   fff7
0026d6   c006     movff	0x6, 0xff8         	MOVFF	r0x06, TBLPTRU
0026d8   fff8
0026da   0009     tblrd	*+                 	TBLRD*+	
0026dc   cff5     movff	0xff5, 0x4         	MOVFF	TABLAT, r0x04
0026de   f004
0026e0   5004     movf	0x4, 0, 0           	MOVF	r0x04, W
0026e2   1281     iorwf	0x81, 0x1, 0       	IORWF	_PORTB, F
0026e4   d079     bra	0x27d8               	BRA	_00118_DS_
                                           _00107_DS_:
                                           ;	.line	25; /home/jesuscarlos/Programming_box/Pinguino/Pinguino32X_delays/svn/branches/pic32/C32/linux/tools/bin/../share/sdcc/include/pic16/digitalw.c	else PORTB=PORTB & (255-mask[output]);
0026e6   0e86     movlw	0x86               	MOVLW	LOW(_mask)
0026e8   2400     addwf	0, 0, 0            	ADDWF	r0x00, W
0026ea   6e04     movwf	0x4, 0             	MOVWF	r0x04
0026ec   0e23     movlw	0x23               	MOVLW	HIGH(_mask)
0026ee   2001     addwfc	0x1, 0, 0         	ADDWFC	r0x01, W
0026f0   6e05     movwf	0x5, 0             	MOVWF	r0x05
0026f2   6a06     clrf	0x6, 0              	CLRF	r0x06
0026f4   be01     btfsc	0x1, 0x7, 0        	BTFSC	r0x01, 7
0026f6   6806     setf	0x6, 0              	SETF	r0x06
0026f8   0e00     movlw	0                  	MOVLW	UPPER(_mask)
0026fa   2206     addwfc	0x6, 0x1, 0       	ADDWFC	r0x06, F
0026fc   c004     movff	0x4, 0xff6         	MOVFF	r0x04, TBLPTRL
0026fe   fff6
002700   c005     movff	0x5, 0xff7         	MOVFF	r0x05, TBLPTRH
002702   fff7
002704   c006     movff	0x6, 0xff8         	MOVFF	r0x06, TBLPTRU
002706   fff8
002708   0009     tblrd	*+                 	TBLRD*+	
00270a   cff5     movff	0xff5, 0x4         	MOVFF	TABLAT, r0x04
00270c   f004
00270e   5004     movf	0x4, 0, 0           	MOVF	r0x04, W
002710   08ff     sublw	0xff               	SUBLW	0xff
                                           ; #	MOVWF	r0x04
                                           ; #	MOVF	r0x04, W
002712   1681     andwf	0x81, 0x1, 0       	ANDWF	_PORTB, F
                                           ;	.line	26; /home/jesuscarlos/Programming_box/Pinguino/Pinguino32X_delays/svn/branches/pic32/C32/linux/tools/bin/../share/sdcc/include/pic16/digitalw.c	break;
002714   d061     bra	0x27d8               	BRA	_00118_DS_
                                           _00109_DS_:
                                           ;	.line	27; /home/jesuscarlos/Programming_box/Pinguino/Pinguino32X_delays/svn/branches/pic32/C32/linux/tools/bin/../share/sdcc/include/pic16/digitalw.c	case 1: if (state) PORTC=PORTC | mask[output];
002716   5002     movf	0x2, 0, 0           	MOVF	r0x02, W
002718   1003     iorwf	0x3, 0, 0          	IORWF	r0x03, W
00271a   e017     bz	0x274a                	BZ	_00111_DS_
00271c   0e86     movlw	0x86               	MOVLW	LOW(_mask)
00271e   2400     addwf	0, 0, 0            	ADDWF	r0x00, W
002720   6e04     movwf	0x4, 0             	MOVWF	r0x04
002722   0e23     movlw	0x23               	MOVLW	HIGH(_mask)
002724   2001     addwfc	0x1, 0, 0         	ADDWFC	r0x01, W
002726   6e05     movwf	0x5, 0             	MOVWF	r0x05
002728   6a06     clrf	0x6, 0              	CLRF	r0x06
00272a   be01     btfsc	0x1, 0x7, 0        	BTFSC	r0x01, 7
00272c   6806     setf	0x6, 0              	SETF	r0x06
00272e   0e00     movlw	0                  	MOVLW	UPPER(_mask)
002730   2206     addwfc	0x6, 0x1, 0       	ADDWFC	r0x06, F
002732   c004     movff	0x4, 0xff6         	MOVFF	r0x04, TBLPTRL
002734   fff6
002736   c005     movff	0x5, 0xff7         	MOVFF	r0x05, TBLPTRH
002738   fff7
00273a   c006     movff	0x6, 0xff8         	MOVFF	r0x06, TBLPTRU
00273c   fff8
00273e   0009     tblrd	*+                 	TBLRD*+	
002740   cff5     movff	0xff5, 0x4         	MOVFF	TABLAT, r0x04
002742   f004
002744   5004     movf	0x4, 0, 0           	MOVF	r0x04, W
002746   1282     iorwf	0x82, 0x1, 0       	IORWF	_PORTC, F
002748   d047     bra	0x27d8               	BRA	_00118_DS_
                                           _00111_DS_:
                                           ;	.line	28; /home/jesuscarlos/Programming_box/Pinguino/Pinguino32X_delays/svn/branches/pic32/C32/linux/tools/bin/../share/sdcc/include/pic16/digitalw.c	else PORTC=PORTC & (255-mask[output]);
00274a   0e86     movlw	0x86               	MOVLW	LOW(_mask)
00274c   2400     addwf	0, 0, 0            	ADDWF	r0x00, W
00274e   6e04     movwf	0x4, 0             	MOVWF	r0x04
002750   0e23     movlw	0x23               	MOVLW	HIGH(_mask)
002752   2001     addwfc	0x1, 0, 0         	ADDWFC	r0x01, W
002754   6e05     movwf	0x5, 0             	MOVWF	r0x05
002756   6a06     clrf	0x6, 0              	CLRF	r0x06
002758   be01     btfsc	0x1, 0x7, 0        	BTFSC	r0x01, 7
00275a   6806     setf	0x6, 0              	SETF	r0x06
00275c   0e00     movlw	0                  	MOVLW	UPPER(_mask)
00275e   2206     addwfc	0x6, 0x1, 0       	ADDWFC	r0x06, F
002760   c004     movff	0x4, 0xff6         	MOVFF	r0x04, TBLPTRL
002762   fff6
002764   c005     movff	0x5, 0xff7         	MOVFF	r0x05, TBLPTRH
002766   fff7
002768   c006     movff	0x6, 0xff8         	MOVFF	r0x06, TBLPTRU
00276a   fff8
00276c   0009     tblrd	*+                 	TBLRD*+	
00276e   cff5     movff	0xff5, 0x4         	MOVFF	TABLAT, r0x04
002770   f004
002772   5004     movf	0x4, 0, 0           	MOVF	r0x04, W
002774   08ff     sublw	0xff               	SUBLW	0xff
                                           ; #	MOVWF	r0x04
                                           ; #	MOVF	r0x04, W
002776   1682     andwf	0x82, 0x1, 0       	ANDWF	_PORTC, F
                                           ;	.line	29; /home/jesuscarlos/Programming_box/Pinguino/Pinguino32X_delays/svn/branches/pic32/C32/linux/tools/bin/../share/sdcc/include/pic16/digitalw.c	break;
002778   d02f     bra	0x27d8               	BRA	_00118_DS_
                                           _00113_DS_:
                                           ;	.line	30; /home/jesuscarlos/Programming_box/Pinguino/Pinguino32X_delays/svn/branches/pic32/C32/linux/tools/bin/../share/sdcc/include/pic16/digitalw.c	case 2: if (state) PORTA=PORTA | mask[output];
00277a   5002     movf	0x2, 0, 0           	MOVF	r0x02, W
00277c   1003     iorwf	0x3, 0, 0          	IORWF	r0x03, W
00277e   e017     bz	0x27ae                	BZ	_00115_DS_
002780   0e86     movlw	0x86               	MOVLW	LOW(_mask)
002782   2400     addwf	0, 0, 0            	ADDWF	r0x00, W
002784   6e02     movwf	0x2, 0             	MOVWF	r0x02
002786   0e23     movlw	0x23               	MOVLW	HIGH(_mask)
002788   2001     addwfc	0x1, 0, 0         	ADDWFC	r0x01, W
00278a   6e03     movwf	0x3, 0             	MOVWF	r0x03
00278c   6a04     clrf	0x4, 0              	CLRF	r0x04
00278e   be01     btfsc	0x1, 0x7, 0        	BTFSC	r0x01, 7
002790   6804     setf	0x4, 0              	SETF	r0x04
002792   0e00     movlw	0                  	MOVLW	UPPER(_mask)
002794   2204     addwfc	0x4, 0x1, 0       	ADDWFC	r0x04, F
002796   c002     movff	0x2, 0xff6         	MOVFF	r0x02, TBLPTRL
002798   fff6
00279a   c003     movff	0x3, 0xff7         	MOVFF	r0x03, TBLPTRH
00279c   fff7
00279e   c004     movff	0x4, 0xff8         	MOVFF	r0x04, TBLPTRU
0027a0   fff8
0027a2   0009     tblrd	*+                 	TBLRD*+	
0027a4   cff5     movff	0xff5, 0x2         	MOVFF	TABLAT, r0x02
0027a6   f002
0027a8   5002     movf	0x2, 0, 0           	MOVF	r0x02, W
0027aa   1280     iorwf	0x80, 0x1, 0       	IORWF	_PORTA, F
0027ac   d015     bra	0x27d8               	BRA	_00118_DS_
                                           _00115_DS_:
                                           ;	.line	31; /home/jesuscarlos/Programming_box/Pinguino/Pinguino32X_delays/svn/branches/pic32/C32/linux/tools/bin/../share/sdcc/include/pic16/digitalw.c	else PORTA=PORTA & (255-mask[output]);
0027ae   6a02     clrf	0x2, 0              	CLRF	r0x02
0027b0   be01     btfsc	0x1, 0x7, 0        	BTFSC	r0x01, 7
0027b2   6802     setf	0x2, 0              	SETF	r0x02
0027b4   0e86     movlw	0x86               	MOVLW	LOW(_mask)
0027b6   2600     addwf	0, 0x1, 0          	ADDWF	r0x00, F
0027b8   0e23     movlw	0x23               	MOVLW	HIGH(_mask)
0027ba   2201     addwfc	0x1, 0x1, 0       	ADDWFC	r0x01, F
0027bc   0e00     movlw	0                  	MOVLW	UPPER(_mask)
0027be   2202     addwfc	0x2, 0x1, 0       	ADDWFC	r0x02, F
0027c0   c000     movff	0, 0xff6           	MOVFF	r0x00, TBLPTRL
0027c2   fff6
0027c4   c001     movff	0x1, 0xff7         	MOVFF	r0x01, TBLPTRH
0027c6   fff7
0027c8   c002     movff	0x2, 0xff8         	MOVFF	r0x02, TBLPTRU
0027ca   fff8
0027cc   0009     tblrd	*+                 	TBLRD*+	
0027ce   cff5     movff	0xff5, 0           	MOVFF	TABLAT, r0x00
0027d0   f000
0027d2   5000     movf	0, 0, 0             	MOVF	r0x00, W
0027d4   08ff     sublw	0xff               	SUBLW	0xff
                                           ; #	MOVWF	r0x00
                                           ; #	MOVF	r0x00, W
0027d6   1680     andwf	0x80, 0x1, 0       	ANDWF	_PORTA, F
                                           _00118_DS_:
                                           ;	.line	41; /home/jesuscarlos/Programming_box/Pinguino/Pinguino32X_delays/svn/branches/pic32/C32/linux/tools/bin/../share/sdcc/include/pic16/digitalw.c	}
0027d8   cfe4     movff	0xfe4, 0x6         	MOVFF	PREINC1, r0x06
0027da   f006
0027dc   cfe4     movff	0xfe4, 0x5         	MOVFF	PREINC1, r0x05
0027de   f005
0027e0   cfe4     movff	0xfe4, 0x4         	MOVFF	PREINC1, r0x04
0027e2   f004
0027e4   cfe4     movff	0xfe4, 0x3         	MOVFF	PREINC1, r0x03
0027e6   f003
0027e8   cfe4     movff	0xfe4, 0x2         	MOVFF	PREINC1, r0x02
0027ea   f002
0027ec   cfe4     movff	0xfe4, 0x1         	MOVFF	PREINC1, r0x01
0027ee   f001
0027f0   cfe4     movff	0xfe4, 0           	MOVFF	PREINC1, r0x00
0027f2   f000
0027f4   cfe4     movff	0xfe4, 0xfd9       	MOVFF	PREINC1, FSR2L
0027f6   ffd9
0027f8   0012     return	0                 	RETURN	
                                           
                                           ; ; Starting pCode block for Ival
                                           	code
                                           _mask:
002386   0201     mulwf	0x1, 0             	DB	0x01, 0x02, 0x04, 0x08, 0x10, 0x20, 0x40, 0x80, 0x40, 0x80, 0x01, 0x02
002388   0804     sublw	0x4                
00238a   2010     addwfc	0x10, 0, 0        
00238c   8040     bsf	0x40, 0, 0           
00238e   8040     bsf	0x40, 0, 0           
002390   0201     mulwf	0x1, 0             
002392   0104     movlb	0x4                	DB	0x04, 0x01, 0x02, 0x04, 0x08, 0x20
002394   0402     decf	0x2, 0, 0           
002396   2008     addwfc	0x8, 0, 0         
                                           ; ; Starting pCode block for Ival
                                           _port:
002398   0000     nop                      	DB	0x00, 0x00, 0x00, 0x00, 0x00, 0x00, 0x00, 0x00, 0x01, 0x01, 0x01, 0x01
00239a   0000     nop                      
00239c   0000     nop                      
00239e   0000     nop                      
0023a0   0101     movlb	0x1                
0023a2   0101     movlb	0x1                
0023a4   0201     mulwf	0x1, 0             	DB	0x01, 0x02, 0x02, 0x02, 0x02, 0x02
0023a6   0202     mulwf	0x2, 0             
0023a8   0202     mulwf	0x2, 0             
                                           
                                           
                                           ; Statistics:
                                           ; code size:	 1872 (0x0750) bytes ( 1.43%)
                                           ;           	  936 (0x03a8) words
                                           ; udata size:	    0 (0x0000) bytes ( 0.00%)
                                           ; access size:	    9 (0x0009) bytes
                                           
                                           
                                           	end
                                           #endif
                                           #ifndef __P18FXXX__
                                           #define	__P18FXXX__	1
                                           
                                           
                                           		list	r=dec, n=96, st=off, mm=off
                                           
                                           	        nolist
                                           #endif
                                           #ifndef __P18FXXX__
                                           #define	__P18FXXX__	1
                                           
                                           
                                           		list	r=dec, n=96, st=off, mm=off
                                           
                                           	        nolist
                                           #endif
