Pinguino Beta 9-05
Welcome to Pinguino Beta 9-05
/home/mandon/programmation/pinguino developpement/pinguino_beta9-05_linux/tools/bin/../share/sdcc/include/pic16/usb/picUSB.c:338: warning 110: conditional flow changed by optimizer: so said EVELYN the modified DOG
/home/mandon/programmation/pinguino developpement/pinguino_beta9-05_linux/tools/bin/../share/sdcc/include/pic16/usb/picUSB.c:380: warning 154: converting integral to pointer without a cast
from type 'unsigned-int'
to type 'volatile-unsigned-int near* '
/home/mandon/programmation/pinguino developpement/pinguino_beta9-05_linux/tools/bin/../share/sdcc/include/pic16/usb/picUSB.c:472: warning 154: converting integral to pointer without a cast
from type 'unsigned-int'
to type 'volatile-unsigned-int near* '
/home/mandon/programmation/pinguino developpement/pinguino_beta9-05_linux/tools/bin/../share/sdcc/include/pic16/usb/picUSB.c:484: warning 154: converting integral to pointer without a cast
from type 'unsigned-int'
to type 'volatile-unsigned-int near* '
/home/mandon/programmation/pinguino developpement/pinguino_beta9-05_linux/tools/bin/../share/sdcc/include/pic16/usb/picUSB.c:488: warning 154: converting integral to pointer without a cast
from type 'unsigned-int'
to type 'volatile-unsigned-int near* '
/home/mandon/programmation/pinguino developpement/pinguino_beta9-05_linux/tools/bin/../share/sdcc/include/pic16/usb/picUSB.c:502: warning 154: converting integral to pointer without a cast
from type 'unsigned-int'
to type 'volatile-unsigned-int near* '
/home/mandon/programmation/pinguino developpement/pinguino_beta9-05_linux/tools/bin/../share/sdcc/include/pic16/usb/picUSB.c:517: warning 154: converting integral to pointer without a cast
from type 'unsigned-int'
to type 'volatile-unsigned-int near* '
/home/mandon/programmation/pinguino developpement/pinguino_beta9-05_linux/tools/bin/../share/sdcc/include/pic16/usb/usb_bulk.c:32: warning 154: converting integral to pointer without a cast
from type 'unsigned-int'
to type 'volatile-unsigned-int near* '
/home/mandon/programmation/pinguino developpement/pinguino_beta9-05_linux/tools/bin/../share/sdcc/include/pic16/usb/usb_bulk.c:36: warning 154: converting integral to pointer without a cast
from type 'unsigned-int'
to type 'volatile-unsigned-int near* '
/home/mandon/programmation/pinguino developpement/pinguino_beta9-05_linux/tools/bin/../share/sdcc/include/pic16/stdlib.c:31: error 91: extern definition for 'stdout' mismatches with declaration.
/home/mandon/programmation/pinguino developpement/pinguino_beta9-05_linux/tools/bin/../share/sdcc/include/pic16/stdio.h:96: error 177: previously defined here

/home/mandon/programmation/pinguino developpement/pinguino_beta9-05_linux/tools/bin/../share/sdcc/include/pic16/stdlib.c:32: syntax error: token -> 'putchar' ; column 21

error while compiling file examples/bulk/bulk.pde
