gplink-0.13.6 alpha
Copyright (c) 1998-2005 gputils project
Listing File Generated: 5-26-2011  09:55:39
 
 
Address  Value    Disassembly              Source
-------  -----    -----------              ------
                                           ;--------------------------------------------------------
                                           ; File Created by SDCC : free open source ANSI-C Compiler
                                           ; Version 2.9.7 #5938 (Aug 21 2010) (MINGW32)
                                           ; This file was generated Thu May 26 09:55:39 2011
                                           ;--------------------------------------------------------
                                           ; PIC16 port for the Microchip 16-bit core micros
                                           ;--------------------------------------------------------
                                           	list	p=18f2550
                                           
                                           	radix dec
                                           
                                           ;--------------------------------------------------------
                                           ; public variables in this module
                                           ;--------------------------------------------------------
                                           	global _digitalwrite
                                           	global _digitalread
                                           	global _pinmode
                                           	global _toggle
                                           	global _Delayms
                                           	global _epap_in
                                           	global _epap_out
                                           	global _epapin_init
                                           	global _epapout_init
                                           	global _setup
                                           	global _loop
                                           	global _pinguino_main
                                           	global _high_priority_isr
                                           	global _low_priority_isr
                                           	global _mask
                                           	global _port
                                           
                                           ;--------------------------------------------------------
                                           ; extern variables in this module
                                           ;--------------------------------------------------------
                                           	extern _SPPDATAbits
                                           	extern _SPPCFGbits
                                           	extern _SPPEPSbits
                                           	extern _SPPCONbits
                                           	extern _UFRMLbits
                                           	extern _UFRMHbits
                                           	extern _UIRbits
                                           	extern _UIEbits
                                           	extern _UEIRbits
                                           	extern _UEIEbits
                                           	extern _USTATbits
                                           	extern _UCONbits
                                           	extern _UADDRbits
                                           	extern _UCFGbits
                                           	extern _UEP0bits
                                           	extern _UEP1bits
                                           	extern _UEP2bits
                                           	extern _UEP3bits
                                           	extern _UEP4bits
                                           	extern _UEP5bits
                                           	extern _UEP6bits
                                           	extern _UEP7bits
                                           	extern _UEP8bits
                                           	extern _UEP9bits
                                           	extern _UEP10bits
                                           	extern _UEP11bits
                                           	extern _UEP12bits
                                           	extern _UEP13bits
                                           	extern _UEP14bits
                                           	extern _UEP15bits
                                           	extern _PORTAbits
                                           	extern _PORTBbits
                                           	extern _PORTCbits
                                           	extern _PORTDbits
                                           	extern _PORTEbits
                                           	extern _LATAbits
                                           	extern _LATBbits
                                           	extern _LATCbits
                                           	extern _LATDbits
                                           	extern _LATEbits
                                           	extern _TRISAbits
                                           	extern _TRISBbits
                                           	extern _TRISCbits
                                           	extern _TRISDbits
                                           	extern _TRISEbits
                                           	extern _OSCTUNEbits
                                           	extern _PIE1bits
                                           	extern _PIR1bits
                                           	extern _IPR1bits
                                           	extern _PIE2bits
                                           	extern _PIR2bits
                                           	extern _IPR2bits
                                           	extern _EECON1bits
                                           	extern _RCSTAbits
                                           	extern _TXSTAbits
                                           	extern _T3CONbits
                                           	extern _CMCONbits
                                           	extern _CVRCONbits
                                           	extern _ECCP1ASbits
                                           	extern _ECCP1DELbits
                                           	extern _BAUDCONbits
                                           	extern _CCP2CONbits
                                           	extern _CCP1CONbits
                                           	extern _ADCON2bits
                                           	extern _ADCON1bits
                                           	extern _ADCON0bits
                                           	extern _SSPCON2bits
                                           	extern _SSPCON1bits
                                           	extern _SSPSTATbits
                                           	extern _T2CONbits
                                           	extern _T1CONbits
                                           	extern _RCONbits
                                           	extern _WDTCONbits
                                           	extern _HLVDCONbits
                                           	extern _OSCCONbits
                                           	extern _T0CONbits
                                           	extern _STATUSbits
                                           	extern _FSR2Hbits
                                           	extern _BSRbits
                                           	extern _FSR1Hbits
                                           	extern _FSR0Hbits
                                           	extern _INTCON3bits
                                           	extern _INTCON2bits
                                           	extern _INTCONbits
                                           	extern _TBLPTRUbits
                                           	extern _PCLATHbits
                                           	extern _PCLATUbits
                                           	extern _STKPTRbits
                                           	extern _TOSUbits
                                           	extern _usb_device_state
                                           	extern _usb_active_cfg
                                           	extern _usb_active_alt_setting
                                           	extern _microsecs
                                           	extern _SPPDATA
                                           	extern _SPPCFG
                                           	extern _SPPEPS
                                           	extern _SPPCON
                                           	extern _UFRML
                                           	extern _UFRMH
                                           	extern _UIR
                                           	extern _UIE
                                           	extern _UEIR
                                           	extern _UEIE
                                           	extern _USTAT
                                           	extern _UCON
                                           	extern _UADDR
                                           	extern _UCFG
                                           	extern _UEP0
                                           	extern _UEP1
                                           	extern _UEP2
                                           	extern _UEP3
                                           	extern _UEP4
                                           	extern _UEP5
                                           	extern _UEP6
                                           	extern _UEP7
                                           	extern _UEP8
                                           	extern _UEP9
                                           	extern _UEP10
                                           	extern _UEP11
                                           	extern _UEP12
                                           	extern _UEP13
                                           	extern _UEP14
                                           	extern _UEP15
                                           	extern _PORTA
                                           	extern _PORTB
                                           	extern _PORTC
                                           	extern _PORTD
                                           	extern _PORTE
                                           	extern _LATA
                                           	extern _LATB
                                           	extern _LATC
                                           	extern _LATD
                                           	extern _LATE
                                           	extern _TRISA
                                           	extern _TRISB
                                           	extern _TRISC
                                           	extern _TRISD
                                           	extern _TRISE
                                           	extern _OSCTUNE
                                           	extern _PIE1
                                           	extern _PIR1
                                           	extern _IPR1
                                           	extern _PIE2
                                           	extern _PIR2
                                           	extern _IPR2
                                           	extern _EECON1
                                           	extern _EECON2
                                           	extern _EEDATA
                                           	extern _EEADR
                                           	extern _RCSTA
                                           	extern _TXSTA
                                           	extern _TXREG
                                           	extern _RCREG
                                           	extern _SPBRG
                                           	extern _SPBRGH
                                           	extern _T3CON
                                           	extern _TMR3L
                                           	extern _TMR3H
                                           	extern _CMCON
                                           	extern _CVRCON
                                           	extern _ECCP1AS
                                           	extern _ECCP1DEL
                                           	extern _BAUDCON
                                           	extern _CCP2CON
                                           	extern _CCPR2L
                                           	extern _CCPR2H
                                           	extern _CCP1CON
                                           	extern _CCPR1L
                                           	extern _CCPR1H
                                           	extern _ADCON2
                                           	extern _ADCON1
                                           	extern _ADCON0
                                           	extern _ADRESL
                                           	extern _ADRESH
                                           	extern _SSPCON2
                                           	extern _SSPCON1
                                           	extern _SSPSTAT
                                           	extern _SSPADD
                                           	extern _SSPBUF
                                           	extern _T2CON
                                           	extern _PR2
                                           	extern _TMR2
                                           	extern _T1CON
                                           	extern _TMR1L
                                           	extern _TMR1H
                                           	extern _RCON
                                           	extern _WDTCON
                                           	extern _HLVDCON
                                           	extern _OSCCON
                                           	extern _T0CON
                                           	extern _TMR0L
                                           	extern _TMR0H
                                           	extern _STATUS
                                           	extern _FSR2L
                                           	extern _FSR2H
                                           	extern _PLUSW2
                                           	extern _PREINC2
                                           	extern _POSTDEC2
                                           	extern _POSTINC2
                                           	extern _INDF2
                                           	extern _BSR
                                           	extern _FSR1L
                                           	extern _FSR1H
                                           	extern _PLUSW1
                                           	extern _PREINC1
                                           	extern _POSTDEC1
                                           	extern _POSTINC1
                                           	extern _INDF1
                                           	extern _WREG
                                           	extern _FSR0L
                                           	extern _FSR0H
                                           	extern _PLUSW0
                                           	extern _PREINC0
                                           	extern _POSTDEC0
                                           	extern _POSTINC0
                                           	extern _INDF0
                                           	extern _INTCON3
                                           	extern _INTCON2
                                           	extern _INTCON
                                           	extern _PRODL
                                           	extern _PRODH
                                           	extern _TABLAT
                                           	extern _TBLPTRL
                                           	extern _TBLPTRH
                                           	extern _TBLPTRU
                                           	extern _PCL
                                           	extern _PCLATH
                                           	extern _PCLATU
                                           	extern _STKPTR
                                           	extern _TOSL
                                           	extern _TOSH
                                           	extern _TOSU
                                           	extern _delay120tcy
                                           ;--------------------------------------------------------
                                           ;	Equates to used internal registers
                                           ;--------------------------------------------------------
                                           STATUS	equ	0xfd8
                                           PCL	equ	0xff9
                                           PCLATH	equ	0xffa
                                           PCLATU	equ	0xffb
                                           WREG	equ	0xfe8
                                           BSR	equ	0xfe0
                                           TBLPTRL	equ	0xff6
                                           TBLPTRH	equ	0xff7
                                           TBLPTRU	equ	0xff8
                                           TABLAT	equ	0xff5
                                           FSR0L	equ	0xfe9
                                           FSR0H	equ	0xfea
                                           FSR1L	equ	0xfe1
                                           FSR2L	equ	0xfd9
                                           POSTDEC1	equ	0xfe5
                                           PREINC1	equ	0xfe4
                                           PLUSW2	equ	0xfdb
                                           PRODL	equ	0xff3
                                           PRODH	equ	0xff4
                                           
                                           
                                           ; Internal registers
                                           .registers	udata_ovr	0x0000
                                           r0x00	res	1
                                           r0x01	res	1
                                           r0x02	res	1
                                           r0x03	res	1
                                           r0x04	res	1
                                           r0x05	res	1
                                           r0x06	res	1
                                           r0x07	res	1
                                           r0x08	res	1
                                           
                                           ;--------------------------------------------------------
                                           ; global & static initialisations
                                           ;--------------------------------------------------------
                                           ; ; Starting pCode block
                                           S_main__high_priority_isr	code	0X002020
                                           _high_priority_isr:
                                           ;	.line	121; C:\Users\jpm\Documents\pinguino32x_windows\source\main.c	void high_priority_isr(void) interrupt
002020   cfe8     movff	0xfe8, 0xfe5       	MOVFF	WREG, POSTDEC1
002022   ffe5
002024   cfd8     movff	0xfd8, 0xfe5       	MOVFF	STATUS, POSTDEC1
002026   ffe5
002028   cfe0     movff	0xfe0, 0xfe5       	MOVFF	BSR, POSTDEC1
00202a   ffe5
00202c   cff3     movff	0xff3, 0xfe5       	MOVFF	PRODL, POSTDEC1
00202e   ffe5
002030   cff4     movff	0xff4, 0xfe5       	MOVFF	PRODH, POSTDEC1
002032   ffe5
002034   cfe9     movff	0xfe9, 0xfe5       	MOVFF	FSR0L, POSTDEC1
002036   ffe5
002038   cfea     movff	0xfea, 0xfe5       	MOVFF	FSR0H, POSTDEC1
00203a   ffe5
00203c   cffa     movff	0xffa, 0xfe5       	MOVFF	PCLATH, POSTDEC1
00203e   ffe5
002040   cffb     movff	0xffb, 0xfe5       	MOVFF	PCLATU, POSTDEC1
002042   ffe5
                                           ;	.line	182; C:\Users\jpm\Documents\pinguino32x_windows\source\main.c	}
002044   cfe4     movff	0xfe4, 0xffb       	MOVFF	PREINC1, PCLATU
002046   fffb
002048   cfe4     movff	0xfe4, 0xffa       	MOVFF	PREINC1, PCLATH
00204a   fffa
00204c   cfe4     movff	0xfe4, 0xfea       	MOVFF	PREINC1, FSR0H
00204e   ffea
002050   cfe4     movff	0xfe4, 0xfe9       	MOVFF	PREINC1, FSR0L
002052   ffe9
002054   cfe4     movff	0xfe4, 0xff4       	MOVFF	PREINC1, PRODH
002056   fff4
002058   cfe4     movff	0xfe4, 0xff3       	MOVFF	PREINC1, PRODL
00205a   fff3
00205c   cfe4     movff	0xfe4, 0xfe0       	MOVFF	PREINC1, BSR
00205e   ffe0
002060   cfe4     movff	0xfe4, 0xfd8       	MOVFF	PREINC1, STATUS
002062   ffd8
002064   cfe4     movff	0xfe4, 0xfe8       	MOVFF	PREINC1, WREG
002066   ffe8
002068   0010     retfie	0                 	RETFIE	
                                           
                                           ; ; Starting pCode block
                                           S_main__low_priority_isr	code	0X004000
                                           _low_priority_isr:
                                           ;	.line	185; C:\Users\jpm\Documents\pinguino32x_windows\source\main.c	void low_priority_isr(void) interrupt
004000   cfe8     movff	0xfe8, 0xfe5       	MOVFF	WREG, POSTDEC1
004002   ffe5
004004   cfd8     movff	0xfd8, 0xfe5       	MOVFF	STATUS, POSTDEC1
004006   ffe5
004008   cfe0     movff	0xfe0, 0xfe5       	MOVFF	BSR, POSTDEC1
00400a   ffe5
00400c   cff3     movff	0xff3, 0xfe5       	MOVFF	PRODL, POSTDEC1
00400e   ffe5
004010   cff4     movff	0xff4, 0xfe5       	MOVFF	PRODH, POSTDEC1
004012   ffe5
004014   cfe9     movff	0xfe9, 0xfe5       	MOVFF	FSR0L, POSTDEC1
004016   ffe5
004018   cfea     movff	0xfea, 0xfe5       	MOVFF	FSR0H, POSTDEC1
00401a   ffe5
00401c   cffa     movff	0xffa, 0xfe5       	MOVFF	PCLATH, POSTDEC1
00401e   ffe5
004020   cffb     movff	0xffb, 0xfe5       	MOVFF	PCLATU, POSTDEC1
004022   ffe5
                                           ;	.line	190; C:\Users\jpm\Documents\pinguino32x_windows\source\main.c	}
004024   cfe4     movff	0xfe4, 0xffb       	MOVFF	PREINC1, PCLATU
004026   fffb
004028   cfe4     movff	0xfe4, 0xffa       	MOVFF	PREINC1, PCLATH
00402a   fffa
00402c   cfe4     movff	0xfe4, 0xfea       	MOVFF	PREINC1, FSR0H
00402e   ffea
004030   cfe4     movff	0xfe4, 0xfe9       	MOVFF	PREINC1, FSR0L
004032   ffe9
004034   cfe4     movff	0xfe4, 0xff4       	MOVFF	PREINC1, PRODH
004036   fff4
004038   cfe4     movff	0xfe4, 0xff3       	MOVFF	PREINC1, PRODL
00403a   fff3
00403c   cfe4     movff	0xfe4, 0xfe0       	MOVFF	PREINC1, BSR
00403e   ffe0
004040   cfe4     movff	0xfe4, 0xfd8       	MOVFF	PREINC1, STATUS
004042   ffd8
004044   cfe4     movff	0xfe4, 0xfe8       	MOVFF	PREINC1, WREG
004046   ffe8
004048   0010     retfie	0                 	RETFIE	
                                           
                                           ; I code from now on!
                                           ; ; Starting pCode block
                                           S_main__pinguino_main	code
                                           _pinguino_main:
                                           ;	.line	53; C:\Users\jpm\Documents\pinguino32x_windows\source\main.c	PIE1 = 0;
002b34   6a9d     clrf	0x9d, 0             	CLRF	_PIE1
                                           ;	.line	54; C:\Users\jpm\Documents\pinguino32x_windows\source\main.c	PIE2 = 0;
002b36   6aa0     clrf	0xa0, 0             	CLRF	_PIE2
                                           ;	.line	55; C:\Users\jpm\Documents\pinguino32x_windows\source\main.c	ADCON1 = 0b00001111;				// AN0 to AN12 Digital I/O
002b38   0e0f     movlw	0xf                	MOVLW	0x0f
002b3a   6ec1     movwf	0xc1, 0            	MOVWF	_ADCON1
                                           ;	.line	67; C:\Users\jpm\Documents\pinguino32x_windows\source\main.c	setup();
002b3c   eca4     call	0x2b48, 0           	CALL	_setup
002b3e   f015
                                           _00230_DS_:
                                           ;	.line	115; C:\Users\jpm\Documents\pinguino32x_windows\source\main.c	loop();
002b40   ec66     call	0x2acc, 0           	CALL	_loop
002b42   f015
002b44   d7fd     bra	0x2b40               	BRA	_00230_DS_
002b46   0012     return	0                 	RETURN	
                                           
                                           ; ; Starting pCode block
                                           S_main__loop	code
                                           _loop:
                                           ;	.line	13; C:\Users\jpm\Documents\pinguino32x_windows\source\/user.c	digitalwrite(13,LOW);
002acc   6ae5     clrf	0xe5, 0             	CLRF	POSTDEC1
002ace   0e01     movlw	0x1                	MOVLW	0x01
002ad0   6ee5     movwf	0xe5, 0            	MOVWF	POSTDEC1
002ad2   6ae5     clrf	0xe5, 0             	CLRF	POSTDEC1
002ad4   0e0d     movlw	0xd                	MOVLW	0x0d
002ad6   6ee5     movwf	0xe5, 0            	MOVWF	POSTDEC1
002ad8   ecf1     call	0x25e2, 0           	CALL	_digitalwrite
002ada   f012
002adc   0e04     movlw	0x4                	MOVLW	0x04
002ade   26e1     addwf	0xe1, 0x1, 0       	ADDWF	FSR1L, F
                                           ;	.line	14; C:\Users\jpm\Documents\pinguino32x_windows\source\/user.c	Delayms(500);
002ae0   6ae5     clrf	0xe5, 0             	CLRF	POSTDEC1
002ae2   6ae5     clrf	0xe5, 0             	CLRF	POSTDEC1
002ae4   0e01     movlw	0x1                	MOVLW	0x01
002ae6   6ee5     movwf	0xe5, 0            	MOVWF	POSTDEC1
002ae8   0ef4     movlw	0xf4               	MOVLW	0xf4
002aea   6ee5     movwf	0xe5, 0            	MOVWF	POSTDEC1
002aec   eca0     call	0x2940, 0           	CALL	_Delayms
002aee   f014
002af0   0e04     movlw	0x4                	MOVLW	0x04
002af2   26e1     addwf	0xe1, 0x1, 0       	ADDWF	FSR1L, F
                                           ;	.line	15; C:\Users\jpm\Documents\pinguino32x_windows\source\/user.c	}
002af4   6ae5     clrf	0xe5, 0             	CLRF	POSTDEC1
002af6   6ae5     clrf	0xe5, 0             	CLRF	POSTDEC1
002af8   6ae5     clrf	0xe5, 0             	CLRF	POSTDEC1
002afa   0e0d     movlw	0xd                	MOVLW	0x0d
002afc   6ee5     movwf	0xe5, 0            	MOVWF	POSTDEC1
002afe   ecf1     call	0x25e2, 0           	CALL	_digitalwrite
002b00   f012
002b02   0e04     movlw	0x4                	MOVLW	0x04
002b04   26e1     addwf	0xe1, 0x1, 0       	ADDWF	FSR1L, F
                                           ;	.line	16; C:\Users\jpm\Documents\pinguino32x_windows\source\/user.c	
002b06   6ae5     clrf	0xe5, 0             	CLRF	POSTDEC1
002b08   6ae5     clrf	0xe5, 0             	CLRF	POSTDEC1
002b0a   0e01     movlw	0x1                	MOVLW	0x01
002b0c   6ee5     movwf	0xe5, 0            	MOVWF	POSTDEC1
002b0e   0ef4     movlw	0xf4               	MOVLW	0xf4
002b10   6ee5     movwf	0xe5, 0            	MOVWF	POSTDEC1
002b12   eca0     call	0x2940, 0           	CALL	_Delayms
002b14   f014
002b16   0e04     movlw	0x4                	MOVLW	0x04
002b18   26e1     addwf	0xe1, 0x1, 0       	ADDWF	FSR1L, F
002b1a   0012     return	0                 	RETURN	
                                           
                                           ; ; Starting pCode block
                                           S_main__setup	code
                                           _setup:
                                           ;	.line	8; C:\Users\jpm\Documents\pinguino32x_windows\source\/user.c	
002b48   6ae5     clrf	0xe5, 0             	CLRF	POSTDEC1
002b4a   6ae5     clrf	0xe5, 0             	CLRF	POSTDEC1
002b4c   6ae5     clrf	0xe5, 0             	CLRF	POSTDEC1
002b4e   0e0d     movlw	0xd                	MOVLW	0x0d
002b50   6ee5     movwf	0xe5, 0            	MOVWF	POSTDEC1
002b52   ecf6     call	0x23ec, 0           	CALL	_pinmode
002b54   f011
002b56   0e04     movlw	0x4                	MOVLW	0x04
002b58   26e1     addwf	0xe1, 0x1, 0       	ADDWF	FSR1L, F
002b5a   0012     return	0                 	RETURN	
                                           
                                           ; ; Starting pCode block
                                           S_main__epapout_init	code
                                           _epapout_init:
                                           ;	.line	41; C:\Users\jpm\Documents\pinguino32x_windows\source\main.c	void epapout_init() { return; }
002b6c   0012     return	0                 	RETURN	
                                           
                                           ; ; Starting pCode block
                                           S_main__epapin_init	code
                                           _epapin_init:
                                           ;	.line	40; C:\Users\jpm\Documents\pinguino32x_windows\source\main.c	void epapin_init() { return; }
002b6e   0012     return	0                 	RETURN	
                                           
                                           ; ; Starting pCode block
                                           S_main__epap_out	code
                                           _epap_out:
                                           ;	.line	39; C:\Users\jpm\Documents\pinguino32x_windows\source\main.c	void epap_out() { return; }
002b70   0012     return	0                 	RETURN	
                                           
                                           ; ; Starting pCode block
                                           S_main__epap_in	code
                                           _epap_in:
                                           ;	.line	38; C:\Users\jpm\Documents\pinguino32x_windows\source\main.c	void epap_in() { return; }
002b72   0012     return	0                 	RETURN	
                                           
                                           ; ; Starting pCode block
                                           S_main__Delayms	code
                                           _Delayms:
                                           ;	.line	10; C:/Users/jpm/Documents/pinguino32x_windows/tools/bin/../include/pic16/pinguinodelay.c	void Delayms(unsigned long milliseconde)
002940   cfd9     movff	0xfd9, 0xfe5       	MOVFF	FSR2L, POSTDEC1
002942   ffe5
002944   cfe1     movff	0xfe1, 0xfd9       	MOVFF	FSR1L, FSR2L
002946   ffd9
002948   c000     movff	0, 0xfe5           	MOVFF	r0x00, POSTDEC1
00294a   ffe5
00294c   c001     movff	0x1, 0xfe5         	MOVFF	r0x01, POSTDEC1
00294e   ffe5
002950   c002     movff	0x2, 0xfe5         	MOVFF	r0x02, POSTDEC1
002952   ffe5
002954   c003     movff	0x3, 0xfe5         	MOVFF	r0x03, POSTDEC1
002956   ffe5
002958   c004     movff	0x4, 0xfe5         	MOVFF	r0x04, POSTDEC1
00295a   ffe5
00295c   c005     movff	0x5, 0xfe5         	MOVFF	r0x05, POSTDEC1
00295e   ffe5
002960   c006     movff	0x6, 0xfe5         	MOVFF	r0x06, POSTDEC1
002962   ffe5
002964   c007     movff	0x7, 0xfe5         	MOVFF	r0x07, POSTDEC1
002966   ffe5
002968   0e02     movlw	0x2                	MOVLW	0x02
00296a   cfdb     movff	0xfdb, 0           	MOVFF	PLUSW2, r0x00
00296c   f000
00296e   0e03     movlw	0x3                	MOVLW	0x03
002970   cfdb     movff	0xfdb, 0x1         	MOVFF	PLUSW2, r0x01
002972   f001
002974   0e04     movlw	0x4                	MOVLW	0x04
002976   cfdb     movff	0xfdb, 0x2         	MOVFF	PLUSW2, r0x02
002978   f002
00297a   0e05     movlw	0x5                	MOVLW	0x05
00297c   cfdb     movff	0xfdb, 0x3         	MOVFF	PLUSW2, r0x03
00297e   f003
                                           ;	.line	14; C:/Users/jpm/Documents/pinguino32x_windows/tools/bin/../include/pic16/pinguinodelay.c	for (i=0;i<milliseconde;i++) delay120tcy(100);
002980   6a04     clrf	0x4, 0              	CLRF	r0x04
002982   6a05     clrf	0x5, 0              	CLRF	r0x05
002984   6a06     clrf	0x6, 0              	CLRF	r0x06
002986   6a07     clrf	0x7, 0              	CLRF	r0x07
                                           _00185_DS_:
002988   5003     movf	0x3, 0, 0           	MOVF	r0x03, W
00298a   5c07     subwf	0x7, 0, 0          	SUBWF	r0x07, W
00298c   e108     bnz	0x299e               	BNZ	_00194_DS_
00298e   5002     movf	0x2, 0, 0           	MOVF	r0x02, W
002990   5c06     subwf	0x6, 0, 0          	SUBWF	r0x06, W
002992   e105     bnz	0x299e               	BNZ	_00194_DS_
002994   5001     movf	0x1, 0, 0           	MOVF	r0x01, W
002996   5c05     subwf	0x5, 0, 0          	SUBWF	r0x05, W
002998   e102     bnz	0x299e               	BNZ	_00194_DS_
00299a   5000     movf	0, 0, 0             	MOVF	r0x00, W
00299c   5c04     subwf	0x4, 0, 0          	SUBWF	r0x04, W
                                           _00194_DS_:
00299e   e20b     bc	0x29b6                	BC	_00189_DS_
0029a0   0e64     movlw	0x64               	MOVLW	0x64
0029a2   ecd5     call	0x23aa, 0           	CALL	_delay120tcy
0029a4   f011
0029a6   2a04     incf	0x4, 0x1, 0         	INCF	r0x04, F
0029a8   b0d8     btfsc	0xd8, 0, 0         	BTFSC	STATUS, 0
0029aa   2a05     incf	0x5, 0x1, 0         	INCF	r0x05, F
0029ac   b0d8     btfsc	0xd8, 0, 0         	BTFSC	STATUS, 0
0029ae   2a06     incf	0x6, 0x1, 0         	INCF	r0x06, F
0029b0   b0d8     btfsc	0xd8, 0, 0         	BTFSC	STATUS, 0
0029b2   2a07     incf	0x7, 0x1, 0         	INCF	r0x07, F
0029b4   d7e9     bra	0x2988               	BRA	_00185_DS_
                                           _00189_DS_:
0029b6   cfe4     movff	0xfe4, 0x7         	MOVFF	PREINC1, r0x07
0029b8   f007
0029ba   cfe4     movff	0xfe4, 0x6         	MOVFF	PREINC1, r0x06
0029bc   f006
0029be   cfe4     movff	0xfe4, 0x5         	MOVFF	PREINC1, r0x05
0029c0   f005
0029c2   cfe4     movff	0xfe4, 0x4         	MOVFF	PREINC1, r0x04
0029c4   f004
0029c6   cfe4     movff	0xfe4, 0x3         	MOVFF	PREINC1, r0x03
0029c8   f003
0029ca   cfe4     movff	0xfe4, 0x2         	MOVFF	PREINC1, r0x02
0029cc   f002
0029ce   cfe4     movff	0xfe4, 0x1         	MOVFF	PREINC1, r0x01
0029d0   f001
0029d2   cfe4     movff	0xfe4, 0           	MOVFF	PREINC1, r0x00
0029d4   f000
0029d6   cfe4     movff	0xfe4, 0xfd9       	MOVFF	PREINC1, FSR2L
0029d8   ffd9
0029da   0012     return	0                 	RETURN	
                                           
                                           ; ; Starting pCode block
                                           S_main__toggle	code
                                           _toggle:
                                           ;	.line	93; C:/Users/jpm/Documents/pinguino32x_windows/tools/bin/../include/pic16/digitalw.c	void toggle(u8 pin)
002a74   cfd9     movff	0xfd9, 0xfe5       	MOVFF	FSR2L, POSTDEC1
002a76   ffe5
002a78   cfe1     movff	0xfe1, 0xfd9       	MOVFF	FSR1L, FSR2L
002a7a   ffd9
002a7c   c000     movff	0, 0xfe5           	MOVFF	r0x00, POSTDEC1
002a7e   ffe5
002a80   c001     movff	0x1, 0xfe5         	MOVFF	r0x01, POSTDEC1
002a82   ffe5
002a84   c002     movff	0x2, 0xfe5         	MOVFF	r0x02, POSTDEC1
002a86   ffe5
002a88   0e02     movlw	0x2                	MOVLW	0x02
002a8a   cfdb     movff	0xfdb, 0           	MOVFF	PLUSW2, r0x00
002a8c   f000
                                           ;	.line	96; C:/Users/jpm/Documents/pinguino32x_windows/tools/bin/../include/pic16/digitalw.c	val = digitalread(pin);
002a8e   6a01     clrf	0x1, 0              	CLRF	r0x01
002a90   6ae5     clrf	0xe5, 0             	CLRF	POSTDEC1
002a92   5000     movf	0, 0, 0             	MOVF	r0x00, W
002a94   6ee5     movwf	0xe5, 0            	MOVWF	POSTDEC1
002a96   ecec     call	0x27d8, 0           	CALL	_digitalread
002a98   f013
002a9a   6e02     movwf	0x2, 0             	MOVWF	r0x02
002a9c   0e02     movlw	0x2                	MOVLW	0x02
002a9e   26e1     addwf	0xe1, 0x1, 0       	ADDWF	FSR1L, F
                                           ;	.line	97; C:/Users/jpm/Documents/pinguino32x_windows/tools/bin/../include/pic16/digitalw.c	digitalwrite(pin, val^1);
002aa0   0e01     movlw	0x1                	MOVLW	0x01
002aa2   1a02     xorwf	0x2, 0x1, 0        	XORWF	r0x02, F
002aa4   6ae5     clrf	0xe5, 0             	CLRF	POSTDEC1
002aa6   5002     movf	0x2, 0, 0           	MOVF	r0x02, W
002aa8   6ee5     movwf	0xe5, 0            	MOVWF	POSTDEC1
002aaa   5001     movf	0x1, 0, 0           	MOVF	r0x01, W
002aac   6ee5     movwf	0xe5, 0            	MOVWF	POSTDEC1
002aae   5000     movf	0, 0, 0             	MOVF	r0x00, W
002ab0   6ee5     movwf	0xe5, 0            	MOVWF	POSTDEC1
002ab2   ecf1     call	0x25e2, 0           	CALL	_digitalwrite
002ab4   f012
002ab6   0e04     movlw	0x4                	MOVLW	0x04
002ab8   26e1     addwf	0xe1, 0x1, 0       	ADDWF	FSR1L, F
002aba   cfe4     movff	0xfe4, 0x2         	MOVFF	PREINC1, r0x02
002abc   f002
002abe   cfe4     movff	0xfe4, 0x1         	MOVFF	PREINC1, r0x01
002ac0   f001
002ac2   cfe4     movff	0xfe4, 0           	MOVFF	PREINC1, r0x00
002ac4   f000
002ac6   cfe4     movff	0xfe4, 0xfd9       	MOVFF	PREINC1, FSR2L
002ac8   ffd9
002aca   0012     return	0                 	RETURN	
                                           
                                           ; ; Starting pCode block
                                           S_main__pinmode	code
                                           _pinmode:
                                           ;	.line	69; C:/Users/jpm/Documents/pinguino32x_windows/tools/bin/../include/pic16/digitalw.c	void pinmode(int input, int state)
0023ec   cfd9     movff	0xfd9, 0xfe5       	MOVFF	FSR2L, POSTDEC1
0023ee   ffe5
0023f0   cfe1     movff	0xfe1, 0xfd9       	MOVFF	FSR1L, FSR2L
0023f2   ffd9
0023f4   c000     movff	0, 0xfe5           	MOVFF	r0x00, POSTDEC1
0023f6   ffe5
0023f8   c001     movff	0x1, 0xfe5         	MOVFF	r0x01, POSTDEC1
0023fa   ffe5
0023fc   c002     movff	0x2, 0xfe5         	MOVFF	r0x02, POSTDEC1
0023fe   ffe5
002400   c003     movff	0x3, 0xfe5         	MOVFF	r0x03, POSTDEC1
002402   ffe5
002404   c004     movff	0x4, 0xfe5         	MOVFF	r0x04, POSTDEC1
002406   ffe5
002408   c005     movff	0x5, 0xfe5         	MOVFF	r0x05, POSTDEC1
00240a   ffe5
00240c   c006     movff	0x6, 0xfe5         	MOVFF	r0x06, POSTDEC1
00240e   ffe5
002410   0e02     movlw	0x2                	MOVLW	0x02
002412   cfdb     movff	0xfdb, 0           	MOVFF	PLUSW2, r0x00
002414   f000
002416   0e03     movlw	0x3                	MOVLW	0x03
002418   cfdb     movff	0xfdb, 0x1         	MOVFF	PLUSW2, r0x01
00241a   f001
00241c   0e04     movlw	0x4                	MOVLW	0x04
00241e   cfdb     movff	0xfdb, 0x2         	MOVFF	PLUSW2, r0x02
002420   f002
002422   0e05     movlw	0x5                	MOVLW	0x05
002424   cfdb     movff	0xfdb, 0x3         	MOVFF	PLUSW2, r0x03
002426   f003
                                           ;	.line	71; C:/Users/jpm/Documents/pinguino32x_windows/tools/bin/../include/pic16/digitalw.c	switch (port[input])
002428   0e98     movlw	0x98               	MOVLW	LOW(_port)
00242a   2400     addwf	0, 0, 0            	ADDWF	r0x00, W
00242c   6e04     movwf	0x4, 0             	MOVWF	r0x04
00242e   0e23     movlw	0x23               	MOVLW	HIGH(_port)
002430   2001     addwfc	0x1, 0, 0         	ADDWFC	r0x01, W
002432   6e05     movwf	0x5, 0             	MOVWF	r0x05
002434   6a06     clrf	0x6, 0              	CLRF	r0x06
002436   be01     btfsc	0x1, 0x7, 0        	BTFSC	r0x01, 7
002438   6806     setf	0x6, 0              	SETF	r0x06
00243a   0e00     movlw	0                  	MOVLW	UPPER(_port)
00243c   2206     addwfc	0x6, 0x1, 0       	ADDWFC	r0x06, F
00243e   c004     movff	0x4, 0xff6         	MOVFF	r0x04, TBLPTRL
002440   fff6
002442   c005     movff	0x5, 0xff7         	MOVFF	r0x05, TBLPTRH
002444   fff7
002446   c006     movff	0x6, 0xff8         	MOVFF	r0x06, TBLPTRU
002448   fff8
00244a   0009     tblrd	*+                 	TBLRD*+	
00244c   cff5     movff	0xff5, 0x4         	MOVFF	TABLAT, r0x04
00244e   f004
002450   0e03     movlw	0x3                	MOVLW	0x03
002452   5c04     subwf	0x4, 0, 0          	SUBWF	r0x04, W
002454   b0d8     btfsc	0xd8, 0, 0         	BTFSC	STATUS, 0
002456   d0b4     bra	0x25c0               	BRA	_00168_DS_
002458   c007     movff	0x7, 0xfe5         	MOVFF	r0x07, POSTDEC1
00245a   ffe5
00245c   c008     movff	0x8, 0xfe5         	MOVFF	r0x08, POSTDEC1
00245e   ffe5
002460   6a08     clrf	0x8, 0              	CLRF	r0x08
002462   3404     rlcf	0x4, 0, 0           	RLCF	r0x04, W
002464   3608     rlcf	0x8, 0x1, 0         	RLCF	r0x08, F
002466   34e8     rlcf	0xe8, 0, 0          	RLCF	WREG, W
002468   3608     rlcf	0x8, 0x1, 0         	RLCF	r0x08, F
00246a   0bfc     andlw	0xfc               	ANDLW	0xfc
00246c   6e07     movwf	0x7, 0             	MOVWF	r0x07
00246e   0e00     movlw	0                  	MOVLW	UPPER(_00175_DS_)
002470   6efb     movwf	0xfb, 0            	MOVWF	PCLATU
002472   0e24     movlw	0x24               	MOVLW	HIGH(_00175_DS_)
002474   6efa     movwf	0xfa, 0            	MOVWF	PCLATH
002476   0e8e     movlw	0x8e               	MOVLW	LOW(_00175_DS_)
002478   2607     addwf	0x7, 0x1, 0        	ADDWF	r0x07, F
00247a   5008     movf	0x8, 0, 0           	MOVF	r0x08, W
00247c   22fa     addwfc	0xfa, 0x1, 0      	ADDWFC	PCLATH, F
00247e   b0d8     btfsc	0xd8, 0, 0         	BTFSC	STATUS, 0
002480   2afb     incf	0xfb, 0x1, 0        	INCF	PCLATU, F
002482   5007     movf	0x7, 0, 0           	MOVF	r0x07, W
002484   cfe4     movff	0xfe4, 0x8         	MOVFF	PREINC1, r0x08
002486   f008
002488   cfe4     movff	0xfe4, 0x7         	MOVFF	PREINC1, r0x07
00248a   f007
00248c   6ef9     movwf	0xf9, 0            	MOVWF	PCL
                                           _00175_DS_:
00248e   ef4d     goto	0x249a              	GOTO	_00155_DS_
002490   f012
002492   ef7f     goto	0x24fe              	GOTO	_00159_DS_
002494   f012
002496   efb1     goto	0x2562              	GOTO	_00163_DS_
002498   f012
                                           _00155_DS_:
                                           ;	.line	73; C:/Users/jpm/Documents/pinguino32x_windows/tools/bin/../include/pic16/digitalw.c	case 0: if (state) TRISB=TRISB | mask[input];
00249a   5002     movf	0x2, 0, 0           	MOVF	r0x02, W
00249c   1003     iorwf	0x3, 0, 0          	IORWF	r0x03, W
00249e   e017     bz	0x24ce                	BZ	_00157_DS_
0024a0   0e86     movlw	0x86               	MOVLW	LOW(_mask)
0024a2   2400     addwf	0, 0, 0            	ADDWF	r0x00, W
0024a4   6e04     movwf	0x4, 0             	MOVWF	r0x04
0024a6   0e23     movlw	0x23               	MOVLW	HIGH(_mask)
0024a8   2001     addwfc	0x1, 0, 0         	ADDWFC	r0x01, W
0024aa   6e05     movwf	0x5, 0             	MOVWF	r0x05
0024ac   6a06     clrf	0x6, 0              	CLRF	r0x06
0024ae   be01     btfsc	0x1, 0x7, 0        	BTFSC	r0x01, 7
0024b0   6806     setf	0x6, 0              	SETF	r0x06
0024b2   0e00     movlw	0                  	MOVLW	UPPER(_mask)
0024b4   2206     addwfc	0x6, 0x1, 0       	ADDWFC	r0x06, F
0024b6   c004     movff	0x4, 0xff6         	MOVFF	r0x04, TBLPTRL
0024b8   fff6
0024ba   c005     movff	0x5, 0xff7         	MOVFF	r0x05, TBLPTRH
0024bc   fff7
0024be   c006     movff	0x6, 0xff8         	MOVFF	r0x06, TBLPTRU
0024c0   fff8
0024c2   0009     tblrd	*+                 	TBLRD*+	
0024c4   cff5     movff	0xff5, 0x4         	MOVFF	TABLAT, r0x04
0024c6   f004
0024c8   5004     movf	0x4, 0, 0           	MOVF	r0x04, W
0024ca   1293     iorwf	0x93, 0x1, 0       	IORWF	_TRISB, F
0024cc   d079     bra	0x25c0               	BRA	_00168_DS_
                                           _00157_DS_:
                                           ;	.line	74; C:/Users/jpm/Documents/pinguino32x_windows/tools/bin/../include/pic16/digitalw.c	else TRISB=TRISB & (255-mask[input]);
0024ce   0e86     movlw	0x86               	MOVLW	LOW(_mask)
0024d0   2400     addwf	0, 0, 0            	ADDWF	r0x00, W
0024d2   6e04     movwf	0x4, 0             	MOVWF	r0x04
0024d4   0e23     movlw	0x23               	MOVLW	HIGH(_mask)
0024d6   2001     addwfc	0x1, 0, 0         	ADDWFC	r0x01, W
0024d8   6e05     movwf	0x5, 0             	MOVWF	r0x05
0024da   6a06     clrf	0x6, 0              	CLRF	r0x06
0024dc   be01     btfsc	0x1, 0x7, 0        	BTFSC	r0x01, 7
0024de   6806     setf	0x6, 0              	SETF	r0x06
0024e0   0e00     movlw	0                  	MOVLW	UPPER(_mask)
0024e2   2206     addwfc	0x6, 0x1, 0       	ADDWFC	r0x06, F
0024e4   c004     movff	0x4, 0xff6         	MOVFF	r0x04, TBLPTRL
0024e6   fff6
0024e8   c005     movff	0x5, 0xff7         	MOVFF	r0x05, TBLPTRH
0024ea   fff7
0024ec   c006     movff	0x6, 0xff8         	MOVFF	r0x06, TBLPTRU
0024ee   fff8
0024f0   0009     tblrd	*+                 	TBLRD*+	
0024f2   cff5     movff	0xff5, 0x4         	MOVFF	TABLAT, r0x04
0024f4   f004
0024f6   5004     movf	0x4, 0, 0           	MOVF	r0x04, W
0024f8   08ff     sublw	0xff               	SUBLW	0xff
                                           ; #	MOVWF	r0x04
                                           ; #	MOVF	r0x04, W
0024fa   1693     andwf	0x93, 0x1, 0       	ANDWF	_TRISB, F
                                           ;	.line	75; C:/Users/jpm/Documents/pinguino32x_windows/tools/bin/../include/pic16/digitalw.c	break;
0024fc   d061     bra	0x25c0               	BRA	_00168_DS_
                                           _00159_DS_:
                                           ;	.line	76; C:/Users/jpm/Documents/pinguino32x_windows/tools/bin/../include/pic16/digitalw.c	case 1: if (state) TRISC=TRISC | mask[input];
0024fe   5002     movf	0x2, 0, 0           	MOVF	r0x02, W
002500   1003     iorwf	0x3, 0, 0          	IORWF	r0x03, W
002502   e017     bz	0x2532                	BZ	_00161_DS_
002504   0e86     movlw	0x86               	MOVLW	LOW(_mask)
002506   2400     addwf	0, 0, 0            	ADDWF	r0x00, W
002508   6e04     movwf	0x4, 0             	MOVWF	r0x04
00250a   0e23     movlw	0x23               	MOVLW	HIGH(_mask)
00250c   2001     addwfc	0x1, 0, 0         	ADDWFC	r0x01, W
00250e   6e05     movwf	0x5, 0             	MOVWF	r0x05
002510   6a06     clrf	0x6, 0              	CLRF	r0x06
002512   be01     btfsc	0x1, 0x7, 0        	BTFSC	r0x01, 7
002514   6806     setf	0x6, 0              	SETF	r0x06
002516   0e00     movlw	0                  	MOVLW	UPPER(_mask)
002518   2206     addwfc	0x6, 0x1, 0       	ADDWFC	r0x06, F
00251a   c004     movff	0x4, 0xff6         	MOVFF	r0x04, TBLPTRL
00251c   fff6
00251e   c005     movff	0x5, 0xff7         	MOVFF	r0x05, TBLPTRH
002520   fff7
002522   c006     movff	0x6, 0xff8         	MOVFF	r0x06, TBLPTRU
002524   fff8
002526   0009     tblrd	*+                 	TBLRD*+	
002528   cff5     movff	0xff5, 0x4         	MOVFF	TABLAT, r0x04
00252a   f004
00252c   5004     movf	0x4, 0, 0           	MOVF	r0x04, W
00252e   1294     iorwf	0x94, 0x1, 0       	IORWF	_TRISC, F
002530   d047     bra	0x25c0               	BRA	_00168_DS_
                                           _00161_DS_:
                                           ;	.line	77; C:/Users/jpm/Documents/pinguino32x_windows/tools/bin/../include/pic16/digitalw.c	else TRISC=TRISC & (255-mask[input]);
002532   0e86     movlw	0x86               	MOVLW	LOW(_mask)
002534   2400     addwf	0, 0, 0            	ADDWF	r0x00, W
002536   6e04     movwf	0x4, 0             	MOVWF	r0x04
002538   0e23     movlw	0x23               	MOVLW	HIGH(_mask)
00253a   2001     addwfc	0x1, 0, 0         	ADDWFC	r0x01, W
00253c   6e05     movwf	0x5, 0             	MOVWF	r0x05
00253e   6a06     clrf	0x6, 0              	CLRF	r0x06
002540   be01     btfsc	0x1, 0x7, 0        	BTFSC	r0x01, 7
002542   6806     setf	0x6, 0              	SETF	r0x06
002544   0e00     movlw	0                  	MOVLW	UPPER(_mask)
002546   2206     addwfc	0x6, 0x1, 0       	ADDWFC	r0x06, F
002548   c004     movff	0x4, 0xff6         	MOVFF	r0x04, TBLPTRL
00254a   fff6
00254c   c005     movff	0x5, 0xff7         	MOVFF	r0x05, TBLPTRH
00254e   fff7
002550   c006     movff	0x6, 0xff8         	MOVFF	r0x06, TBLPTRU
002552   fff8
002554   0009     tblrd	*+                 	TBLRD*+	
002556   cff5     movff	0xff5, 0x4         	MOVFF	TABLAT, r0x04
002558   f004
00255a   5004     movf	0x4, 0, 0           	MOVF	r0x04, W
00255c   08ff     sublw	0xff               	SUBLW	0xff
                                           ; #	MOVWF	r0x04
                                           ; #	MOVF	r0x04, W
00255e   1694     andwf	0x94, 0x1, 0       	ANDWF	_TRISC, F
                                           ;	.line	78; C:/Users/jpm/Documents/pinguino32x_windows/tools/bin/../include/pic16/digitalw.c	break;
002560   d02f     bra	0x25c0               	BRA	_00168_DS_
                                           _00163_DS_:
                                           ;	.line	79; C:/Users/jpm/Documents/pinguino32x_windows/tools/bin/../include/pic16/digitalw.c	case 2: if (state) TRISA=TRISA | mask[input];
002562   5002     movf	0x2, 0, 0           	MOVF	r0x02, W
002564   1003     iorwf	0x3, 0, 0          	IORWF	r0x03, W
002566   e017     bz	0x2596                	BZ	_00165_DS_
002568   0e86     movlw	0x86               	MOVLW	LOW(_mask)
00256a   2400     addwf	0, 0, 0            	ADDWF	r0x00, W
00256c   6e02     movwf	0x2, 0             	MOVWF	r0x02
00256e   0e23     movlw	0x23               	MOVLW	HIGH(_mask)
002570   2001     addwfc	0x1, 0, 0         	ADDWFC	r0x01, W
002572   6e03     movwf	0x3, 0             	MOVWF	r0x03
002574   6a04     clrf	0x4, 0              	CLRF	r0x04
002576   be01     btfsc	0x1, 0x7, 0        	BTFSC	r0x01, 7
002578   6804     setf	0x4, 0              	SETF	r0x04
00257a   0e00     movlw	0                  	MOVLW	UPPER(_mask)
00257c   2204     addwfc	0x4, 0x1, 0       	ADDWFC	r0x04, F
00257e   c002     movff	0x2, 0xff6         	MOVFF	r0x02, TBLPTRL
002580   fff6
002582   c003     movff	0x3, 0xff7         	MOVFF	r0x03, TBLPTRH
002584   fff7
002586   c004     movff	0x4, 0xff8         	MOVFF	r0x04, TBLPTRU
002588   fff8
00258a   0009     tblrd	*+                 	TBLRD*+	
00258c   cff5     movff	0xff5, 0x2         	MOVFF	TABLAT, r0x02
00258e   f002
002590   5002     movf	0x2, 0, 0           	MOVF	r0x02, W
002592   1292     iorwf	0x92, 0x1, 0       	IORWF	_TRISA, F
002594   d015     bra	0x25c0               	BRA	_00168_DS_
                                           _00165_DS_:
                                           ;	.line	80; C:/Users/jpm/Documents/pinguino32x_windows/tools/bin/../include/pic16/digitalw.c	else TRISA=TRISA & (255-mask[input]);
002596   6a02     clrf	0x2, 0              	CLRF	r0x02
002598   be01     btfsc	0x1, 0x7, 0        	BTFSC	r0x01, 7
00259a   6802     setf	0x2, 0              	SETF	r0x02
00259c   0e86     movlw	0x86               	MOVLW	LOW(_mask)
00259e   2600     addwf	0, 0x1, 0          	ADDWF	r0x00, F
0025a0   0e23     movlw	0x23               	MOVLW	HIGH(_mask)
0025a2   2201     addwfc	0x1, 0x1, 0       	ADDWFC	r0x01, F
0025a4   0e00     movlw	0                  	MOVLW	UPPER(_mask)
0025a6   2202     addwfc	0x2, 0x1, 0       	ADDWFC	r0x02, F
0025a8   c000     movff	0, 0xff6           	MOVFF	r0x00, TBLPTRL
0025aa   fff6
0025ac   c001     movff	0x1, 0xff7         	MOVFF	r0x01, TBLPTRH
0025ae   fff7
0025b0   c002     movff	0x2, 0xff8         	MOVFF	r0x02, TBLPTRU
0025b2   fff8
0025b4   0009     tblrd	*+                 	TBLRD*+	
0025b6   cff5     movff	0xff5, 0           	MOVFF	TABLAT, r0x00
0025b8   f000
0025ba   5000     movf	0, 0, 0             	MOVF	r0x00, W
0025bc   08ff     sublw	0xff               	SUBLW	0xff
                                           ; #	MOVWF	r0x00
                                           ; #	MOVF	r0x00, W
0025be   1692     andwf	0x92, 0x1, 0       	ANDWF	_TRISA, F
                                           _00168_DS_:
                                           ;	.line	90; C:/Users/jpm/Documents/pinguino32x_windows/tools/bin/../include/pic16/digitalw.c	}
0025c0   cfe4     movff	0xfe4, 0x6         	MOVFF	PREINC1, r0x06
0025c2   f006
0025c4   cfe4     movff	0xfe4, 0x5         	MOVFF	PREINC1, r0x05
0025c6   f005
0025c8   cfe4     movff	0xfe4, 0x4         	MOVFF	PREINC1, r0x04
0025ca   f004
0025cc   cfe4     movff	0xfe4, 0x3         	MOVFF	PREINC1, r0x03
0025ce   f003
0025d0   cfe4     movff	0xfe4, 0x2         	MOVFF	PREINC1, r0x02
0025d2   f002
0025d4   cfe4     movff	0xfe4, 0x1         	MOVFF	PREINC1, r0x01
0025d6   f001
0025d8   cfe4     movff	0xfe4, 0           	MOVFF	PREINC1, r0x00
0025da   f000
0025dc   cfe4     movff	0xfe4, 0xfd9       	MOVFF	PREINC1, FSR2L
0025de   ffd9
0025e0   0012     return	0                 	RETURN	
                                           
                                           ; ; Starting pCode block
                                           S_main__digitalread	code
                                           _digitalread:
                                           ;	.line	44; C:/Users/jpm/Documents/pinguino32x_windows/tools/bin/../include/pic16/digitalw.c	int digitalread(int input)
0027d8   cfd9     movff	0xfd9, 0xfe5       	MOVFF	FSR2L, POSTDEC1
0027da   ffe5
0027dc   cfe1     movff	0xfe1, 0xfd9       	MOVFF	FSR1L, FSR2L
0027de   ffd9
0027e0   c000     movff	0, 0xfe5           	MOVFF	r0x00, POSTDEC1
0027e2   ffe5
0027e4   c001     movff	0x1, 0xfe5         	MOVFF	r0x01, POSTDEC1
0027e6   ffe5
0027e8   c002     movff	0x2, 0xfe5         	MOVFF	r0x02, POSTDEC1
0027ea   ffe5
0027ec   c003     movff	0x3, 0xfe5         	MOVFF	r0x03, POSTDEC1
0027ee   ffe5
0027f0   c004     movff	0x4, 0xfe5         	MOVFF	r0x04, POSTDEC1
0027f2   ffe5
0027f4   0e02     movlw	0x2                	MOVLW	0x02
0027f6   cfdb     movff	0xfdb, 0           	MOVFF	PLUSW2, r0x00
0027f8   f000
0027fa   0e03     movlw	0x3                	MOVLW	0x03
0027fc   cfdb     movff	0xfdb, 0x1         	MOVFF	PLUSW2, r0x01
0027fe   f001
                                           ;	.line	46; C:/Users/jpm/Documents/pinguino32x_windows/tools/bin/../include/pic16/digitalw.c	switch (port[input])
002800   0e98     movlw	0x98               	MOVLW	LOW(_port)
002802   2400     addwf	0, 0, 0            	ADDWF	r0x00, W
002804   6e02     movwf	0x2, 0             	MOVWF	r0x02
002806   0e23     movlw	0x23               	MOVLW	HIGH(_port)
002808   2001     addwfc	0x1, 0, 0         	ADDWFC	r0x01, W
00280a   6e03     movwf	0x3, 0             	MOVWF	r0x03
00280c   6a04     clrf	0x4, 0              	CLRF	r0x04
00280e   be01     btfsc	0x1, 0x7, 0        	BTFSC	r0x01, 7
002810   6804     setf	0x4, 0              	SETF	r0x04
002812   0e00     movlw	0                  	MOVLW	UPPER(_port)
002814   2204     addwfc	0x4, 0x1, 0       	ADDWFC	r0x04, F
002816   c002     movff	0x2, 0xff6         	MOVFF	r0x02, TBLPTRL
002818   fff6
00281a   c003     movff	0x3, 0xff7         	MOVFF	r0x03, TBLPTRH
00281c   fff7
00281e   c004     movff	0x4, 0xff8         	MOVFF	r0x04, TBLPTRU
002820   fff8
002822   0009     tblrd	*+                 	TBLRD*+	
002824   cff5     movff	0xff5, 0x2         	MOVFF	TABLAT, r0x02
002826   f002
002828   0e03     movlw	0x3                	MOVLW	0x03
00282a   5c02     subwf	0x2, 0, 0          	SUBWF	r0x02, W
00282c   b0d8     btfsc	0xd8, 0, 0         	BTFSC	STATUS, 0
00282e   d079     bra	0x2922               	BRA	_00142_DS_
002830   c005     movff	0x5, 0xfe5         	MOVFF	r0x05, POSTDEC1
002832   ffe5
002834   c006     movff	0x6, 0xfe5         	MOVFF	r0x06, POSTDEC1
002836   ffe5
002838   6a06     clrf	0x6, 0              	CLRF	r0x06
00283a   3402     rlcf	0x2, 0, 0           	RLCF	r0x02, W
00283c   3606     rlcf	0x6, 0x1, 0         	RLCF	r0x06, F
00283e   34e8     rlcf	0xe8, 0, 0          	RLCF	WREG, W
002840   3606     rlcf	0x6, 0x1, 0         	RLCF	r0x06, F
002842   0bfc     andlw	0xfc               	ANDLW	0xfc
002844   6e05     movwf	0x5, 0             	MOVWF	r0x05
002846   0e00     movlw	0                  	MOVLW	UPPER(_00150_DS_)
002848   6efb     movwf	0xfb, 0            	MOVWF	PCLATU
00284a   0e28     movlw	0x28               	MOVLW	HIGH(_00150_DS_)
00284c   6efa     movwf	0xfa, 0            	MOVWF	PCLATH
00284e   0e66     movlw	0x66               	MOVLW	LOW(_00150_DS_)
002850   2605     addwf	0x5, 0x1, 0        	ADDWF	r0x05, F
002852   5006     movf	0x6, 0, 0           	MOVF	r0x06, W
002854   22fa     addwfc	0xfa, 0x1, 0      	ADDWFC	PCLATH, F
002856   b0d8     btfsc	0xd8, 0, 0         	BTFSC	STATUS, 0
002858   2afb     incf	0xfb, 0x1, 0        	INCF	PCLATU, F
00285a   5005     movf	0x5, 0, 0           	MOVF	r0x05, W
00285c   cfe4     movff	0xfe4, 0x6         	MOVFF	PREINC1, r0x06
00285e   f006
002860   cfe4     movff	0xfe4, 0x5         	MOVFF	PREINC1, r0x05
002862   f005
002864   6ef9     movwf	0xf9, 0            	MOVWF	PCL
                                           _00150_DS_:
002866   ef39     goto	0x2872              	GOTO	_00130_DS_
002868   f014
00286a   ef57     goto	0x28ae              	GOTO	_00134_DS_
00286c   f014
00286e   ef75     goto	0x28ea              	GOTO	_00138_DS_
002870   f014
                                           _00130_DS_:
                                           ;	.line	48; C:/Users/jpm/Documents/pinguino32x_windows/tools/bin/../include/pic16/digitalw.c	case 0: if ((PORTB & mask[input])!=0) return (1);
002872   0e86     movlw	0x86               	MOVLW	LOW(_mask)
002874   2400     addwf	0, 0, 0            	ADDWF	r0x00, W
002876   6e02     movwf	0x2, 0             	MOVWF	r0x02
002878   0e23     movlw	0x23               	MOVLW	HIGH(_mask)
00287a   2001     addwfc	0x1, 0, 0         	ADDWFC	r0x01, W
00287c   6e03     movwf	0x3, 0             	MOVWF	r0x03
00287e   6a04     clrf	0x4, 0              	CLRF	r0x04
002880   be01     btfsc	0x1, 0x7, 0        	BTFSC	r0x01, 7
002882   6804     setf	0x4, 0              	SETF	r0x04
002884   0e00     movlw	0                  	MOVLW	UPPER(_mask)
002886   2204     addwfc	0x4, 0x1, 0       	ADDWFC	r0x04, F
002888   c002     movff	0x2, 0xff6         	MOVFF	r0x02, TBLPTRL
00288a   fff6
00288c   c003     movff	0x3, 0xff7         	MOVFF	r0x03, TBLPTRH
00288e   fff7
002890   c004     movff	0x4, 0xff8         	MOVFF	r0x04, TBLPTRU
002892   fff8
002894   0009     tblrd	*+                 	TBLRD*+	
002896   cff5     movff	0xff5, 0x2         	MOVFF	TABLAT, r0x02
002898   f002
00289a   5081     movf	0x81, 0, 0          	MOVF	_PORTB, W
00289c   1602     andwf	0x2, 0x1, 0        	ANDWF	r0x02, F
00289e   5002     movf	0x2, 0, 0           	MOVF	r0x02, W
0028a0   e003     bz	0x28a8                	BZ	_00132_DS_
0028a2   6af3     clrf	0xf3, 0             	CLRF	PRODL
0028a4   0e01     movlw	0x1                	MOVLW	0x01
0028a6   d03f     bra	0x2926               	BRA	_00143_DS_
                                           _00132_DS_:
                                           ;	.line	49; C:/Users/jpm/Documents/pinguino32x_windows/tools/bin/../include/pic16/digitalw.c	else return (0);
0028a8   6af3     clrf	0xf3, 0             	CLRF	PRODL
0028aa   6ae8     clrf	0xe8, 0             	CLRF	WREG
0028ac   d03c     bra	0x2926               	BRA	_00143_DS_
                                           _00134_DS_:
                                           ;	.line	51; C:/Users/jpm/Documents/pinguino32x_windows/tools/bin/../include/pic16/digitalw.c	case 1: if ((PORTC & mask[input])!=0) return (1);
0028ae   0e86     movlw	0x86               	MOVLW	LOW(_mask)
0028b0   2400     addwf	0, 0, 0            	ADDWF	r0x00, W
0028b2   6e02     movwf	0x2, 0             	MOVWF	r0x02
0028b4   0e23     movlw	0x23               	MOVLW	HIGH(_mask)
0028b6   2001     addwfc	0x1, 0, 0         	ADDWFC	r0x01, W
0028b8   6e03     movwf	0x3, 0             	MOVWF	r0x03
0028ba   6a04     clrf	0x4, 0              	CLRF	r0x04
0028bc   be01     btfsc	0x1, 0x7, 0        	BTFSC	r0x01, 7
0028be   6804     setf	0x4, 0              	SETF	r0x04
0028c0   0e00     movlw	0                  	MOVLW	UPPER(_mask)
0028c2   2204     addwfc	0x4, 0x1, 0       	ADDWFC	r0x04, F
0028c4   c002     movff	0x2, 0xff6         	MOVFF	r0x02, TBLPTRL
0028c6   fff6
0028c8   c003     movff	0x3, 0xff7         	MOVFF	r0x03, TBLPTRH
0028ca   fff7
0028cc   c004     movff	0x4, 0xff8         	MOVFF	r0x04, TBLPTRU
0028ce   fff8
0028d0   0009     tblrd	*+                 	TBLRD*+	
0028d2   cff5     movff	0xff5, 0x2         	MOVFF	TABLAT, r0x02
0028d4   f002
0028d6   5082     movf	0x82, 0, 0          	MOVF	_PORTC, W
0028d8   1602     andwf	0x2, 0x1, 0        	ANDWF	r0x02, F
0028da   5002     movf	0x2, 0, 0           	MOVF	r0x02, W
0028dc   e003     bz	0x28e4                	BZ	_00136_DS_
0028de   6af3     clrf	0xf3, 0             	CLRF	PRODL
0028e0   0e01     movlw	0x1                	MOVLW	0x01
0028e2   d021     bra	0x2926               	BRA	_00143_DS_
                                           _00136_DS_:
                                           ;	.line	52; C:/Users/jpm/Documents/pinguino32x_windows/tools/bin/../include/pic16/digitalw.c	else return (0);
0028e4   6af3     clrf	0xf3, 0             	CLRF	PRODL
0028e6   6ae8     clrf	0xe8, 0             	CLRF	WREG
0028e8   d01e     bra	0x2926               	BRA	_00143_DS_
                                           _00138_DS_:
                                           ;	.line	54; C:/Users/jpm/Documents/pinguino32x_windows/tools/bin/../include/pic16/digitalw.c	case 2: if ((PORTA & mask[input])!=0) return (1);
0028ea   6a02     clrf	0x2, 0              	CLRF	r0x02
0028ec   be01     btfsc	0x1, 0x7, 0        	BTFSC	r0x01, 7
0028ee   6802     setf	0x2, 0              	SETF	r0x02
0028f0   0e86     movlw	0x86               	MOVLW	LOW(_mask)
0028f2   2600     addwf	0, 0x1, 0          	ADDWF	r0x00, F
0028f4   0e23     movlw	0x23               	MOVLW	HIGH(_mask)
0028f6   2201     addwfc	0x1, 0x1, 0       	ADDWFC	r0x01, F
0028f8   0e00     movlw	0                  	MOVLW	UPPER(_mask)
0028fa   2202     addwfc	0x2, 0x1, 0       	ADDWFC	r0x02, F
0028fc   c000     movff	0, 0xff6           	MOVFF	r0x00, TBLPTRL
0028fe   fff6
002900   c001     movff	0x1, 0xff7         	MOVFF	r0x01, TBLPTRH
002902   fff7
002904   c002     movff	0x2, 0xff8         	MOVFF	r0x02, TBLPTRU
002906   fff8
002908   0009     tblrd	*+                 	TBLRD*+	
00290a   cff5     movff	0xff5, 0           	MOVFF	TABLAT, r0x00
00290c   f000
00290e   5080     movf	0x80, 0, 0          	MOVF	_PORTA, W
002910   1600     andwf	0, 0x1, 0          	ANDWF	r0x00, F
002912   5000     movf	0, 0, 0             	MOVF	r0x00, W
002914   e003     bz	0x291c                	BZ	_00140_DS_
002916   6af3     clrf	0xf3, 0             	CLRF	PRODL
002918   0e01     movlw	0x1                	MOVLW	0x01
00291a   d005     bra	0x2926               	BRA	_00143_DS_
                                           _00140_DS_:
                                           ;	.line	55; C:/Users/jpm/Documents/pinguino32x_windows/tools/bin/../include/pic16/digitalw.c	else return (0);
00291c   6af3     clrf	0xf3, 0             	CLRF	PRODL
00291e   6ae8     clrf	0xe8, 0             	CLRF	WREG
002920   d002     bra	0x2926               	BRA	_00143_DS_
                                           _00142_DS_:
                                           ;	.line	66; C:/Users/jpm/Documents/pinguino32x_windows/tools/bin/../include/pic16/digitalw.c	return (0);
002922   6af3     clrf	0xf3, 0             	CLRF	PRODL
002924   6ae8     clrf	0xe8, 0             	CLRF	WREG
                                           _00143_DS_:
002926   cfe4     movff	0xfe4, 0x4         	MOVFF	PREINC1, r0x04
002928   f004
00292a   cfe4     movff	0xfe4, 0x3         	MOVFF	PREINC1, r0x03
00292c   f003
00292e   cfe4     movff	0xfe4, 0x2         	MOVFF	PREINC1, r0x02
002930   f002
002932   cfe4     movff	0xfe4, 0x1         	MOVFF	PREINC1, r0x01
002934   f001
002936   cfe4     movff	0xfe4, 0           	MOVFF	PREINC1, r0x00
002938   f000
00293a   cfe4     movff	0xfe4, 0xfd9       	MOVFF	PREINC1, FSR2L
00293c   ffd9
00293e   0012     return	0                 	RETURN	
                                           
                                           ; ; Starting pCode block
                                           S_main__digitalwrite	code
                                           _digitalwrite:
                                           ;	.line	20; C:/Users/jpm/Documents/pinguino32x_windows/tools/bin/../include/pic16/digitalw.c	void digitalwrite(int output,int state)
0025e2   cfd9     movff	0xfd9, 0xfe5       	MOVFF	FSR2L, POSTDEC1
0025e4   ffe5
0025e6   cfe1     movff	0xfe1, 0xfd9       	MOVFF	FSR1L, FSR2L
0025e8   ffd9
0025ea   c000     movff	0, 0xfe5           	MOVFF	r0x00, POSTDEC1
0025ec   ffe5
0025ee   c001     movff	0x1, 0xfe5         	MOVFF	r0x01, POSTDEC1
0025f0   ffe5
0025f2   c002     movff	0x2, 0xfe5         	MOVFF	r0x02, POSTDEC1
0025f4   ffe5
0025f6   c003     movff	0x3, 0xfe5         	MOVFF	r0x03, POSTDEC1
0025f8   ffe5
0025fa   c004     movff	0x4, 0xfe5         	MOVFF	r0x04, POSTDEC1
0025fc   ffe5
0025fe   c005     movff	0x5, 0xfe5         	MOVFF	r0x05, POSTDEC1
002600   ffe5
002602   c006     movff	0x6, 0xfe5         	MOVFF	r0x06, POSTDEC1
002604   ffe5
002606   0e02     movlw	0x2                	MOVLW	0x02
002608   cfdb     movff	0xfdb, 0           	MOVFF	PLUSW2, r0x00
00260a   f000
00260c   0e03     movlw	0x3                	MOVLW	0x03
00260e   cfdb     movff	0xfdb, 0x1         	MOVFF	PLUSW2, r0x01
002610   f001
002612   0e04     movlw	0x4                	MOVLW	0x04
002614   cfdb     movff	0xfdb, 0x2         	MOVFF	PLUSW2, r0x02
002616   f002
002618   0e05     movlw	0x5                	MOVLW	0x05
00261a   cfdb     movff	0xfdb, 0x3         	MOVFF	PLUSW2, r0x03
00261c   f003
                                           ;	.line	22; C:/Users/jpm/Documents/pinguino32x_windows/tools/bin/../include/pic16/digitalw.c	switch (port[output])
00261e   0e98     movlw	0x98               	MOVLW	LOW(_port)
002620   2400     addwf	0, 0, 0            	ADDWF	r0x00, W
002622   6e04     movwf	0x4, 0             	MOVWF	r0x04
002624   0e23     movlw	0x23               	MOVLW	HIGH(_port)
002626   2001     addwfc	0x1, 0, 0         	ADDWFC	r0x01, W
002628   6e05     movwf	0x5, 0             	MOVWF	r0x05
00262a   6a06     clrf	0x6, 0              	CLRF	r0x06
00262c   be01     btfsc	0x1, 0x7, 0        	BTFSC	r0x01, 7
00262e   6806     setf	0x6, 0              	SETF	r0x06
002630   0e00     movlw	0                  	MOVLW	UPPER(_port)
002632   2206     addwfc	0x6, 0x1, 0       	ADDWFC	r0x06, F
002634   c004     movff	0x4, 0xff6         	MOVFF	r0x04, TBLPTRL
002636   fff6
002638   c005     movff	0x5, 0xff7         	MOVFF	r0x05, TBLPTRH
00263a   fff7
00263c   c006     movff	0x6, 0xff8         	MOVFF	r0x06, TBLPTRU
00263e   fff8
002640   0009     tblrd	*+                 	TBLRD*+	
002642   cff5     movff	0xff5, 0x4         	MOVFF	TABLAT, r0x04
002644   f004
002646   0e03     movlw	0x3                	MOVLW	0x03
002648   5c04     subwf	0x4, 0, 0          	SUBWF	r0x04, W
00264a   b0d8     btfsc	0xd8, 0, 0         	BTFSC	STATUS, 0
00264c   d0b4     bra	0x27b6               	BRA	_00118_DS_
00264e   c007     movff	0x7, 0xfe5         	MOVFF	r0x07, POSTDEC1
002650   ffe5
002652   c008     movff	0x8, 0xfe5         	MOVFF	r0x08, POSTDEC1
002654   ffe5
002656   6a08     clrf	0x8, 0              	CLRF	r0x08
002658   3404     rlcf	0x4, 0, 0           	RLCF	r0x04, W
00265a   3608     rlcf	0x8, 0x1, 0         	RLCF	r0x08, F
00265c   34e8     rlcf	0xe8, 0, 0          	RLCF	WREG, W
00265e   3608     rlcf	0x8, 0x1, 0         	RLCF	r0x08, F
002660   0bfc     andlw	0xfc               	ANDLW	0xfc
002662   6e07     movwf	0x7, 0             	MOVWF	r0x07
002664   0e00     movlw	0                  	MOVLW	UPPER(_00125_DS_)
002666   6efb     movwf	0xfb, 0            	MOVWF	PCLATU
002668   0e26     movlw	0x26               	MOVLW	HIGH(_00125_DS_)
00266a   6efa     movwf	0xfa, 0            	MOVWF	PCLATH
00266c   0e84     movlw	0x84               	MOVLW	LOW(_00125_DS_)
00266e   2607     addwf	0x7, 0x1, 0        	ADDWF	r0x07, F
002670   5008     movf	0x8, 0, 0           	MOVF	r0x08, W
002672   22fa     addwfc	0xfa, 0x1, 0      	ADDWFC	PCLATH, F
002674   b0d8     btfsc	0xd8, 0, 0         	BTFSC	STATUS, 0
002676   2afb     incf	0xfb, 0x1, 0        	INCF	PCLATU, F
002678   5007     movf	0x7, 0, 0           	MOVF	r0x07, W
00267a   cfe4     movff	0xfe4, 0x8         	MOVFF	PREINC1, r0x08
00267c   f008
00267e   cfe4     movff	0xfe4, 0x7         	MOVFF	PREINC1, r0x07
002680   f007
002682   6ef9     movwf	0xf9, 0            	MOVWF	PCL
                                           _00125_DS_:
002684   ef48     goto	0x2690              	GOTO	_00105_DS_
002686   f013
002688   ef7a     goto	0x26f4              	GOTO	_00109_DS_
00268a   f013
00268c   efac     goto	0x2758              	GOTO	_00113_DS_
00268e   f013
                                           _00105_DS_:
                                           ;	.line	24; C:/Users/jpm/Documents/pinguino32x_windows/tools/bin/../include/pic16/digitalw.c	case 0: if (state) PORTB=PORTB | mask[output]; 
002690   5002     movf	0x2, 0, 0           	MOVF	r0x02, W
002692   1003     iorwf	0x3, 0, 0          	IORWF	r0x03, W
002694   e017     bz	0x26c4                	BZ	_00107_DS_
002696   0e86     movlw	0x86               	MOVLW	LOW(_mask)
002698   2400     addwf	0, 0, 0            	ADDWF	r0x00, W
00269a   6e04     movwf	0x4, 0             	MOVWF	r0x04
00269c   0e23     movlw	0x23               	MOVLW	HIGH(_mask)
00269e   2001     addwfc	0x1, 0, 0         	ADDWFC	r0x01, W
0026a0   6e05     movwf	0x5, 0             	MOVWF	r0x05
0026a2   6a06     clrf	0x6, 0              	CLRF	r0x06
0026a4   be01     btfsc	0x1, 0x7, 0        	BTFSC	r0x01, 7
0026a6   6806     setf	0x6, 0              	SETF	r0x06
0026a8   0e00     movlw	0                  	MOVLW	UPPER(_mask)
0026aa   2206     addwfc	0x6, 0x1, 0       	ADDWFC	r0x06, F
0026ac   c004     movff	0x4, 0xff6         	MOVFF	r0x04, TBLPTRL
0026ae   fff6
0026b0   c005     movff	0x5, 0xff7         	MOVFF	r0x05, TBLPTRH
0026b2   fff7
0026b4   c006     movff	0x6, 0xff8         	MOVFF	r0x06, TBLPTRU
0026b6   fff8
0026b8   0009     tblrd	*+                 	TBLRD*+	
0026ba   cff5     movff	0xff5, 0x4         	MOVFF	TABLAT, r0x04
0026bc   f004
0026be   5004     movf	0x4, 0, 0           	MOVF	r0x04, W
0026c0   1281     iorwf	0x81, 0x1, 0       	IORWF	_PORTB, F
0026c2   d079     bra	0x27b6               	BRA	_00118_DS_
                                           _00107_DS_:
                                           ;	.line	25; C:/Users/jpm/Documents/pinguino32x_windows/tools/bin/../include/pic16/digitalw.c	else PORTB=PORTB & (255-mask[output]);
0026c4   0e86     movlw	0x86               	MOVLW	LOW(_mask)
0026c6   2400     addwf	0, 0, 0            	ADDWF	r0x00, W
0026c8   6e04     movwf	0x4, 0             	MOVWF	r0x04
0026ca   0e23     movlw	0x23               	MOVLW	HIGH(_mask)
0026cc   2001     addwfc	0x1, 0, 0         	ADDWFC	r0x01, W
0026ce   6e05     movwf	0x5, 0             	MOVWF	r0x05
0026d0   6a06     clrf	0x6, 0              	CLRF	r0x06
0026d2   be01     btfsc	0x1, 0x7, 0        	BTFSC	r0x01, 7
0026d4   6806     setf	0x6, 0              	SETF	r0x06
0026d6   0e00     movlw	0                  	MOVLW	UPPER(_mask)
0026d8   2206     addwfc	0x6, 0x1, 0       	ADDWFC	r0x06, F
0026da   c004     movff	0x4, 0xff6         	MOVFF	r0x04, TBLPTRL
0026dc   fff6
0026de   c005     movff	0x5, 0xff7         	MOVFF	r0x05, TBLPTRH
0026e0   fff7
0026e2   c006     movff	0x6, 0xff8         	MOVFF	r0x06, TBLPTRU
0026e4   fff8
0026e6   0009     tblrd	*+                 	TBLRD*+	
0026e8   cff5     movff	0xff5, 0x4         	MOVFF	TABLAT, r0x04
0026ea   f004
0026ec   5004     movf	0x4, 0, 0           	MOVF	r0x04, W
0026ee   08ff     sublw	0xff               	SUBLW	0xff
                                           ; #	MOVWF	r0x04
                                           ; #	MOVF	r0x04, W
0026f0   1681     andwf	0x81, 0x1, 0       	ANDWF	_PORTB, F
                                           ;	.line	26; C:/Users/jpm/Documents/pinguino32x_windows/tools/bin/../include/pic16/digitalw.c	break;
0026f2   d061     bra	0x27b6               	BRA	_00118_DS_
                                           _00109_DS_:
                                           ;	.line	27; C:/Users/jpm/Documents/pinguino32x_windows/tools/bin/../include/pic16/digitalw.c	case 1: if (state) PORTC=PORTC | mask[output];
0026f4   5002     movf	0x2, 0, 0           	MOVF	r0x02, W
0026f6   1003     iorwf	0x3, 0, 0          	IORWF	r0x03, W
0026f8   e017     bz	0x2728                	BZ	_00111_DS_
0026fa   0e86     movlw	0x86               	MOVLW	LOW(_mask)
0026fc   2400     addwf	0, 0, 0            	ADDWF	r0x00, W
0026fe   6e04     movwf	0x4, 0             	MOVWF	r0x04
002700   0e23     movlw	0x23               	MOVLW	HIGH(_mask)
002702   2001     addwfc	0x1, 0, 0         	ADDWFC	r0x01, W
002704   6e05     movwf	0x5, 0             	MOVWF	r0x05
002706   6a06     clrf	0x6, 0              	CLRF	r0x06
002708   be01     btfsc	0x1, 0x7, 0        	BTFSC	r0x01, 7
00270a   6806     setf	0x6, 0              	SETF	r0x06
00270c   0e00     movlw	0                  	MOVLW	UPPER(_mask)
00270e   2206     addwfc	0x6, 0x1, 0       	ADDWFC	r0x06, F
002710   c004     movff	0x4, 0xff6         	MOVFF	r0x04, TBLPTRL
002712   fff6
002714   c005     movff	0x5, 0xff7         	MOVFF	r0x05, TBLPTRH
002716   fff7
002718   c006     movff	0x6, 0xff8         	MOVFF	r0x06, TBLPTRU
00271a   fff8
00271c   0009     tblrd	*+                 	TBLRD*+	
00271e   cff5     movff	0xff5, 0x4         	MOVFF	TABLAT, r0x04
002720   f004
002722   5004     movf	0x4, 0, 0           	MOVF	r0x04, W
002724   1282     iorwf	0x82, 0x1, 0       	IORWF	_PORTC, F
002726   d047     bra	0x27b6               	BRA	_00118_DS_
                                           _00111_DS_:
                                           ;	.line	28; C:/Users/jpm/Documents/pinguino32x_windows/tools/bin/../include/pic16/digitalw.c	else PORTC=PORTC & (255-mask[output]);
002728   0e86     movlw	0x86               	MOVLW	LOW(_mask)
00272a   2400     addwf	0, 0, 0            	ADDWF	r0x00, W
00272c   6e04     movwf	0x4, 0             	MOVWF	r0x04
00272e   0e23     movlw	0x23               	MOVLW	HIGH(_mask)
002730   2001     addwfc	0x1, 0, 0         	ADDWFC	r0x01, W
002732   6e05     movwf	0x5, 0             	MOVWF	r0x05
002734   6a06     clrf	0x6, 0              	CLRF	r0x06
002736   be01     btfsc	0x1, 0x7, 0        	BTFSC	r0x01, 7
002738   6806     setf	0x6, 0              	SETF	r0x06
00273a   0e00     movlw	0                  	MOVLW	UPPER(_mask)
00273c   2206     addwfc	0x6, 0x1, 0       	ADDWFC	r0x06, F
00273e   c004     movff	0x4, 0xff6         	MOVFF	r0x04, TBLPTRL
002740   fff6
002742   c005     movff	0x5, 0xff7         	MOVFF	r0x05, TBLPTRH
002744   fff7
002746   c006     movff	0x6, 0xff8         	MOVFF	r0x06, TBLPTRU
002748   fff8
00274a   0009     tblrd	*+                 	TBLRD*+	
00274c   cff5     movff	0xff5, 0x4         	MOVFF	TABLAT, r0x04
00274e   f004
002750   5004     movf	0x4, 0, 0           	MOVF	r0x04, W
002752   08ff     sublw	0xff               	SUBLW	0xff
                                           ; #	MOVWF	r0x04
                                           ; #	MOVF	r0x04, W
002754   1682     andwf	0x82, 0x1, 0       	ANDWF	_PORTC, F
                                           ;	.line	29; C:/Users/jpm/Documents/pinguino32x_windows/tools/bin/../include/pic16/digitalw.c	break;
002756   d02f     bra	0x27b6               	BRA	_00118_DS_
                                           _00113_DS_:
                                           ;	.line	30; C:/Users/jpm/Documents/pinguino32x_windows/tools/bin/../include/pic16/digitalw.c	case 2: if (state) PORTA=PORTA | mask[output];
002758   5002     movf	0x2, 0, 0           	MOVF	r0x02, W
00275a   1003     iorwf	0x3, 0, 0          	IORWF	r0x03, W
00275c   e017     bz	0x278c                	BZ	_00115_DS_
00275e   0e86     movlw	0x86               	MOVLW	LOW(_mask)
002760   2400     addwf	0, 0, 0            	ADDWF	r0x00, W
002762   6e02     movwf	0x2, 0             	MOVWF	r0x02
002764   0e23     movlw	0x23               	MOVLW	HIGH(_mask)
002766   2001     addwfc	0x1, 0, 0         	ADDWFC	r0x01, W
002768   6e03     movwf	0x3, 0             	MOVWF	r0x03
00276a   6a04     clrf	0x4, 0              	CLRF	r0x04
00276c   be01     btfsc	0x1, 0x7, 0        	BTFSC	r0x01, 7
00276e   6804     setf	0x4, 0              	SETF	r0x04
002770   0e00     movlw	0                  	MOVLW	UPPER(_mask)
002772   2204     addwfc	0x4, 0x1, 0       	ADDWFC	r0x04, F
002774   c002     movff	0x2, 0xff6         	MOVFF	r0x02, TBLPTRL
002776   fff6
002778   c003     movff	0x3, 0xff7         	MOVFF	r0x03, TBLPTRH
00277a   fff7
00277c   c004     movff	0x4, 0xff8         	MOVFF	r0x04, TBLPTRU
00277e   fff8
002780   0009     tblrd	*+                 	TBLRD*+	
002782   cff5     movff	0xff5, 0x2         	MOVFF	TABLAT, r0x02
002784   f002
002786   5002     movf	0x2, 0, 0           	MOVF	r0x02, W
002788   1280     iorwf	0x80, 0x1, 0       	IORWF	_PORTA, F
00278a   d015     bra	0x27b6               	BRA	_00118_DS_
                                           _00115_DS_:
                                           ;	.line	31; C:/Users/jpm/Documents/pinguino32x_windows/tools/bin/../include/pic16/digitalw.c	else PORTA=PORTA & (255-mask[output]);
00278c   6a02     clrf	0x2, 0              	CLRF	r0x02
00278e   be01     btfsc	0x1, 0x7, 0        	BTFSC	r0x01, 7
002790   6802     setf	0x2, 0              	SETF	r0x02
002792   0e86     movlw	0x86               	MOVLW	LOW(_mask)
002794   2600     addwf	0, 0x1, 0          	ADDWF	r0x00, F
002796   0e23     movlw	0x23               	MOVLW	HIGH(_mask)
002798   2201     addwfc	0x1, 0x1, 0       	ADDWFC	r0x01, F
00279a   0e00     movlw	0                  	MOVLW	UPPER(_mask)
00279c   2202     addwfc	0x2, 0x1, 0       	ADDWFC	r0x02, F
00279e   c000     movff	0, 0xff6           	MOVFF	r0x00, TBLPTRL
0027a0   fff6
0027a2   c001     movff	0x1, 0xff7         	MOVFF	r0x01, TBLPTRH
0027a4   fff7
0027a6   c002     movff	0x2, 0xff8         	MOVFF	r0x02, TBLPTRU
0027a8   fff8
0027aa   0009     tblrd	*+                 	TBLRD*+	
0027ac   cff5     movff	0xff5, 0           	MOVFF	TABLAT, r0x00
0027ae   f000
0027b0   5000     movf	0, 0, 0             	MOVF	r0x00, W
0027b2   08ff     sublw	0xff               	SUBLW	0xff
                                           ; #	MOVWF	r0x00
                                           ; #	MOVF	r0x00, W
0027b4   1680     andwf	0x80, 0x1, 0       	ANDWF	_PORTA, F
                                           _00118_DS_:
                                           ;	.line	41; C:/Users/jpm/Documents/pinguino32x_windows/tools/bin/../include/pic16/digitalw.c	}
0027b6   cfe4     movff	0xfe4, 0x6         	MOVFF	PREINC1, r0x06
0027b8   f006
0027ba   cfe4     movff	0xfe4, 0x5         	MOVFF	PREINC1, r0x05
0027bc   f005
0027be   cfe4     movff	0xfe4, 0x4         	MOVFF	PREINC1, r0x04
0027c0   f004
0027c2   cfe4     movff	0xfe4, 0x3         	MOVFF	PREINC1, r0x03
0027c4   f003
0027c6   cfe4     movff	0xfe4, 0x2         	MOVFF	PREINC1, r0x02
0027c8   f002
0027ca   cfe4     movff	0xfe4, 0x1         	MOVFF	PREINC1, r0x01
0027cc   f001
0027ce   cfe4     movff	0xfe4, 0           	MOVFF	PREINC1, r0x00
0027d0   f000
0027d2   cfe4     movff	0xfe4, 0xfd9       	MOVFF	PREINC1, FSR2L
0027d4   ffd9
0027d6   0012     return	0                 	RETURN	
                                           
                                           ; ; Starting pCode block for Ival
                                           	code
                                           _mask:
002386   0201     mulwf	0x1, 0             	DB	0x01, 0x02, 0x04, 0x08, 0x10, 0x20, 0x40, 0x80, 0x40, 0x80, 0x01, 0x02
002388   0804     sublw	0x4                
00238a   2010     addwfc	0x10, 0, 0        
00238c   8040     bsf	0x40, 0, 0           
00238e   8040     bsf	0x40, 0, 0           
002390   0201     mulwf	0x1, 0             
002392   0104     movlb	0x4                	DB	0x04, 0x01, 0x02, 0x04, 0x08, 0x20
002394   0402     decf	0x2, 0, 0           
002396   2008     addwfc	0x8, 0, 0         
                                           ; ; Starting pCode block for Ival
                                           _port:
002398   0000     nop                      	DB	0x00, 0x00, 0x00, 0x00, 0x00, 0x00, 0x00, 0x00, 0x01, 0x01, 0x01, 0x01
00239a   0000     nop                      
00239c   0000     nop                      
00239e   0000     nop                      
0023a0   0101     movlb	0x1                
0023a2   0101     movlb	0x1                
0023a4   0201     mulwf	0x1, 0             	DB	0x01, 0x02, 0x02, 0x02, 0x02, 0x02
0023a6   0202     mulwf	0x2, 0             
0023a8   0202     mulwf	0x2, 0             
                                           
                                           
                                           ; Statistics:
                                           ; code size:	 1894 (0x0766) bytes ( 1.45%)
                                           ;           	  947 (0x03b3) words
                                           ; udata size:	    0 (0x0000) bytes ( 0.00%)
                                           ; access size:	    9 (0x0009) bytes
                                           
                                           
                                           	end
